19/01/15 17:06:17.138 057 W1 <D> <f:CoreApplication> starting ...........................................  
19/01/15 17:06:17.153 057 W1 <D> <f:CoreApplication> bean-info xml files
C:\Users\CP\Desktop\coreframe-web-5.0.14\out\artifacts\unnamed\WEB-INF\coreframe\service\base.xml
C:\Users\CP\Desktop\coreframe-web-5.0.14\out\artifacts\unnamed\WEB-INF\coreframe\service\adapters\dbms.xml
C:\Users\CP\Desktop\coreframe-web-5.0.14\out\artifacts\unnamed\WEB-INF\coreframe\service\adapters\file.xml
C:\Users\CP\Desktop\coreframe-web-5.0.14\out\artifacts\unnamed\WEB-INF\coreframe\service\adapters\http.xml
C:\Users\CP\Desktop\coreframe-web-5.0.14\out\artifacts\unnamed\WEB-INF\coreframe\service\adapters\java.xml
C:\Users\CP\Desktop\coreframe-web-5.0.14\out\artifacts\unnamed\WEB-INF\coreframe\service\adapters\mail.xml
C:\Users\CP\Desktop\coreframe-web-5.0.14\out\artifacts\unnamed\WEB-INF\coreframe\service\adapters\soap.xml
C:\Users\CP\Desktop\coreframe-web-5.0.14\out\artifacts\unnamed\WEB-INF\coreframe\service\web\filter.xml
C:\Users\CP\Desktop\coreframe-web-5.0.14\out\artifacts\unnamed\WEB-INF\coreframe\service\web\naming.xml
C:\Users\CP\Desktop\coreframe-web-5.0.14\out\artifacts\unnamed\WEB-INF\coreframe\service\web\security.xml
C:\Users\CP\Desktop\coreframe-web-5.0.14\out\artifacts\unnamed\WEB-INF\coreframe\service\web\servlet.xml
C:\Users\CP\Desktop\coreframe-web-5.0.14\out\artifacts\unnamed\WEB-INF\coreframe\service\web\thymeleaf.xml
C:\Users\CP\Desktop\coreframe-web-5.0.14\out\artifacts\unnamed\WEB-INF\coreframe\service\web\transform.xml
C:\Users\CP\Desktop\coreframe-web-5.0.14\out\artifacts\unnamed\WEB-INF\coreframe\service\web\web-sitemap.xml
C:\Users\CP\Desktop\coreframe-web-5.0.14\out\artifacts\unnamed\WEB-INF\coreframe\service\event\server-event-listener.xml
C:\Users\CP\Desktop\coreframe-web-5.0.14\out\artifacts\unnamed\WEB-INF\coreframe\service\schedule\schedule.xml
C:\Users\CP\Desktop\coreframe-web-5.0.14\out\artifacts\unnamed\WEB-INF\coreframe\service\apm\performance-pack.xml

19/01/15 17:06:17.285 057 W1 <D> bean-info filePath: C:\Users\CP\Desktop\coreframe-web-5.0.14\out\artifacts\unnamed\WEB-INF\coreframe\service\base.xml
  #coreframe.serviceManager	coreframe.service.ServiceManager true
  #coreframe.dbPoolService	coreframe.db.DbPoolService true
  #corelogic.connectionFactory	corelogic.adapter.BaseConnectionFactory true
  #corelogic.adapterService	corelogic.spi.management.AdapterManagementService true
19/01/15 17:06:17.293 057 W1 <D> bean-info filePath: C:\Users\CP\Desktop\coreframe-web-5.0.14\out\artifacts\unnamed\WEB-INF\coreframe\service\adapters\dbms.xml
  #adapter.dbms	corelogic.adapter.dbms.ResourceAdapterImpl true
19/01/15 17:06:17.313 057 W1 <D> bean-info filePath: C:\Users\CP\Desktop\coreframe-web-5.0.14\out\artifacts\unnamed\WEB-INF\coreframe\service\adapters\file.xml
  #adapter.file	corelogic.adapter.file.ResourceAdapterImpl true
  #adapter.file2	corelogic.adapter.file.ResourceAdapterImpl true
  #adapter.file3	corelogic.adapter.file.ResourceAdapterImpl true
19/01/15 17:06:17.321 057 W1 <D> bean-info filePath: C:\Users\CP\Desktop\coreframe-web-5.0.14\out\artifacts\unnamed\WEB-INF\coreframe\service\adapters\http.xml
  #adapter.http	corelogic.adapter.http.HttpResourceAdapter true
19/01/15 17:06:17.327 057 W1 <D> bean-info filePath: C:\Users\CP\Desktop\coreframe-web-5.0.14\out\artifacts\unnamed\WEB-INF\coreframe\service\adapters\java.xml
  #adapter.java	corelogic.adapter.java.ResourceAdapterImtpl true
19/01/15 17:06:17.332 057 W1 <D> bean-info filePath: C:\Users\CP\Desktop\coreframe-web-5.0.14\out\artifacts\unnamed\WEB-INF\coreframe\service\adapters\mail.xml
  #adapter.mail	corelogic.adapter.mail.ResourceAdapterImpl true
19/01/15 17:06:17.335 057 W1 <D> bean-info filePath: C:\Users\CP\Desktop\coreframe-web-5.0.14\out\artifacts\unnamed\WEB-INF\coreframe\service\adapters\soap.xml
  #adapter.soap	corelogic.adapter.http.HttpResourceAdapter true
19/01/15 17:06:17.337 057 W1 <D> bean-info filePath: C:\Users\CP\Desktop\coreframe-web-5.0.14\out\artifacts\unnamed\WEB-INF\coreframe\service\web\filter.xml
19/01/15 17:06:17.346 057 W1 <D> bean-info filePath: C:\Users\CP\Desktop\coreframe-web-5.0.14\out\artifacts\unnamed\WEB-INF\coreframe\service\web\naming.xml
  #coreframe.namingTemplate	coreframe.db.meta.CsvNamingTemplate true
  #coreframe.bldManager	corelogic.spi.admin.DbmsBldManager true
19/01/15 17:06:17.403 057 W1 <D> bean-info filePath: C:\Users\CP\Desktop\coreframe-web-5.0.14\out\artifacts\unnamed\WEB-INF\coreframe\service\web\security.xml
  #coreframe.webSecurityManager	coreframe.security.impl.EsapiSecurityManager true
  #coreview.defaultWebAuthorizer	coreframe.security.impl.DefaultFrameworkAdminAuthorizer true
19/01/15 17:06:17.426 057 W1 <D> bean-info filePath: C:\Users\CP\Desktop\coreframe-web-5.0.14\out\artifacts\unnamed\WEB-INF\coreframe\service\web\servlet.xml
  #corelogic.httpCommandManager	corelogic.servlet.CommandManager true
  #corelogic.BldExecutorCommand	corelogic.servlet.command.BldExecutorCommand true
  #corelogic.BldSchemaCommand	corelogic.servlet.command.BldSchemaCommand true
  #corelogic.codeGenCommand	corelogic.servlet.command.CodeGenCommand true
19/01/15 17:06:17.546 057 W1 <D> bean-info filePath: C:\Users\CP\Desktop\coreframe-web-5.0.14\out\artifacts\unnamed\WEB-INF\coreframe\service\web\thymeleaf.xml
  #thymeleaf	coreview.thymeleaf.ThymeleafViewTemplateEngine true
19/01/15 17:06:17.715 057 W1 <D> bean-info filePath: C:\Users\CP\Desktop\coreframe-web-5.0.14\out\artifacts\unnamed\WEB-INF\coreframe\service\web\transform.xml
  #transform.xml	corelogic.transform.impl.XmlTransformerImpl false
  #transform.soap	corelogic.transform.impl.SoapTransformerImpl false
  #transform.json	corelogic.transform.impl.JSONTransformerImpl false
  #transform.htm	corelogic.transform.impl.HtmlTransformerImpl false
  #transform.html	corelogic.transform.impl.HtmlTransformerImpl false
  #transform.xhtml	corelogic.transform.impl.XhtmlTransformerImpl false
  #transform.cvs	corelogic.transform.impl.CommaTransformerImpl false
  #transform.txt	corelogic.transform.impl.TabSplitTextTransformerImpl false
  #transform.binary	corelogic.transform.impl.BinaryTransformerImpl false
  #schemaTransform.xml	corelogic.transform.schema.impl.XmlSchemaTransformer true
  #schemaTransform.xsd	corelogic.transform.schema.impl.XsdSchemaTransformer true
  #schemaTransform.wsdl	corelogic.transform.schema.impl.WsdlSchemaTransformer true
  #schemaTransform.json	corelogic.transform.schema.impl.JSONSchemaTransformer true
  #corelogic.sourceGenerator.jsp	corelogic.transform.sourcecode.impl.JspSourceGenerator true
  #corelogic.sourceGenerator.jstl	corelogic.transform.sourcecode.impl.JstlSourceGenerator true
  #corelogic.sourceGenerator.ajax	corelogic.transform.sourcecode.impl.AjaxSourceGenerator true
19/01/15 17:06:17.782 057 W1 <D> bean-info filePath: C:\Users\CP\Desktop\coreframe-web-5.0.14\out\artifacts\unnamed\WEB-INF\coreframe\service\web\web-sitemap.xml
  #coreview.layout.dao	coreview.layout.dao.XmlFileDao true
  #coreview.menuDao	coreview.menu.dao.XmlMenuDao true
  #coreview.layout.layoutMgr	coreview.layout.LayoutManager true
  #coreview.menuMgr	coreview.menu.bean.MenuMgrBean true
  #coreview.WebsiteManagementService	coreview.WebsiteManagementService true
  #coreview.WebPagePublisher	coreview.menu.WebPagePublisher true
  #coreview.urlRouteService	coreview.route.impl.RESTfulRouteService true
  #coreview.ElementManagerService	coreview.layout.element.impl.ElementManagerServiceImpl true
  #service.less.lessCompileService	coreframe.service.less.LessService true
19/01/15 17:06:17.790 057 W1 <D> bean-info filePath: C:\Users\CP\Desktop\coreframe-web-5.0.14\out\artifacts\unnamed\WEB-INF\coreframe\service\event\server-event-listener.xml
  #coreframe.eventManager	coreframe.service.event.FrameworkEventManagerImpl true
  #coreframe.event.webpageAccess	coreframe.service.event.listener.WebpageAccessEventListener true
19/01/15 17:06:17.790 057 W1 <D> bean-info filePath: C:\Users\CP\Desktop\coreframe-web-5.0.14\out\artifacts\unnamed\WEB-INF\coreframe\service\schedule\schedule.xml
  #corelogic.ScheduleService	corelogic.schedule.ScheduleService true
19/01/15 17:06:17.806 057 W1 <D> bean-info filePath: C:\Users\CP\Desktop\coreframe-web-5.0.14\out\artifacts\unnamed\WEB-INF\coreframe\service\apm\performance-pack.xml
  #coreframe.service.performance	coreframe.service.performance.PerformanceMonitorService true
  #coreframe.event.listener.chkPerform	coreframe.service.event.listener.PerformanceCheckListener true
  #coreframe.event.listener.chkPerformBld	coreframe.service.event.listener.BldProcessEventListener true
  #coreframe.event.processDelay	coreframe.service.event.listener.ProcessDelayEventListener true
  #coreframe.event.listener.webpageError	coreframe.service.event.listener.WebpageErrorEventListener true
  #coreframe.event.sessionMonitor	coreframe.service.monitor.WebuserCounter true19/01/15 17:06:17.112 057 W1 <S> <f:CoreApplication> coreFRAME 5.0.266
19/01/15 17:06:17.138 057 W1 <S> <f:CoreApplication> coreFRAME jar:file:/C:/Users/CP/Desktop/coreframe-web-5.0.14/out/artifacts/unnamed/WEB-INF/lib/coreframe-core-5.0.20.jar!/coreframe/CoreApplication.class
19/01/15 17:06:17.155 057 W1 <S> * coreFRAME thread pool number:10
19/01/15 17:06:17.155 057 W1 <S> <f:CoreApplication> beanFactory:coreframe.beans.DefaultBeanFactory

19/01/15 17:06:17.837 057 W1 <D> <f:FrameworkEventManager> scope:cf:webuserWebpageError class:coreframe.service.event.listener.WebpageErrorEventListener
19/01/15 17:06:17.837 057 W1 <D> <f:FrameworkEventManager> scope:cf:webuserWebpageAccess class:coreframe.service.event.listener.PerformanceCheckListener
19/01/15 17:06:19.180 057 W1 <D> <f:FrameworkEventManager> scope:cf:corelogicBldProcess class:coreframe.service.event.listener.BldProcessEventListener
19/01/15 17:06:19.172 057 W1 <I> <l:AdapterManagementService> regist adapter : file-reader-binary
19/01/15 17:06:19.217 057 W1 <I> <l:AdapterManagementService> regist adapter : soap
19/01/15 17:06:19.218 057 W1 <I> <f:EsapiSecurityManager> set homeDir [org.owasp.esapi.resources]C:\Users\CP\Desktop\coreframe-web-5.0.14\out\artifacts\unnamed\WEB-INF\coreframe\security
19/01/15 17:06:19.354 057 W1 <I> <f:EsapiSecurityManager> skipUrlRegExp:/apps/admin
19/01/15 17:06:17.884 057 W1 <S> <f:ServiceManager> regist service:PerformanceMonitorService
19/01/15 17:06:19.125 057 W1 <S> <f:ServiceManager> regist service:ScheduleService
19/01/15 17:06:19.172 057 W1 <S> <f:ServiceManager> regist service:businessLogicService
19/01/15 17:06:19.370 057 W1 <S> <f:ServiceManager> regist service:LessService
19/01/15 17:06:19.385 057 W1 <S> <f:ServiceManager> regist service:DbPooling Service
19/01/15 17:06:19.376 057 W1 <I> <l:AdapterManagementService> regist adapter : http
19/01/15 17:06:19.377 057 W1 <I> <l:AdapterManagementService> regist adapter : file-reader
19/01/15 17:06:19.377 057 W1 <I> <l:AdapterManagementService> regist adapter : file-writer
19/01/15 17:06:19.402 057 W1 <I> corelogic.adapter.dbms.ProcessorFactoryImpl instance create
19/01/15 17:06:19.418 057 W1 <I> <l:AdapterManagementService> regist adapter : dbms
19/01/15 17:06:19.387 057 W1 <S> <f:ServiceManager> regist service:ElementManagerServiceImpl
19/01/15 17:06:19.418 057 W1 <S> <f:ServiceManager> regist service:WebPagePublisher
19/01/15 17:06:19.418 057 W1 <S> <f:ServiceManager> regist service:WebsiteManagementService
19/01/15 17:06:19.449 057 W1 <S> <f:ServiceManager> regist service:RESTfulRouteService
19/01/15 17:06:19.465 057 W1 <S> <f:CoreApplication> supportJTA:false use JdbcTransaction
19/01/15 17:06:19.185 057 W1 <D> <f:FrameworkEventManager> scope:cf:webuserSessionCreate class:coreframe.service.monitor.WebuserCounter
19/01/15 17:06:19.185 057 W1 <D> <f:FrameworkEventManager> scope:cf:webuserSessionDestory class:coreframe.service.monitor.WebuserCounter
19/01/15 17:06:19.197 057 W1 <D> <f:FrameworkEventManager> scope:cf:webuserProcessDelay class:coreframe.service.event.listener.ProcessDelayEventListener
19/01/15 17:06:19.433 057 W1 <I> <l:AdapterManagementService> regist adapter : java
19/01/15 17:06:19.465 057 W1 <I> <l:AdapterManagementService> regist adapter : mail
19/01/15 17:06:19.480 057 W1 <I> <f:ConnectionManager>  use default url:member
19/01/15 17:06:20.480 057 W1 <I> <f:DbPoolService> connection test OK:member
19/01/15 17:06:20.480 057 W1 <I> <l:BLContextFactory> check_interval_time:1000
19/01/15 17:06:20.480 057 W1 <I> <l:BLContextFactory> initLoadBldMode:normal
19/01/15 17:06:20.480 057 W1 <I> <l:BLContextFactory> load schema root dir : C:\Users\CP\Desktop\coreframe-web-5.0.14\out\artifacts\unnamed\WEB-INF\coreframe\bld
19/01/15 17:06:20.480 057 W1 <I> <l:AdapterManagementService> adapter start : file-writer
19/01/15 17:06:20.480 057 W1 <I> <l:AdapterManagementService> adapter start : java
19/01/15 17:06:20.480 057 W1 <I> <adapter> Java adapter start
19/01/15 17:06:20.480 057 W1 <I> <l:AdapterManagementService> adapter start : file-reader-binary
19/01/15 17:06:20.480 057 W1 <I> <l:AdapterManagementService> adapter start : mail
19/01/15 17:06:20.480 057 W1 <I> <adapter> Mail adapter start
19/01/15 17:06:20.480 057 W1 <I> <l:AdapterManagementService> adapter start : file-reader
19/01/15 17:06:20.480 057 W1 <I> <l:AdapterManagementService> adapter start : http
19/01/15 17:06:20.480 057 W1 <I> <adapter> Http adapter start
19/01/15 17:06:20.480 057 W1 <I> <l:AdapterManagementService> adapter start : dbms
19/01/15 17:06:20.480 057 W1 <I> <adapter> DBMS adapter start
19/01/15 17:06:20.480 057 W1 <I> <l:AdapterManagementService> adapter start : soap
19/01/15 17:06:20.480 057 W1 <I> <adapter> Http adapter start
19/01/15 17:06:20.496 057 W1 <I> <t:XmlFileDao> regist [default] /templets/default/templet.jsp
19/01/15 17:06:20.496 057 W1 <I> <t:XmlFileDao> regist [admin] /templets/admin/templet.jsp
19/01/15 17:06:20.496 057 W1 <I> <t:XmlFileDao> regist [mobile] /templets/mobile/templet.jsp
19/01/15 17:06:19.480 057 W1 <D> <f:ConnectionManager> jdbc:oracle:thin:@localhost:1521:xe : oracle.jdbc.driver.OracleDriver
19/01/15 17:06:20.480 057 W1 <D> <f:ConnectionManager> getConnection [JDBC] jdbc:oracle:thin:@localhost:1521:xe oracle.jdbc.driver.T4CConnection@211d1c9e
19/01/15 17:06:20.512 057 W1 <D> <t:MenuMgrBean> 초기화  documentRoot:C:\Users\CP\Desktop\coreframe-web-5.0.14\out\artifacts\unnamed\
19/01/15 17:06:20.512 057 W1 <D> <t:MenuMgrBean> 초기화  contextPath:
19/01/15 17:06:20.496 057 W1 <I> <t:XmlFileDao> regist [advance] /templets/default/templet.jsp
19/01/15 17:06:20.496 057 W1 <I> <t:XmlFileDao> regist [no-apply] null
19/01/15 17:06:20.496 057 W1 <I> <t:XmlFileDao> regist [wts] /WEB-APP/wts/templets/desktop/templet.jsp
19/01/15 17:06:20.496 057 W1 <I> <t:XmlFileDao> regist [pub] /templets/pub/pcTemplet.jsp
19/01/15 17:06:20.496 057 W1 <I> <t:XmlFileDao> regist [builder] /WEB-APP/builder/templets/pcUtestTemplet.jsp
19/01/15 17:06:19.465 057 W1 <S> <f:CoreApplication> init - complete
19/01/15 17:06:20.480 057 W1 <S> <f:ServiceManager> start service:DbPooling Service
19/01/15 17:06:20.480 057 W1 <S> <l:AdapterManagementService> regist adapter count 8
19/01/15 17:06:20.480 057 W1 <S> <f:ServiceManager> start service:businessLogicService
19/01/15 17:06:20.574 057 W1 <S> <f:ServiceManager> start service:WebsiteManagementService
19/01/15 17:06:20.574 057 W1 <S> <f:ServiceManager> start service:PerformanceMonitorService19/01/15 17:06:20.512 057 W1 <I> <t:MenuMgrBean> Menu DAO class : coreview.menu.dao.XmlMenuDao
19/01/15 17:06:20.512 057 W1 <I> <t:XmlMenuDao> load menu dir:C:\Users\CP\Desktop\coreframe-web-5.0.14\out\artifacts\unnamed\WEB-INF\coreframe name:sitemap.xml
19/01/15 17:06:20.512 057 W1 <I> LOADING MENU ITEM .............................
19/01/15 17:06:20.574 057 W1 <I> <t:XmlMenuDao> load menu info sucess. loadtime:62
19/01/15 17:06:20.512 057 W1 <D> <t:MenuMgrBean> 초기화  isReload:true
19/01/15 17:06:20.637 057 W1 <D> <v:ElementManagerService> regist element:calendar
19/01/15 17:06:20.637 057 W1 <D> <v:ElementManagerService> regist element:chart
19/01/15 17:06:20.637 057 W1 <D> <v:ElementManagerService> regist element:coreframe-client
19/01/15 17:06:20.637 057 W1 <D> <v:ElementManagerService> regist element:data-bind
19/01/15 17:06:20.637 057 W1 <D> <v:ElementManagerService> regist element:chart_comm
19/01/15 17:06:20.637 057 W1 <D> <v:ElementManagerService> regist element:chart
19/01/15 17:06:20.637 057 W1 <D> <v:ElementManagerService> regist element:grid
19/01/15 17:06:20.637 057 W1 <D> <v:ElementManagerService> regist element:tab.pc
19/01/15 17:06:20.637 057 W1 <D> <v:ElementManagerService> regist element:tab.mobile
19/01/15 17:06:20.637 057 W1 <D> <v:ElementManagerService> regist element:tab.tablet
19/01/15 17:06:20.637 057 W1 <D> <v:ElementManagerService> regist element:dialog.pc
19/01/15 17:06:20.637 057 W1 <D> <v:ElementManagerService> regist element:dialog.tablet
19/01/15 17:06:20.637 057 W1 <D> <v:ElementManagerService> regist element:dialog.mobile
19/01/15 17:06:20.637 057 W1 <D> <v:ElementManagerService> regist element:websocket.pc
19/01/15 17:06:20.637 057 W1 <D> <v:ElementManagerService> regist element:websocket.mobile
19/01/15 17:06:20.637 057 W1 <D> <v:ElementManagerService> regist element:websocket.tablet
19/01/15 17:06:20.637 057 W1 <D> <v:ElementManagerService> regist element:websocket.tablet-low
19/01/15 17:06:20.637 057 W1 <D> <v:ElementManagerService> regist element:jquery
19/01/15 17:06:20.637 057 W1 <D> <v:ElementManagerService> regist element:bootstrap
19/01/15 17:06:20.652 057 W1 <D> <v:ElementManagerService> regist element:codemirror
19/01/15 17:06:20.652 057 W1 <D> <v:ElementManagerService> regist element:hammer
19/01/15 17:06:20.652 057 W1 <D> <v:ElementManagerService> regist element:less
19/01/15 17:06:20.652 057 W1 <D> <v:ElementManagerService> regist element:underscore
19/01/15 17:06:20.652 057 W1 <D> <v:ElementManagerService> regist element:getDevice.pc
19/01/15 17:06:20.652 057 W1 <D> <v:ElementManagerService> regist element:getDevice.mobile
19/01/15 17:06:20.652 057 W1 <D> <v:ElementManagerService> regist element:getDevice.tablet
19/01/15 17:06:20.652 057 W1 <D> <v:ElementManagerService> regist element:getDevice.tablet-low
19/01/15 17:06:20.590 057 W1 <I> <v:RESTfulRouteService> REG C:\Users\CP\Desktop\coreframe-web-5.0.14\out\artifacts\unnamed\WEB-INF\coreframe\web\url-route\admin.xml
19/01/15 17:06:20.605 057 W1 <I> <v:RESTfulRouteService> REG C:\Users\CP\Desktop\coreframe-web-5.0.14\out\artifacts\unnamed\WEB-INF\coreframe\web\url-route\sample.xml
19/01/15 17:06:20.652 057 W1 <I> <v:ElementManagerService> load element info
19/01/15 17:06:20.678 057 W1 <I> * coreFRAME Property Information 
 * BLD_ROOT_DIRECTORY
	C:\Users\CP\Desktop\coreframe-web-5.0.14\out\artifacts\unnamed\WEB-INF\coreframe\bld
 * SERVLET_CONTEXT_EVENT
	javax.servlet.ServletContextEvent[source=org.apache.catalina.core.ApplicationContextFacade@6ffd0fe0]
 * FRAMEWORK_LOADTIME
	2019-01-15 17:06:20
 * WEB_CONTEXT_NAME
	
 * class.dynamic.value
	4
 * COREFRAME_CONFIG_HOME
	C:\Users\CP\Desktop\coreframe-web-5.0.14\out\artifacts\unnamed\WEB-INF\coreframe
 * target.encoding
	utf-8
 * COREFRAME_CONFIG_FILE
	C:\Users\CP\Desktop\coreframe-web-5.0.14\out\artifacts\unnamed\WEB-INF\coreframe\config.xml
 * WEB_DOCUMENT_ROOT
	C:\Users\CP\Desktop\coreframe-web-5.0.14\out\artifacts\unnamed\
 * domain.name
	http://yourdomainname.com
 * WEBAPP_HOME_DIRS
	[]
19/01/15 17:06:20.605 057 W1 <S> <f:ServiceManager> start service:RESTfulRouteService
19/01/15 17:06:20.668 057 W1 <S> <f:ServiceManager> start service:ElementManagerServiceImpl
19/01/15 17:06:20.668 057 W1 <S> <f:ServiceManager> running CoreService :6
19/01/15 17:06:20.676 057 W1 <S> <f:ServiceManager> running Service(UserService) :3
19/01/15 17:06:20.677 057 W1 <S> <f:CoreApplication> startService - complete
19/01/15 17:06:20.678 057 W1 <S> coreFRAME complete startup process. Version:5.0.266
19/01/15 17:06:20.668 057 W1 <D> <f:FrameworkEventManager> scope:cf:serverStart class:corelogic.schedule.ScheduleService
19/01/15 17:06:20.678 057 W1 <D> **********************************************************
19/01/15 17:06:20.678 057 W1 <D> **********************************************************
19/01/15 17:06:20.835 079 W1 <D> <LessService> LessServiceStart! 1 less files. [encoding : UTF-8] [initCompile : false] [reloadCheckTimeSec : 2][compress : false]
19/01/15 17:06:20.835 079 W1 <D> <LessService> envJsPath   : C:\Users\CP\Desktop\coreframe-web-5.0.14\out\artifacts\unnamed\/WEB-INF/coreframe/service/web/env.rhino.js
19/01/15 17:06:20.835 079 W1 <D> <LessService> lessJsPath  : C:\Users\CP\Desktop\coreframe-web-5.0.14\out\artifacts\unnamed\/WEB-APP/webponent/thirdParty/less/less-1.3.3.min.js
19/01/15 17:06:20.891 079 W1 <D> <LessService> C:\Users\CP\Desktop\coreframe-web-5.0.14\out\artifacts\unnamed\WEB-APP\webponent\thirdParty\less\library.less

19/01/15 17:06:20.683 057 W1 <I> <t:UIFilter> exclude-dir:/templets
19/01/15 17:06:20.683 057 W1 <I> <t:UIFilter> Command 구현객체 미지정
19/01/15 17:06:20.683 057 W1 <I> <t:UIFilter> compactHTML:false
19/01/15 17:06:20.683 057 W1 <I> <t:UIFilter> layout DAO:coreview.layout.LayoutManager
19/01/15 17:06:20.725 081 W1 <I> <ScheduleService> crontab file:C:\Users\CP\Desktop\coreframe-web-5.0.14\out\artifacts\unnamed\WEB-INF\coreframe/service/schedule/crontab.txt
19/01/15 17:07:21.238 030 W1 <I> <Compiler> source : ioprocess.C_member_insert_member.java
19/01/15 17:07:21.254 030 W1 <I> <f:ScriptContext> classpath:C:\Users\CP\Downloads\apache-tomcat-8.5.34\apache-tomcat-8.5.34\bin\bootstrap.jar;C:\Users\CP\Downloads\apache-tomcat-8.5.34\apache-tomcat-8.5.34\bin\tomcat-juli.jar;C:\Users\CP\Desktop\coreframe-web-5.0.14\out\artifacts\unnamed\WEB-INF\lib\antisamy-1.4.3.jar;C:\Users\CP\Desktop\coreframe-web-5.0.14\out\artifacts\unnamed\WEB-INF\lib\avalon-framework-4.1.3.jar;C:\Users\CP\Desktop\coreframe-web-5.0.14\out\artifacts\unnamed\WEB-INF\lib\batik-css-1.7.jar;C:\Users\CP\Desktop\coreframe-web-5.0.14\out\artifacts\unnamed\WEB-INF\lib\batik-ext-1.7.jar;C:\Users\CP\Desktop\coreframe-web-5.0.14\out\artifacts\unnamed\WEB-INF\lib\batik-util-1.7.jar;C:\Users\CP\Desktop\coreframe-web-5.0.14\out\artifacts\unnamed\WEB-INF\lib\bsh-core-2.0b4.jar;C:\Users\CP\Desktop\coreframe-web-5.0.14\out\artifacts\unnamed\WEB-INF\lib\closure-compiler-r1055-jdk15.jar;C:\Users\CP\Desktop\coreframe-web-5.0.14\out\artifacts\unnamed\WEB-INF\lib\commons-beanutils-1.9.2.jar;C:\Users\CP\Desktop\coreframe-web-5.0.14\out\artifacts\unnamed\WEB-INF\lib\commons-beanutils-core-1.7.0.jar;C:\Users\CP\Desktop\coreframe-web-5.0.14\out\artifacts\unnamed\WEB-INF\lib\commons-codec-1.2.jar;C:\Users\CP\Desktop\coreframe-web-5.0.14\out\artifacts\unnamed\WEB-INF\lib\commons-collections-3.2.jar;C:\Users\CP\Desktop\coreframe-web-5.0.14\out\artifacts\unnamed\WEB-INF\lib\commons-configuration-1.5.jar;C:\Users\CP\Desktop\coreframe-web-5.0.14\out\artifacts\unnamed\WEB-INF\lib\commons-digester-1.8.1.jar;C:\Users\CP\Desktop\coreframe-web-5.0.14\out\artifacts\unnamed\WEB-INF\lib\commons-fileupload-1.2.jar;C:\Users\CP\Desktop\coreframe-web-5.0.14\out\artifacts\unnamed\WEB-INF\lib\commons-httpclient-3.1.jar;C:\Users\CP\Desktop\coreframe-web-5.0.14\out\artifacts\unnamed\WEB-INF\lib\commons-lang-2.3.jar;C:\Users\CP\Desktop\coreframe-web-5.0.14\out\artifacts\unnamed\WEB-INF\lib\commons-logging-1.1.jar;C:\Users\CP\Desktop\coreframe-web-5.0.14\out\artifacts\unnamed\WEB-INF\lib\commons-validator-1.5.1.jar;C:\Users\CP\Desktop\coreframe-web-5.0.14\out\artifacts\unnamed\WEB-INF\lib\concurrent-1.0.jar;C:\Users\CP\Desktop\coreframe-web-5.0.14\out\artifacts\unnamed\WEB-INF\lib\coreframe-core-5.0.20.jar;C:\Users\CP\Desktop\coreframe-web-5.0.14\out\artifacts\unnamed\WEB-INF\lib\cos.jar;C:\Users\CP\Desktop\coreframe-web-5.0.14\out\artifacts\unnamed\WEB-INF\lib\derby-10.11.1.1.jar;C:\Users\CP\Desktop\coreframe-web-5.0.14\out\artifacts\unnamed\WEB-INF\lib\derbynet-10.11.1.1.jar;C:\Users\CP\Desktop\coreframe-web-5.0.14\out\artifacts\unnamed\WEB-INF\lib\dom4j-1.6.1.jar;C:\Users\CP\Desktop\coreframe-web-5.0.14\out\artifacts\unnamed\WEB-INF\lib\esapi-2.0.1.jar;C:\Users\CP\Desktop\coreframe-web-5.0.14\out\artifacts\unnamed\WEB-INF\lib\javassist-3.16.1-GA.jar;C:\Users\CP\Desktop\coreframe-web-5.0.14\out\artifacts\unnamed\WEB-INF\lib\jaxen-1.1-beta-8.jar;C:\Users\CP\Desktop\coreframe-web-5.0.14\out\artifacts\unnamed\WEB-INF\lib\jcs-1.3.jar;C:\Users\CP\Desktop\coreframe-web-5.0.14\out\artifacts\unnamed\WEB-INF\lib\jdom-1.0.jar;C:\Users\CP\Desktop\coreframe-web-5.0.14\out\artifacts\unnamed\WEB-INF\lib\js-15-1.7R4.jar;C:\Users\CP\Desktop\coreframe-web-5.0.14\out\artifacts\unnamed\WEB-INF\lib\jstl-1.1.2.jar;C:\Users\CP\Desktop\coreframe-web-5.0.14\out\artifacts\unnamed\WEB-INF\lib\jtidy-r938.jar;C:\Users\CP\Desktop\coreframe-web-5.0.14\out\artifacts\unnamed\WEB-INF\lib\log4j-1.2.16.jar;C:\Users\CP\Desktop\coreframe-web-5.0.14\out\artifacts\unnamed\WEB-INF\lib\logkit-1.0.1.jar;C:\Users\CP\Desktop\coreframe-web-5.0.14\out\artifacts\unnamed\WEB-INF\lib\lucene-analyzers-common-4.0.0-BETA.jar;C:\Users\CP\Desktop\coreframe-web-5.0.14\out\artifacts\unnamed\WEB-INF\lib\lucene-core-3.6.2.jar;C:\Users\CP\Desktop\coreframe-web-5.0.14\out\artifacts\unnamed\WEB-INF\lib\mysql-connector-java-5.1.6.jar;C:\Users\CP\Desktop\coreframe-web-5.0.14\out\artifacts\unnamed\WEB-INF\lib\nekohtml-1.9.12.jar;C:\Users\CP\Desktop\coreframe-web-5.0.14\out\artifacts\unnamed\WEB-INF\lib\netty-3.6.6.Final.jar;C:\Users\CP\Desktop\coreframe-web-5.0.14\out\artifacts\unnamed\WEB-INF\lib\ognl-3.0.8.jar;C:\Users\CP\Desktop\coreframe-web-5.0.14\out\artifacts\unnamed\WEB-INF\lib\ojdbc14-10.2.0.2.1.jar;C:\Users\CP\Desktop\coreframe-web-5.0.14\out\artifacts\unnamed\WEB-INF\lib\servlet-api-2.3.jar;C:\Users\CP\Desktop\coreframe-web-5.0.14\out\artifacts\unnamed\WEB-INF\lib\slf4j-api-1.6.6.jar;C:\Users\CP\Desktop\coreframe-web-5.0.14\out\artifacts\unnamed\WEB-INF\lib\standard-1.1.2.jar;C:\Users\CP\Desktop\coreframe-web-5.0.14\out\artifacts\unnamed\WEB-INF\lib\thymeleaf-2.1.5.RELEASE.jar;C:\Users\CP\Desktop\coreframe-web-5.0.14\out\artifacts\unnamed\WEB-INF\lib\unbescape-1.1.0.RELEASE.jar;C:\Users\CP\Desktop\coreframe-web-5.0.14\out\artifacts\unnamed\WEB-INF\lib\xalan-2.7.0.jar;C:\Users\CP\Desktop\coreframe-web-5.0.14\out\artifacts\unnamed\WEB-INF\lib\xercesImpl-2.6.2.jar;C:\Users\CP\Desktop\coreframe-web-5.0.14\out\artifacts\unnamed\WEB-INF\lib\xml-apis-1.0.b2.jar;C:\Users\CP\Desktop\coreframe-web-5.0.14\out\artifacts\unnamed\WEB-INF\lib\xml-apis-ext-1.3.04.jar;C:\Users\CP\Desktop\coreframe-web-5.0.14\out\artifacts\unnamed\WEB-INF\lib\xmlParserAPIs-2.6.2.jar;C:\Users\CP\Desktop\coreframe-web-5.0.14\out\artifacts\unnamed\WEB-INF\lib\xom-1.1.jar;C:\Users\CP\Desktop\coreframe-web-5.0.14\out\artifacts\unnamed\WEB-INF\classes;C:/Users/CP/Desktop/coreframe-web-5.0.14/out/artifacts/unnamed/WEB-INF/lib/coreframe-core-5.0.20.jar
19/01/15 17:07:21.254 030 W1 <I> <Script Compiler> compile ...........................>
C:\Users\CP\Desktop\coreframe-web-5.0.14\out\artifacts\unnamed\WEB-INF\coreframe/_work/gen_java\C_member_insert_member.java
19/01/15 17:07:21.254 030 W1 <I> <JavaCompiler> BLD[/member/insert_member] compile
javac -encoding utf-8 -classpath C:\Users\CP\Downloads\apache-tomcat-8.5.34\apache-tomcat-8.5.34\bin\bootstrap.jar;C:\Users\CP\Downloads\apache-tomcat-8.5.34\apache-tomcat-8.5.34\bin\tomcat-juli.jar;C:\Users\CP\Desktop\coreframe-web-5.0.14\out\artifacts\unnamed\WEB-INF\lib\antisamy-1.4.3.jar;C:\Users\CP\Desktop\coreframe-web-5.0.14\out\artifacts\unnamed\WEB-INF\lib\avalon-framework-4.1.3.jar;C:\Users\CP\Desktop\coreframe-web-5.0.14\out\artifacts\unnamed\WEB-INF\lib\batik-css-1.7.jar;C:\Users\CP\Desktop\coreframe-web-5.0.14\out\artifacts\unnamed\WEB-INF\lib\batik-ext-1.7.jar;C:\Users\CP\Desktop\coreframe-web-5.0.14\out\artifacts\unnamed\WEB-INF\lib\batik-util-1.7.jar;C:\Users\CP\Desktop\coreframe-web-5.0.14\out\artifacts\unnamed\WEB-INF\lib\bsh-core-2.0b4.jar;C:\Users\CP\Desktop\coreframe-web-5.0.14\out\artifacts\unnamed\WEB-INF\lib\closure-compiler-r1055-jdk15.jar;C:\Users\CP\Desktop\coreframe-web-5.0.14\out\artifacts\unnamed\WEB-INF\lib\commons-beanutils-1.9.2.jar;C:\Users\CP\Desktop\coreframe-web-5.0.14\out\artifacts\unnamed\WEB-INF\lib\commons-beanutils-core-1.7.0.jar;C:\Users\CP\Desktop\coreframe-web-5.0.14\out\artifacts\unnamed\WEB-INF\lib\commons-codec-1.2.jar;C:\Users\CP\Desktop\coreframe-web-5.0.14\out\artifacts\unnamed\WEB-INF\lib\commons-collections-3.2.jar;C:\Users\CP\Desktop\coreframe-web-5.0.14\out\artifacts\unnamed\WEB-INF\lib\commons-configuration-1.5.jar;C:\Users\CP\Desktop\coreframe-web-5.0.14\out\artifacts\unnamed\WEB-INF\lib\commons-digester-1.8.1.jar;C:\Users\CP\Desktop\coreframe-web-5.0.14\out\artifacts\unnamed\WEB-INF\lib\commons-fileupload-1.2.jar;C:\Users\CP\Desktop\coreframe-web-5.0.14\out\artifacts\unnamed\WEB-INF\lib\commons-httpclient-3.1.jar;C:\Users\CP\Desktop\coreframe-web-5.0.14\out\artifacts\unnamed\WEB-INF\lib\commons-lang-2.3.jar;C:\Users\CP\Desktop\coreframe-web-5.0.14\out\artifacts\unnamed\WEB-INF\lib\commons-logging-1.1.jar;C:\Users\CP\Desktop\coreframe-web-5.0.14\out\artifacts\unnamed\WEB-INF\lib\commons-validator-1.5.1.jar;C:\Users\CP\Desktop\coreframe-web-5.0.14\out\artifacts\unnamed\WEB-INF\lib\concurrent-1.0.jar;C:\Users\CP\Desktop\coreframe-web-5.0.14\out\artifacts\unnamed\WEB-INF\lib\coreframe-core-5.0.20.jar;C:\Users\CP\Desktop\coreframe-web-5.0.14\out\artifacts\unnamed\WEB-INF\lib\cos.jar;C:\Users\CP\Desktop\coreframe-web-5.0.14\out\artifacts\unnamed\WEB-INF\lib\derby-10.11.1.1.jar;C:\Users\CP\Desktop\coreframe-web-5.0.14\out\artifacts\unnamed\WEB-INF\lib\derbynet-10.11.1.1.jar;C:\Users\CP\Desktop\coreframe-web-5.0.14\out\artifacts\unnamed\WEB-INF\lib\dom4j-1.6.1.jar;C:\Users\CP\Desktop\coreframe-web-5.0.14\out\artifacts\unnamed\WEB-INF\lib\esapi-2.0.1.jar;C:\Users\CP\Desktop\coreframe-web-5.0.14\out\artifacts\unnamed\WEB-INF\lib\javassist-3.16.1-GA.jar;C:\Users\CP\Desktop\coreframe-web-5.0.14\out\artifacts\unnamed\WEB-INF\lib\jaxen-1.1-beta-8.jar;C:\Users\CP\Desktop\coreframe-web-5.0.14\out\artifacts\unnamed\WEB-INF\lib\jcs-1.3.jar;C:\Users\CP\Desktop\coreframe-web-5.0.14\out\artifacts\unnamed\WEB-INF\lib\jdom-1.0.jar;C:\Users\CP\Desktop\coreframe-web-5.0.14\out\artifacts\unnamed\WEB-INF\lib\js-15-1.7R4.jar;C:\Users\CP\Desktop\coreframe-web-5.0.14\out\artifacts\unnamed\WEB-INF\lib\jstl-1.1.2.jar;C:\Users\CP\Desktop\coreframe-web-5.0.14\out\artifacts\unnamed\WEB-INF\lib\jtidy-r938.jar;C:\Users\CP\Desktop\coreframe-web-5.0.14\out\artifacts\unnamed\WEB-INF\lib\log4j-1.2.16.jar;C:\Users\CP\Desktop\coreframe-web-5.0.14\out\artifacts\unnamed\WEB-INF\lib\logkit-1.0.1.jar;C:\Users\CP\Desktop\coreframe-web-5.0.14\out\artifacts\unnamed\WEB-INF\lib\lucene-analyzers-common-4.0.0-BETA.jar;C:\Users\CP\Desktop\coreframe-web-5.0.14\out\artifacts\unnamed\WEB-INF\lib\lucene-core-3.6.2.jar;C:\Users\CP\Desktop\coreframe-web-5.0.14\out\artifacts\unnamed\WEB-INF\lib\mysql-connector-java-5.1.6.jar;C:\Users\CP\Desktop\coreframe-web-5.0.14\out\artifacts\unnamed\WEB-INF\lib\nekohtml-1.9.12.jar;C:\Users\CP\Desktop\coreframe-web-5.0.14\out\artifacts\unnamed\WEB-INF\lib\netty-3.6.6.Final.jar;C:\Users\CP\Desktop\coreframe-web-5.0.14\out\artifacts\unnamed\WEB-INF\lib\ognl-3.0.8.jar;C:\Users\CP\Desktop\coreframe-web-5.0.14\out\artifacts\unnamed\WEB-INF\lib\ojdbc14-10.2.0.2.1.jar;C:\Users\CP\Desktop\coreframe-web-5.0.14\out\artifacts\unnamed\WEB-INF\lib\servlet-api-2.3.jar;C:\Users\CP\Desktop\coreframe-web-5.0.14\out\artifacts\unnamed\WEB-INF\lib\slf4j-api-1.6.6.jar;C:\Users\CP\Desktop\coreframe-web-5.0.14\out\artifacts\unnamed\WEB-INF\lib\standard-1.1.2.jar;C:\Users\CP\Desktop\coreframe-web-5.0.14\out\artifacts\unnamed\WEB-INF\lib\thymeleaf-2.1.5.RELEASE.jar;C:\Users\CP\Desktop\coreframe-web-5.0.14\out\artifacts\unnamed\WEB-INF\lib\unbescape-1.1.0.RELEASE.jar;C:\Users\CP\Desktop\coreframe-web-5.0.14\out\artifacts\unnamed\WEB-INF\lib\xalan-2.7.0.jar;C:\Users\CP\Desktop\coreframe-web-5.0.14\out\artifacts\unnamed\WEB-INF\lib\xercesImpl-2.6.2.jar;C:\Users\CP\Desktop\coreframe-web-5.0.14\out\artifacts\unnamed\WEB-INF\lib\xml-apis-1.0.b2.jar;C:\Users\CP\Desktop\coreframe-web-5.0.14\out\artifacts\unnamed\WEB-INF\lib\xml-apis-ext-1.3.04.jar;C:\Users\CP\Desktop\coreframe-web-5.0.14\out\artifacts\unnamed\WEB-INF\lib\xmlParserAPIs-2.6.2.jar;C:\Users\CP\Desktop\coreframe-web-5.0.14\out\artifacts\unnamed\WEB-INF\lib\xom-1.1.jar;C:\Users\CP\Desktop\coreframe-web-5.0.14\out\artifacts\unnamed\WEB-INF\classes;C:/Users/CP/Desktop/coreframe-web-5.0.14/out/artifacts/unnamed/WEB-INF/lib/coreframe-core-5.0.20.jar -d C:\Users\CP\Desktop\coreframe-web-5.0.14\out\artifacts\unnamed\WEB-INF\coreframe/_work/gen_java C:\Users\CP\Desktop\coreframe-web-5.0.14\out\artifacts\unnamed\WEB-INF\coreframe/_work/gen_java\C_member_insert_member.java19/01/15 17:07:21.154 030 W1 <D> <f:JspController> process cmd:insertMember
19/01/15 17:07:21.172 030 W1 <D> <f:LocalInteraction> execute /member/insert_member
19/01/15 17:07:23.260 030 W1 <D> <f:BusinessLogicContextProcess> LOAD:/member/insert_member
19/01/15 17:07:23.262 030 W1 <D> <f:ConnectionManager> jdbc:oracle:thin:@localhost:1521:xe : oracle.jdbc.driver.OracleDriver
19/01/15 17:07:23.290 030 W1 <D> <f:ConnectionManager> getConnection [JDBC] jdbc:oracle:thin:@localhost:1521:xe oracle.jdbc.driver.T4CConnection@c4066ab
19/01/15 17:07:43.927 033 W1 <D> <f:JspController> process cmd:insertMember
19/01/15 17:07:43.928 033 W1 <D> <f:LocalInteraction> execute /member/insert_member
19/01/15 17:07:43.928 033 W1 <D> <f:ConnectionManager> jdbc:oracle:thin:@localhost:1521:xe : oracle.jdbc.driver.OracleDriver
19/01/15 17:07:44.054 033 W1 <E> <f:LocalInteraction> interact err [/member/insert_member]
coreframe.data.ResourceException: /member/insert_member SQLException:ORA-00001: unique constraint (SCOTT.SYS_C006997) violated
; nested exception is: 
	java.sql.SQLException: ORA-00001: unique constraint (SCOTT.SYS_C006997) violated

	at corelogic.adapter.dbms.DbmsInteraction.execute(DbmsInteraction.java:196)
	at corelogic.adapter.dbms.DbmsInteraction.execute(DbmsInteraction.java:69)
	at corelogic.adapter.LocalInteraction.execute(LocalInteraction.java:277)
	at coreframe.data.InteractionBean.execute(InteractionBean.java:120)
	at org.apache.jsp.curriculum1_4.login_005fcontroller_jspx.insertMember(login_005fcontroller_jspx.java:50)
	at sun.reflect.NativeMethodAccessorImpl.invoke0(Native Method)
	at sun.reflect.NativeMethodAccessorImpl.invoke(NativeMethodAccessorImpl.java:62)
	at sun.reflect.DelegatingMethodAccessorImpl.invoke(DelegatingMethodAccessorImpl.java:43)
	at java.lang.reflect.Method.invoke(Method.java:498)
	at coreframe.http.JspxController.invokeMethod(JspxController.java:196)
	at coreframe.http.JspxController.doService(JspxController.java:281)
	at coreframe.http.JspxController.service(JspxController.java:182)
	at org.apache.jasper.servlet.JspServletWrapper.service(JspServletWrapper.java:457)
	at org.apache.jasper.servlet.JspServlet.serviceJspFile(JspServlet.java:386)
	at org.apache.jasper.servlet.JspServlet.service(JspServlet.java:330)
	at javax.servlet.http.HttpServlet.service(HttpServlet.java:742)
	at org.apache.catalina.core.ApplicationFilterChain.internalDoFilter(ApplicationFilterChain.java:231)
	at org.apache.catalina.core.ApplicationFilterChain.doFilter(ApplicationFilterChain.java:166)
	at org.apache.tomcat.websocket.server.WsFilter.doFilter(WsFilter.java:52)
	at org.apache.catalina.core.ApplicationFilterChain.internalDoFilter(ApplicationFilterChain.java:193)
	at org.apache.catalina.core.ApplicationFilterChain.doFilter(ApplicationFilterChain.java:166)
	at coreview.layout.filter.UIFilter.doFilter(UIFilter.java:534)
	at org.apache.catalina.core.ApplicationFilterChain.internalDoFilter(ApplicationFilterChain.java:193)
	at org.apache.catalina.core.ApplicationFilterChain.doFilter(ApplicationFilterChain.java:166)
	at org.apache.catalina.core.StandardWrapperValve.invoke(StandardWrapperValve.java:198)
	at org.apache.catalina.core.StandardContextValve.invoke(StandardContextValve.java:96)
	at org.apache.catalina.authenticator.AuthenticatorBase.invoke(AuthenticatorBase.java:493)
	at org.apache.catalina.core.StandardHostValve.invoke(StandardHostValve.java:140)
	at org.apache.catalina.valves.ErrorReportValve.invoke(ErrorReportValve.java:81)
	at org.apache.catalina.valves.AbstractAccessLogValve.invoke(AbstractAccessLogValve.java:650)
	at org.apache.catalina.core.StandardEngineValve.invoke(StandardEngineValve.java:87)
	at org.apache.catalina.connector.CoyoteAdapter.service(CoyoteAdapter.java:342)
	at org.apache.coyote.http11.Http11Processor.service(Http11Processor.java:800)
	at org.apache.coyote.AbstractProcessorLight.process(AbstractProcessorLight.java:66)
	at org.apache.coyote.AbstractProtocol$ConnectionHandler.process(AbstractProtocol.java:806)
	at org.apache.tomcat.util.net.NioEndpoint$SocketProcessor.doRun(NioEndpoint.java:1498)
	at org.apache.tomcat.util.net.SocketProcessorBase.run(SocketProcessorBase.java:49)
	at java.util.concurrent.ThreadPoolExecutor.runWorker(ThreadPoolExecutor.java:1149)
	at java.util.concurrent.ThreadPoolExecutor$Worker.run(ThreadPoolExecutor.java:624)
	at org.apache.tomcat.util.threads.TaskThread$WrappingRunnable.run(TaskThread.java:61)
	at java.lang.Thread.run(Thread.java:748)
Caused by: java.sql.SQLException: ORA-00001: unique constraint (SCOTT.SYS_C006997) violated

	at oracle.jdbc.driver.DatabaseError.throwSqlException(DatabaseError.java:113)
	at oracle.jdbc.driver.T4CTTIoer.processError(T4CTTIoer.java:331)
	at oracle.jdbc.driver.T4CTTIoer.processError(T4CTTIoer.java:288)
	at oracle.jdbc.driver.T4C8Oall.receive(T4C8Oall.java:754)
	at oracle.jdbc.driver.T4CPreparedStatement.doOall8(T4CPreparedStatement.java:219)
	at oracle.jdbc.driver.T4CPreparedStatement.executeForRows(T4CPreparedStatement.java:972)
	at oracle.jdbc.driver.OracleStatement.doExecuteWithTimeout(OracleStatement.java:1192)
	at oracle.jdbc.driver.OraclePreparedStatement.executeInternal(OraclePreparedStatement.java:3415)
	at oracle.jdbc.driver.OraclePreparedStatement.executeUpdate(OraclePreparedStatement.java:3499)
	at corelogic.spi.process.QueryOperator.execute(QueryOperator.java:1171)
	at corelogic.adapter.dbms.DbmsProcessor.executeSQL(DbmsProcessor.java:532)
	at ioprocess.C_member_insert_member.execute(C_member_insert_member.java:17)
	at corelogic.adapter.dbms.DbmsInteraction.execute(DbmsInteraction.java:189)
	... 40 more

19/01/15 17:07:44.277 033 W1 <E> <t:UIFilter> IOException:/curriculum1.4/login_controller.jspx
java.io.IOException: coreframe.data.ResourceException: /member/insert_member SQLException:ORA-00001: unique constraint (SCOTT.SYS_C006997) violated
; nested exception is: 
	java.sql.SQLException: ORA-00001: unique constraint (SCOTT.SYS_C006997) violated

	at org.apache.jasper.servlet.JspServletWrapper.service(JspServletWrapper.java:485)
	at org.apache.jasper.servlet.JspServlet.serviceJspFile(JspServlet.java:386)
	at org.apache.jasper.servlet.JspServlet.service(JspServlet.java:330)
	at javax.servlet.http.HttpServlet.service(HttpServlet.java:742)
	at org.apache.catalina.core.ApplicationFilterChain.internalDoFilter(ApplicationFilterChain.java:231)
	at org.apache.catalina.core.ApplicationFilterChain.doFilter(ApplicationFilterChain.java:166)
	at org.apache.tomcat.websocket.server.WsFilter.doFilter(WsFilter.java:52)
	at org.apache.catalina.core.ApplicationFilterChain.internalDoFilter(ApplicationFilterChain.java:193)
	at org.apache.catalina.core.ApplicationFilterChain.doFilter(ApplicationFilterChain.java:166)
	at coreview.layout.filter.UIFilter.doFilter(UIFilter.java:534)
	at org.apache.catalina.core.ApplicationFilterChain.internalDoFilter(ApplicationFilterChain.java:193)
	at org.apache.catalina.core.ApplicationFilterChain.doFilter(ApplicationFilterChain.java:166)
	at org.apache.catalina.core.StandardWrapperValve.invoke(StandardWrapperValve.java:198)
	at org.apache.catalina.core.StandardContextValve.invoke(StandardContextValve.java:96)
	at org.apache.catalina.authenticator.AuthenticatorBase.invoke(AuthenticatorBase.java:493)
	at org.apache.catalina.core.StandardHostValve.invoke(StandardHostValve.java:140)
	at org.apache.catalina.valves.ErrorReportValve.invoke(ErrorReportValve.java:81)
	at org.apache.catalina.valves.AbstractAccessLogValve.invoke(AbstractAccessLogValve.java:650)
	at org.apache.catalina.core.StandardEngineValve.invoke(StandardEngineValve.java:87)
	at org.apache.catalina.connector.CoyoteAdapter.service(CoyoteAdapter.java:342)
	at org.apache.coyote.http11.Http11Processor.service(Http11Processor.java:800)
	at org.apache.coyote.AbstractProcessorLight.process(AbstractProcessorLight.java:66)
	at org.apache.coyote.AbstractProtocol$ConnectionHandler.process(AbstractProtocol.java:806)
	at org.apache.tomcat.util.net.NioEndpoint$SocketProcessor.doRun(NioEndpoint.java:1498)
	at org.apache.tomcat.util.net.SocketProcessorBase.run(SocketProcessorBase.java:49)
	at java.util.concurrent.ThreadPoolExecutor.runWorker(ThreadPoolExecutor.java:1149)
	at java.util.concurrent.ThreadPoolExecutor$Worker.run(ThreadPoolExecutor.java:624)
	at org.apache.tomcat.util.threads.TaskThread$WrappingRunnable.run(TaskThread.java:61)
	at java.lang.Thread.run(Thread.java:748)
Caused by: coreframe.data.ResourceException: /member/insert_member SQLException:ORA-00001: unique constraint (SCOTT.SYS_C006997) violated
; nested exception is: 
	java.sql.SQLException: ORA-00001: unique constraint (SCOTT.SYS_C006997) violated

	at corelogic.adapter.dbms.DbmsInteraction.execute(DbmsInteraction.java:196)
	at corelogic.adapter.dbms.DbmsInteraction.execute(DbmsInteraction.java:69)
	at corelogic.adapter.LocalInteraction.execute(LocalInteraction.java:277)
	at coreframe.data.InteractionBean.execute(InteractionBean.java:120)
	at org.apache.jsp.curriculum1_4.login_005fcontroller_jspx.insertMember(login_005fcontroller_jspx.java:50)
	at sun.reflect.NativeMethodAccessorImpl.invoke0(Native Method)
	at sun.reflect.NativeMethodAccessorImpl.invoke(NativeMethodAccessorImpl.java:62)
	at sun.reflect.DelegatingMethodAccessorImpl.invoke(DelegatingMethodAccessorImpl.java:43)
	at java.lang.reflect.Method.invoke(Method.java:498)
	at coreframe.http.JspxController.invokeMethod(JspxController.java:196)
	at coreframe.http.JspxController.doService(JspxController.java:281)
	at coreframe.http.JspxController.service(JspxController.java:182)
	at org.apache.jasper.servlet.JspServletWrapper.service(JspServletWrapper.java:457)
	... 28 more
Caused by: java.sql.SQLException: ORA-00001: unique constraint (SCOTT.SYS_C006997) violated

	at oracle.jdbc.driver.DatabaseError.throwSqlException(DatabaseError.java:113)
	at oracle.jdbc.driver.T4CTTIoer.processError(T4CTTIoer.java:331)
	at oracle.jdbc.driver.T4CTTIoer.processError(T4CTTIoer.java:288)
	at oracle.jdbc.driver.T4C8Oall.receive(T4C8Oall.java:754)
	at oracle.jdbc.driver.T4CPreparedStatement.doOall8(T4CPreparedStatement.java:219)
	at oracle.jdbc.driver.T4CPreparedStatement.executeForRows(T4CPreparedStatement.java:972)
	at oracle.jdbc.driver.OracleStatement.doExecuteWithTimeout(OracleStatement.java:1192)
	at oracle.jdbc.driver.OraclePreparedStatement.executeInternal(OraclePreparedStatement.java:3415)
	at oracle.jdbc.driver.OraclePreparedStatement.executeUpdate(OraclePreparedStatement.java:3499)
	at corelogic.spi.process.QueryOperator.execute(QueryOperator.java:1171)
	at corelogic.adapter.dbms.DbmsProcessor.executeSQL(DbmsProcessor.java:532)
	at ioprocess.C_member_insert_member.execute(C_member_insert_member.java:17)
	at corelogic.adapter.dbms.DbmsInteraction.execute(DbmsInteraction.java:189)
	... 40 more
19/01/15 17:07:44.027 033 W1 <D> <f:ConnectionManager> getConnection [JDBC] jdbc:oracle:thin:@localhost:1521:xe oracle.jdbc.driver.T4CConnection@16c85d46
19/01/15 17:07:56.390 034 W1 <D> <f:JspController> process cmd:insertMember
19/01/15 17:07:56.391 034 W1 <D> <f:LocalInteraction> execute /member/insert_member
19/01/15 17:07:56.394 034 W1 <D> <f:ConnectionManager> jdbc:oracle:thin:@localhost:1521:xe : oracle.jdbc.driver.OracleDriver
19/01/15 17:07:56.454 034 W1 <D> <f:ConnectionManager> getConnection [JDBC] jdbc:oracle:thin:@localhost:1521:xe oracle.jdbc.driver.T4CConnection@2eb30f87
19/01/15 17:08:35.147 026 W1 <D> <f:JspController> process cmd:insertMember
19/01/15 17:08:35.149 026 W1 <D> <f:LocalInteraction> execute /member/insert_member
19/01/15 17:08:35.149 026 W1 <D> <f:ConnectionManager> jdbc:oracle:thin:@localhost:1521:xe : oracle.jdbc.driver.OracleDriver

19/01/15 17:07:23.249 030 W1 <I> <JavaCompiler> BLD[/member/insert_member] compile time:1995
19/01/15 17:08:45.316 029 W1 <I> <Compiler> source : ioprocess.C_member_login_confirm.java
19/01/15 17:08:45.326 029 W1 <I> <f:ScriptContext> classpath:C:\Users\CP\Downloads\apache-tomcat-8.5.34\apache-tomcat-8.5.34\bin\bootstrap.jar;C:\Users\CP\Downloads\apache-tomcat-8.5.34\apache-tomcat-8.5.34\bin\tomcat-juli.jar;C:\Users\CP\Desktop\coreframe-web-5.0.14\out\artifacts\unnamed\WEB-INF\lib\antisamy-1.4.3.jar;C:\Users\CP\Desktop\coreframe-web-5.0.14\out\artifacts\unnamed\WEB-INF\lib\avalon-framework-4.1.3.jar;C:\Users\CP\Desktop\coreframe-web-5.0.14\out\artifacts\unnamed\WEB-INF\lib\batik-css-1.7.jar;C:\Users\CP\Desktop\coreframe-web-5.0.14\out\artifacts\unnamed\WEB-INF\lib\batik-ext-1.7.jar;C:\Users\CP\Desktop\coreframe-web-5.0.14\out\artifacts\unnamed\WEB-INF\lib\batik-util-1.7.jar;C:\Users\CP\Desktop\coreframe-web-5.0.14\out\artifacts\unnamed\WEB-INF\lib\bsh-core-2.0b4.jar;C:\Users\CP\Desktop\coreframe-web-5.0.14\out\artifacts\unnamed\WEB-INF\lib\closure-compiler-r1055-jdk15.jar;C:\Users\CP\Desktop\coreframe-web-5.0.14\out\artifacts\unnamed\WEB-INF\lib\commons-beanutils-1.9.2.jar;C:\Users\CP\Desktop\coreframe-web-5.0.14\out\artifacts\unnamed\WEB-INF\lib\commons-beanutils-core-1.7.0.jar;C:\Users\CP\Desktop\coreframe-web-5.0.14\out\artifacts\unnamed\WEB-INF\lib\commons-codec-1.2.jar;C:\Users\CP\Desktop\coreframe-web-5.0.14\out\artifacts\unnamed\WEB-INF\lib\commons-collections-3.2.jar;C:\Users\CP\Desktop\coreframe-web-5.0.14\out\artifacts\unnamed\WEB-INF\lib\commons-configuration-1.5.jar;C:\Users\CP\Desktop\coreframe-web-5.0.14\out\artifacts\unnamed\WEB-INF\lib\commons-digester-1.8.1.jar;C:\Users\CP\Desktop\coreframe-web-5.0.14\out\artifacts\unnamed\WEB-INF\lib\commons-fileupload-1.2.jar;C:\Users\CP\Desktop\coreframe-web-5.0.14\out\artifacts\unnamed\WEB-INF\lib\commons-httpclient-3.1.jar;C:\Users\CP\Desktop\coreframe-web-5.0.14\out\artifacts\unnamed\WEB-INF\lib\commons-lang-2.3.jar;C:\Users\CP\Desktop\coreframe-web-5.0.14\out\artifacts\unnamed\WEB-INF\lib\commons-logging-1.1.jar;C:\Users\CP\Desktop\coreframe-web-5.0.14\out\artifacts\unnamed\WEB-INF\lib\commons-validator-1.5.1.jar;C:\Users\CP\Desktop\coreframe-web-5.0.14\out\artifacts\unnamed\WEB-INF\lib\concurrent-1.0.jar;C:\Users\CP\Desktop\coreframe-web-5.0.14\out\artifacts\unnamed\WEB-INF\lib\coreframe-core-5.0.20.jar;C:\Users\CP\Desktop\coreframe-web-5.0.14\out\artifacts\unnamed\WEB-INF\lib\cos.jar;C:\Users\CP\Desktop\coreframe-web-5.0.14\out\artifacts\unnamed\WEB-INF\lib\derby-10.11.1.1.jar;C:\Users\CP\Desktop\coreframe-web-5.0.14\out\artifacts\unnamed\WEB-INF\lib\derbynet-10.11.1.1.jar;C:\Users\CP\Desktop\coreframe-web-5.0.14\out\artifacts\unnamed\WEB-INF\lib\dom4j-1.6.1.jar;C:\Users\CP\Desktop\coreframe-web-5.0.14\out\artifacts\unnamed\WEB-INF\lib\esapi-2.0.1.jar;C:\Users\CP\Desktop\coreframe-web-5.0.14\out\artifacts\unnamed\WEB-INF\lib\javassist-3.16.1-GA.jar;C:\Users\CP\Desktop\coreframe-web-5.0.14\out\artifacts\unnamed\WEB-INF\lib\jaxen-1.1-beta-8.jar;C:\Users\CP\Desktop\coreframe-web-5.0.14\out\artifacts\unnamed\WEB-INF\lib\jcs-1.3.jar;C:\Users\CP\Desktop\coreframe-web-5.0.14\out\artifacts\unnamed\WEB-INF\lib\jdom-1.0.jar;C:\Users\CP\Desktop\coreframe-web-5.0.14\out\artifacts\unnamed\WEB-INF\lib\js-15-1.7R4.jar;C:\Users\CP\Desktop\coreframe-web-5.0.14\out\artifacts\unnamed\WEB-INF\lib\jstl-1.1.2.jar;C:\Users\CP\Desktop\coreframe-web-5.0.14\out\artifacts\unnamed\WEB-INF\lib\jtidy-r938.jar;C:\Users\CP\Desktop\coreframe-web-5.0.14\out\artifacts\unnamed\WEB-INF\lib\log4j-1.2.16.jar;C:\Users\CP\Desktop\coreframe-web-5.0.14\out\artifacts\unnamed\WEB-INF\lib\logkit-1.0.1.jar;C:\Users\CP\Desktop\coreframe-web-5.0.14\out\artifacts\unnamed\WEB-INF\lib\lucene-analyzers-common-4.0.0-BETA.jar;C:\Users\CP\Desktop\coreframe-web-5.0.14\out\artifacts\unnamed\WEB-INF\lib\lucene-core-3.6.2.jar;C:\Users\CP\Desktop\coreframe-web-5.0.14\out\artifacts\unnamed\WEB-INF\lib\mysql-connector-java-5.1.6.jar;C:\Users\CP\Desktop\coreframe-web-5.0.14\out\artifacts\unnamed\WEB-INF\lib\nekohtml-1.9.12.jar;C:\Users\CP\Desktop\coreframe-web-5.0.14\out\artifacts\unnamed\WEB-INF\lib\netty-3.6.6.Final.jar;C:\Users\CP\Desktop\coreframe-web-5.0.14\out\artifacts\unnamed\WEB-INF\lib\ognl-3.0.8.jar;C:\Users\CP\Desktop\coreframe-web-5.0.14\out\artifacts\unnamed\WEB-INF\lib\ojdbc14-10.2.0.2.1.jar;C:\Users\CP\Desktop\coreframe-web-5.0.14\out\artifacts\unnamed\WEB-INF\lib\servlet-api-2.3.jar;C:\Users\CP\Desktop\coreframe-web-5.0.14\out\artifacts\unnamed\WEB-INF\lib\slf4j-api-1.6.6.jar;C:\Users\CP\Desktop\coreframe-web-5.0.14\out\artifacts\unnamed\WEB-INF\lib\standard-1.1.2.jar;C:\Users\CP\Desktop\coreframe-web-5.0.14\out\artifacts\unnamed\WEB-INF\lib\thymeleaf-2.1.5.RELEASE.jar;C:\Users\CP\Desktop\coreframe-web-5.0.14\out\artifacts\unnamed\WEB-INF\lib\unbescape-1.1.0.RELEASE.jar;C:\Users\CP\Desktop\coreframe-web-5.0.14\out\artifacts\unnamed\WEB-INF\lib\xalan-2.7.0.jar;C:\Users\CP\Desktop\coreframe-web-5.0.14\out\artifacts\unnamed\WEB-INF\lib\xercesImpl-2.6.2.jar;C:\Users\CP\Desktop\coreframe-web-5.0.14\out\artifacts\unnamed\WEB-INF\lib\xml-apis-1.0.b2.jar;C:\Users\CP\Desktop\coreframe-web-5.0.14\out\artifacts\unnamed\WEB-INF\lib\xml-apis-ext-1.3.04.jar;C:\Users\CP\Desktop\coreframe-web-5.0.14\out\artifacts\unnamed\WEB-INF\lib\xmlParserAPIs-2.6.2.jar;C:\Users\CP\Desktop\coreframe-web-5.0.14\out\artifacts\unnamed\WEB-INF\lib\xom-1.1.jar;C:\Users\CP\Desktop\coreframe-web-5.0.14\out\artifacts\unnamed\WEB-INF\classes;C:/Users/CP/Desktop/coreframe-web-5.0.14/out/artifacts/unnamed/WEB-INF/lib/coreframe-core-5.0.20.jar
19/01/15 17:08:45.331 029 W1 <I> <Script Compiler> compile ...........................>
C:\Users\CP\Desktop\coreframe-web-5.0.14\out\artifacts\unnamed\WEB-INF\coreframe/_work/gen_java\C_member_login_confirm.java
19/01/15 17:08:45.331 029 W1 <I> <JavaCompiler> BLD[/member/login_confirm] compile
javac -encoding utf-8 -classpath C:\Users\CP\Downloads\apache-tomcat-8.5.34\apache-tomcat-8.5.34\bin\bootstrap.jar;C:\Users\CP\Downloads\apache-tomcat-8.5.34\apache-tomcat-8.5.34\bin\tomcat-juli.jar;C:\Users\CP\Desktop\coreframe-web-5.0.14\out\artifacts\unnamed\WEB-INF\lib\antisamy-1.4.3.jar;C:\Users\CP\Desktop\coreframe-web-5.0.14\out\artifacts\unnamed\WEB-INF\lib\avalon-framework-4.1.3.jar;C:\Users\CP\Desktop\coreframe-web-5.0.14\out\artifacts\unnamed\WEB-INF\lib\batik-css-1.7.jar;C:\Users\CP\Desktop\coreframe-web-5.0.14\out\artifacts\unnamed\WEB-INF\lib\batik-ext-1.7.jar;C:\Users\CP\Desktop\coreframe-web-5.0.14\out\artifacts\unnamed\WEB-INF\lib\batik-util-1.7.jar;C:\Users\CP\Desktop\coreframe-web-5.0.14\out\artifacts\unnamed\WEB-INF\lib\bsh-core-2.0b4.jar;C:\Users\CP\Desktop\coreframe-web-5.0.14\out\artifacts\unnamed\WEB-INF\lib\closure-compiler-r1055-jdk15.jar;C:\Users\CP\Desktop\coreframe-web-5.0.14\out\artifacts\unnamed\WEB-INF\lib\commons-beanutils-1.9.2.jar;C:\Users\CP\Desktop\coreframe-web-5.0.14\out\artifacts\unnamed\WEB-INF\lib\commons-beanutils-core-1.7.0.jar;C:\Users\CP\Desktop\coreframe-web-5.0.14\out\artifacts\unnamed\WEB-INF\lib\commons-codec-1.2.jar;C:\Users\CP\Desktop\coreframe-web-5.0.14\out\artifacts\unnamed\WEB-INF\lib\commons-collections-3.2.jar;C:\Users\CP\Desktop\coreframe-web-5.0.14\out\artifacts\unnamed\WEB-INF\lib\commons-configuration-1.5.jar;C:\Users\CP\Desktop\coreframe-web-5.0.14\out\artifacts\unnamed\WEB-INF\lib\commons-digester-1.8.1.jar;C:\Users\CP\Desktop\coreframe-web-5.0.14\out\artifacts\unnamed\WEB-INF\lib\commons-fileupload-1.2.jar;C:\Users\CP\Desktop\coreframe-web-5.0.14\out\artifacts\unnamed\WEB-INF\lib\commons-httpclient-3.1.jar;C:\Users\CP\Desktop\coreframe-web-5.0.14\out\artifacts\unnamed\WEB-INF\lib\commons-lang-2.3.jar;C:\Users\CP\Desktop\coreframe-web-5.0.14\out\artifacts\unnamed\WEB-INF\lib\commons-logging-1.1.jar;C:\Users\CP\Desktop\coreframe-web-5.0.14\out\artifacts\unnamed\WEB-INF\lib\commons-validator-1.5.1.jar;C:\Users\CP\Desktop\coreframe-web-5.0.14\out\artifacts\unnamed\WEB-INF\lib\concurrent-1.0.jar;C:\Users\CP\Desktop\coreframe-web-5.0.14\out\artifacts\unnamed\WEB-INF\lib\coreframe-core-5.0.20.jar;C:\Users\CP\Desktop\coreframe-web-5.0.14\out\artifacts\unnamed\WEB-INF\lib\cos.jar;C:\Users\CP\Desktop\coreframe-web-5.0.14\out\artifacts\unnamed\WEB-INF\lib\derby-10.11.1.1.jar;C:\Users\CP\Desktop\coreframe-web-5.0.14\out\artifacts\unnamed\WEB-INF\lib\derbynet-10.11.1.1.jar;C:\Users\CP\Desktop\coreframe-web-5.0.14\out\artifacts\unnamed\WEB-INF\lib\dom4j-1.6.1.jar;C:\Users\CP\Desktop\coreframe-web-5.0.14\out\artifacts\unnamed\WEB-INF\lib\esapi-2.0.1.jar;C:\Users\CP\Desktop\coreframe-web-5.0.14\out\artifacts\unnamed\WEB-INF\lib\javassist-3.16.1-GA.jar;C:\Users\CP\Desktop\coreframe-web-5.0.14\out\artifacts\unnamed\WEB-INF\lib\jaxen-1.1-beta-8.jar;C:\Users\CP\Desktop\coreframe-web-5.0.14\out\artifacts\unnamed\WEB-INF\lib\jcs-1.3.jar;C:\Users\CP\Desktop\coreframe-web-5.0.14\out\artifacts\unnamed\WEB-INF\lib\jdom-1.0.jar;C:\Users\CP\Desktop\coreframe-web-5.0.14\out\artifacts\unnamed\WEB-INF\lib\js-15-1.7R4.jar;C:\Users\CP\Desktop\coreframe-web-5.0.14\out\artifacts\unnamed\WEB-INF\lib\jstl-1.1.2.jar;C:\Users\CP\Desktop\coreframe-web-5.0.14\out\artifacts\unnamed\WEB-INF\lib\jtidy-r938.jar;C:\Users\CP\Desktop\coreframe-web-5.0.14\out\artifacts\unnamed\WEB-INF\lib\log4j-1.2.16.jar;C:\Users\CP\Desktop\coreframe-web-5.0.14\out\artifacts\unnamed\WEB-INF\lib\logkit-1.0.1.jar;C:\Users\CP\Desktop\coreframe-web-5.0.14\out\artifacts\unnamed\WEB-INF\lib\lucene-analyzers-common-4.0.0-BETA.jar;C:\Users\CP\Desktop\coreframe-web-5.0.14\out\artifacts\unnamed\WEB-INF\lib\lucene-core-3.6.2.jar;C:\Users\CP\Desktop\coreframe-web-5.0.14\out\artifacts\unnamed\WEB-INF\lib\mysql-connector-java-5.1.6.jar;C:\Users\CP\Desktop\coreframe-web-5.0.14\out\artifacts\unnamed\WEB-INF\lib\nekohtml-1.9.12.jar;C:\Users\CP\Desktop\coreframe-web-5.0.14\out\artifacts\unnamed\WEB-INF\lib\netty-3.6.6.Final.jar;C:\Users\CP\Desktop\coreframe-web-5.0.14\out\artifacts\unnamed\WEB-INF\lib\ognl-3.0.8.jar;C:\Users\CP\Desktop\coreframe-web-5.0.14\out\artifacts\unnamed\WEB-INF\lib\ojdbc14-10.2.0.2.1.jar;C:\Users\CP\Desktop\coreframe-web-5.0.14\out\artifacts\unnamed\WEB-INF\lib\servlet-api-2.3.jar;C:\Users\CP\Desktop\coreframe-web-5.0.14\out\artifacts\unnamed\WEB-INF\lib\slf4j-api-1.6.6.jar;C:\Users\CP\Desktop\coreframe-web-5.0.14\out\artifacts\unnamed\WEB-INF\lib\standard-1.1.2.jar;C:\Users\CP\Desktop\coreframe-web-5.0.14\out\artifacts\unnamed\WEB-INF\lib\thymeleaf-2.1.5.RELEASE.jar;C:\Users\CP\Desktop\coreframe-web-5.0.14\out\artifacts\unnamed\WEB-INF\lib\unbescape-1.1.0.RELEASE.jar;C:\Users\CP\Desktop\coreframe-web-5.0.14\out\artifacts\unnamed\WEB-INF\lib\xalan-2.7.0.jar;C:\Users\CP\Desktop\coreframe-web-5.0.14\out\artifacts\unnamed\WEB-INF\lib\xercesImpl-2.6.2.jar;C:\Users\CP\Desktop\coreframe-web-5.0.14\out\artifacts\unnamed\WEB-INF\lib\xml-apis-1.0.b2.jar;C:\Users\CP\Desktop\coreframe-web-5.0.14\out\artifacts\unnamed\WEB-INF\lib\xml-apis-ext-1.3.04.jar;C:\Users\CP\Desktop\coreframe-web-5.0.14\out\artifacts\unnamed\WEB-INF\lib\xmlParserAPIs-2.6.2.jar;C:\Users\CP\Desktop\coreframe-web-5.0.14\out\artifacts\unnamed\WEB-INF\lib\xom-1.1.jar;C:\Users\CP\Desktop\coreframe-web-5.0.14\out\artifacts\unnamed\WEB-INF\classes;C:/Users/CP/Desktop/coreframe-web-5.0.14/out/artifacts/unnamed/WEB-INF/lib/coreframe-core-5.0.20.jar -d C:\Users\CP\Desktop\coreframe-web-5.0.14\out\artifacts\unnamed\WEB-INF\coreframe/_work/gen_java C:\Users\CP\Desktop\coreframe-web-5.0.14\out\artifacts\unnamed\WEB-INF\coreframe/_work/gen_java\C_member_login_confirm.java19/01/15 17:08:35.188 026 W1 <D> <f:ConnectionManager> getConnection [JDBC] jdbc:oracle:thin:@localhost:1521:xe oracle.jdbc.driver.T4CConnection@3216442c
19/01/15 17:08:44.992 029 W1 <D> <f:JspController> process cmd:loginConfirm
19/01/15 17:08:44.993 029 W1 <D> <f:LocalInteraction> execute /member/login_confirm
19/01/15 17:08:48.724 029 W1 <D> <f:BusinessLogicContextProcess> LOAD:/member/login_confirm
19/01/15 17:08:48.724 029 W1 <D> <f:ConnectionManager> jdbc:oracle:thin:@localhost:1521:xe : oracle.jdbc.driver.OracleDriver
19/01/15 17:08:48.768 029 W1 <D> <f:ConnectionManager> getConnection [JDBC] jdbc:oracle:thin:@localhost:1521:xe oracle.jdbc.driver.T4CConnection@c04e154
19/01/15 17:08:49.079 029 W1 <D> <f:WebController> view:/curriculum1.4/downloadPage.jsp
19/01/15 17:09:08.208 031 W1 <D> <f:JspController> process cmd:loginConfirm
19/01/15 17:09:08.208 031 W1 <D> <f:LocalInteraction> execute /member/login_confirm
19/01/15 17:09:08.209 031 W1 <D> <f:ConnectionManager> jdbc:oracle:thin:@localhost:1521:xe : oracle.jdbc.driver.OracleDriver
19/01/15 17:09:08.261 031 W1 <D> <f:ConnectionManager> getConnection [JDBC] jdbc:oracle:thin:@localhost:1521:xe oracle.jdbc.driver.T4CConnection@33e2b61e
19/01/15 17:09:08.263 031 W1 <D> <f:WebController> view:/curriculum1.4/downloadPage.jsp
19/01/15 17:11:57.386 032 W1 <D> <f:JspController> process cmd:loginConfirm
19/01/15 17:11:57.389 032 W1 <D> <f:LocalInteraction> execute /member/login_confirm
19/01/15 17:11:57.389 032 W1 <D> <f:ConnectionManager> jdbc:oracle:thin:@localhost:1521:xe : oracle.jdbc.driver.OracleDriver
19/01/15 17:11:57.477 032 W1 <D> <f:ConnectionManager> getConnection [JDBC] jdbc:oracle:thin:@localhost:1521:xe oracle.jdbc.driver.T4CConnection@2773bc02
19/01/15 17:11:57.479 032 W1 <D> <f:WebController> view:/curriculum1.4/downloadPage.jsp
19/01/15 17:11:58.646 033 W1 <D> <f:JspController> process cmd:insertMember
19/01/15 17:11:58.647 033 W1 <D> <f:LocalInteraction> execute /member/insert_member
19/01/15 17:11:58.647 033 W1 <D> <f:ConnectionManager> jdbc:oracle:thin:@localhost:1521:xe : oracle.jdbc.driver.OracleDriver
19/01/15 17:11:58.682 033 W1 <D> <f:ConnectionManager> getConnection [JDBC] jdbc:oracle:thin:@localhost:1521:xe oracle.jdbc.driver.T4CConnection@426f354
19/01/15 17:12:16.431 035 W1 <D> <f:JspController> process cmd:loginConfirm
19/01/15 17:12:16.432 035 W1 <D> <f:LocalInteraction> execute /member/login_confirm
19/01/15 17:12:16.432 035 W1 <D> <f:ConnectionManager> jdbc:oracle:thin:@localhost:1521:xe : oracle.jdbc.driver.OracleDriver
19/01/15 17:12:16.513 035 W1 <D> <f:ConnectionManager> getConnection [JDBC] jdbc:oracle:thin:@localhost:1521:xe oracle.jdbc.driver.T4CConnection@58d36532
19/01/15 17:12:16.515 035 W1 <D> <f:WebController> view:/curriculum1.4/downloadPage.jsp
19/01/15 17:19:06.054 029 W1 <D> <f:JspController> process cmd:insertMember
19/01/15 17:19:06.056 029 W1 <D> <f:LocalInteraction> execute /member/insert_member
19/01/15 17:19:06.057 029 W1 <D> <f:ConnectionManager> jdbc:oracle:thin:@localhost:1521:xe : oracle.jdbc.driver.OracleDriver
19/01/15 17:19:06.103 029 W1 <D> <f:ConnectionManager> getConnection [JDBC] jdbc:oracle:thin:@localhost:1521:xe oracle.jdbc.driver.T4CConnection@637ef1d7
19/01/15 17:21:28.486 033 W1 <D> <f:JspController> process cmd:insertMember
19/01/15 17:21:28.487 033 W1 <D> <f:LocalInteraction> execute /member/insert_member
19/01/15 17:06:20.680 057 W1 <S> <f:FrameworkContextListener> context:  version:5.0.266 Apache Tomcat/8.5.34
19/01/15 17:06:20.683 057 W1 <S> <t:UIFilter> coreVIEW Filter init.
19/01/15 17:06:20.683 057 W1 <S> <t:UIFilter> coreVIEW Filter init complete. contextPath:

19/01/15 17:08:48.720 029 W1 <I> <JavaCompiler> BLD[/member/login_confirm] compile time:3386
19/01/15 17:21:28.487 033 W1 <D> <f:ConnectionManager> jdbc:oracle:thin:@localhost:1521:xe : oracle.jdbc.driver.OracleDriver
19/01/15 17:21:28.581 033 W1 <D> <f:ConnectionManager> getConnection [JDBC] jdbc:oracle:thin:@localhost:1521:xe oracle.jdbc.driver.T4CConnection@5fac228b
19/01/15 17:07:21.137 030 W1 <W> <f:WebController> no BeanConfiguration for Validator [#coreview.validator]
19/01/15 17:07:21.146 030 W1 <W> <f:WebController> no BeanConfiguration for ViewMetaFactory [#coreframe.viewMetaFactory]

