18/11/02 10:08:33.414 050 W1 <Q> TR:samples/database/listCities ID:query1
SELECT CITY_ID, CITY_NAME, COUNTRY, AIRPORT, LANGUAGE, COUNTRY_ISO_CODE FROM CITIES where CITY_NAME like '%'
18/11/02 10:08:52.141 046 W1 <Q> TR:samples/database/readCity ID:query1
SELECT CITY_ID, CITY_NAME, COUNTRY, AIRPORT, LANGUAGE, COUNTRY_ISO_CODE
FROM CITIES WHERE city_id=?
18/11/02 10:08:52.304 049 W1 <Q> TR:samples/database/readCity ID:query1
SELECT CITY_ID, CITY_NAME, COUNTRY, AIRPORT, LANGUAGE, COUNTRY_ISO_CODE
FROM CITIES WHERE city_id=?
18/11/02 10:08:52.322 046 W1 <Q> 1:int = 1
18/11/02 10:08:52.323 049 W1 <Q> 1:int = 1
18/11/02 10:09:17.549 047 W1 <Q> TR:samples/database/listCities ID:query1
SELECT CITY_ID, CITY_NAME, COUNTRY, AIRPORT, LANGUAGE, COUNTRY_ISO_CODE FROM CITIES where CITY_NAME like '%'
18/11/02 10:09:22.683 045 W1 <Q> TR:samples/database/readCity ID:query1
SELECT CITY_ID, CITY_NAME, COUNTRY, AIRPORT, LANGUAGE, COUNTRY_ISO_CODE
FROM CITIES WHERE city_id=?
18/11/02 10:09:22.684 045 W1 <Q> 1:int = 1
18/11/02 10:09:26.772 050 W1 <Q> TR:samples/database/listCities ID:query1
SELECT CITY_ID, CITY_NAME, COUNTRY, AIRPORT, LANGUAGE, COUNTRY_ISO_CODE FROM CITIES where CITY_NAME like '%'
18/11/02 10:09:29.158 042 W1 <Q> TR:samples/database/readCity ID:query1
SELECT CITY_ID, CITY_NAME, COUNTRY, AIRPORT, LANGUAGE, COUNTRY_ISO_CODE
FROM CITIES WHERE city_id=?
18/11/02 10:09:29.158 042 W1 <Q> 1:int = 1
18/11/02 10:09:32.563 048 W1 <Q> TR:samples/database/listCities ID:query1
SELECT CITY_ID, CITY_NAME, COUNTRY, AIRPORT, LANGUAGE, COUNTRY_ISO_CODE FROM CITIES where CITY_NAME like '%'
18/11/02 10:09:34.751 046 W1 <Q> TR:samples/database/readCity ID:query1
SELECT CITY_ID, CITY_NAME, COUNTRY, AIRPORT, LANGUAGE, COUNTRY_ISO_CODE
FROM CITIES WHERE city_id=?
18/11/02 10:09:34.751 046 W1 <Q> 1:int = 1
18/11/02 10:10:28.609 050 W1 <Q> TR:samples/database/readCity ID:query1
SELECT CITY_ID, CITY_NAME, COUNTRY, AIRPORT, LANGUAGE, COUNTRY_ISO_CODE
FROM CITIES WHERE city_id=?
18/11/02 10:10:28.611 050 W1 <Q> 1:int = 1
