19/01/11 10:50:34.144 055 W1 <D> <f:CoreApplication> starting ...........................................  
19/01/11 10:50:34.161 055 W1 <D> <f:CoreApplication> bean-info xml files
C:\Users\CP\Downloads\workspace\coreframe-web-5.0.14\classes\artifacts\coreframe_web_5_0_14_war_exploded\WEB-INF\coreframe\service\base.xml
C:\Users\CP\Downloads\workspace\coreframe-web-5.0.14\classes\artifacts\coreframe_web_5_0_14_war_exploded\WEB-INF\coreframe\service\adapters\dbms.xml
C:\Users\CP\Downloads\workspace\coreframe-web-5.0.14\classes\artifacts\coreframe_web_5_0_14_war_exploded\WEB-INF\coreframe\service\adapters\file.xml
C:\Users\CP\Downloads\workspace\coreframe-web-5.0.14\classes\artifacts\coreframe_web_5_0_14_war_exploded\WEB-INF\coreframe\service\adapters\http.xml
C:\Users\CP\Downloads\workspace\coreframe-web-5.0.14\classes\artifacts\coreframe_web_5_0_14_war_exploded\WEB-INF\coreframe\service\adapters\java.xml
C:\Users\CP\Downloads\workspace\coreframe-web-5.0.14\classes\artifacts\coreframe_web_5_0_14_war_exploded\WEB-INF\coreframe\service\adapters\mail.xml
C:\Users\CP\Downloads\workspace\coreframe-web-5.0.14\classes\artifacts\coreframe_web_5_0_14_war_exploded\WEB-INF\coreframe\service\adapters\soap.xml
C:\Users\CP\Downloads\workspace\coreframe-web-5.0.14\classes\artifacts\coreframe_web_5_0_14_war_exploded\WEB-INF\coreframe\service\web\filter.xml
C:\Users\CP\Downloads\workspace\coreframe-web-5.0.14\classes\artifacts\coreframe_web_5_0_14_war_exploded\WEB-INF\coreframe\service\web\naming.xml
C:\Users\CP\Downloads\workspace\coreframe-web-5.0.14\classes\artifacts\coreframe_web_5_0_14_war_exploded\WEB-INF\coreframe\service\web\security.xml
C:\Users\CP\Downloads\workspace\coreframe-web-5.0.14\classes\artifacts\coreframe_web_5_0_14_war_exploded\WEB-INF\coreframe\service\web\servlet.xml
C:\Users\CP\Downloads\workspace\coreframe-web-5.0.14\classes\artifacts\coreframe_web_5_0_14_war_exploded\WEB-INF\coreframe\service\web\thymeleaf.xml
C:\Users\CP\Downloads\workspace\coreframe-web-5.0.14\classes\artifacts\coreframe_web_5_0_14_war_exploded\WEB-INF\coreframe\service\web\transform.xml
C:\Users\CP\Downloads\workspace\coreframe-web-5.0.14\classes\artifacts\coreframe_web_5_0_14_war_exploded\WEB-INF\coreframe\service\web\web-sitemap.xml
C:\Users\CP\Downloads\workspace\coreframe-web-5.0.14\classes\artifacts\coreframe_web_5_0_14_war_exploded\WEB-INF\coreframe\service\event\server-event-listener.xml
C:\Users\CP\Downloads\workspace\coreframe-web-5.0.14\classes\artifacts\coreframe_web_5_0_14_war_exploded\WEB-INF\coreframe\service\schedule\schedule.xml
C:\Users\CP\Downloads\workspace\coreframe-web-5.0.14\classes\artifacts\coreframe_web_5_0_14_war_exploded\WEB-INF\coreframe\service\apm\performance-pack.xml

19/01/11 10:50:34.235 055 W1 <D> bean-info filePath: C:\Users\CP\Downloads\workspace\coreframe-web-5.0.14\classes\artifacts\coreframe_web_5_0_14_war_exploded\WEB-INF\coreframe\service\base.xml
  #coreframe.serviceManager	coreframe.service.ServiceManager true
  #coreframe.dbPoolService	coreframe.db.DbPoolService true
  #corelogic.connectionFactory	corelogic.adapter.BaseConnectionFactory true
  #corelogic.adapterService	corelogic.spi.management.AdapterManagementService true
19/01/11 10:50:34.235 055 W1 <D> bean-info filePath: C:\Users\CP\Downloads\workspace\coreframe-web-5.0.14\classes\artifacts\coreframe_web_5_0_14_war_exploded\WEB-INF\coreframe\service\adapters\dbms.xml
  #adapter.dbms	corelogic.adapter.dbms.ResourceAdapterImpl true
19/01/11 10:50:34.250 055 W1 <D> bean-info filePath: C:\Users\CP\Downloads\workspace\coreframe-web-5.0.14\classes\artifacts\coreframe_web_5_0_14_war_exploded\WEB-INF\coreframe\service\adapters\file.xml
  #adapter.file	corelogic.adapter.file.ResourceAdapterImpl true
  #adapter.file2	corelogic.adapter.file.ResourceAdapterImpl true
  #adapter.file3	corelogic.adapter.file.ResourceAdapterImpl true
19/01/11 10:50:34.250 055 W1 <D> bean-info filePath: C:\Users\CP\Downloads\workspace\coreframe-web-5.0.14\classes\artifacts\coreframe_web_5_0_14_war_exploded\WEB-INF\coreframe\service\adapters\http.xml
  #adapter.http	corelogic.adapter.http.HttpResourceAdapter true
19/01/11 10:50:34.266 055 W1 <D> bean-info filePath: C:\Users\CP\Downloads\workspace\coreframe-web-5.0.14\classes\artifacts\coreframe_web_5_0_14_war_exploded\WEB-INF\coreframe\service\adapters\java.xml
  #adapter.java	corelogic.adapter.java.ResourceAdapterImtpl true
19/01/11 10:50:34.266 055 W1 <D> bean-info filePath: C:\Users\CP\Downloads\workspace\coreframe-web-5.0.14\classes\artifacts\coreframe_web_5_0_14_war_exploded\WEB-INF\coreframe\service\adapters\mail.xml
  #adapter.mail	corelogic.adapter.mail.ResourceAdapterImpl true
19/01/11 10:50:34.266 055 W1 <D> bean-info filePath: C:\Users\CP\Downloads\workspace\coreframe-web-5.0.14\classes\artifacts\coreframe_web_5_0_14_war_exploded\WEB-INF\coreframe\service\adapters\soap.xml
  #adapter.soap	corelogic.adapter.http.HttpResourceAdapter true
19/01/11 10:50:34.266 055 W1 <D> bean-info filePath: C:\Users\CP\Downloads\workspace\coreframe-web-5.0.14\classes\artifacts\coreframe_web_5_0_14_war_exploded\WEB-INF\coreframe\service\web\filter.xml
19/01/11 10:50:34.281 055 W1 <D> bean-info filePath: C:\Users\CP\Downloads\workspace\coreframe-web-5.0.14\classes\artifacts\coreframe_web_5_0_14_war_exploded\WEB-INF\coreframe\service\web\naming.xml
  #coreframe.namingTemplate	coreframe.db.meta.CsvNamingTemplate true
  #coreframe.bldManager	corelogic.spi.admin.DbmsBldManager true
19/01/11 10:50:34.303 055 W1 <D> bean-info filePath: C:\Users\CP\Downloads\workspace\coreframe-web-5.0.14\classes\artifacts\coreframe_web_5_0_14_war_exploded\WEB-INF\coreframe\service\web\security.xml
  #coreframe.webSecurityManager	coreframe.security.impl.EsapiSecurityManager true
  #coreview.defaultWebAuthorizer	coreframe.security.impl.DefaultFrameworkAdminAuthorizer true
19/01/11 10:50:34.319 055 W1 <D> bean-info filePath: C:\Users\CP\Downloads\workspace\coreframe-web-5.0.14\classes\artifacts\coreframe_web_5_0_14_war_exploded\WEB-INF\coreframe\service\web\servlet.xml
  #corelogic.httpCommandManager	corelogic.servlet.CommandManager true
  #corelogic.BldExecutorCommand	corelogic.servlet.command.BldExecutorCommand true
  #corelogic.BldSchemaCommand	corelogic.servlet.command.BldSchemaCommand true
  #corelogic.codeGenCommand	corelogic.servlet.command.CodeGenCommand true
19/01/11 10:50:34.330 055 W1 <D> bean-info filePath: C:\Users\CP\Downloads\workspace\coreframe-web-5.0.14\classes\artifacts\coreframe_web_5_0_14_war_exploded\WEB-INF\coreframe\service\web\thymeleaf.xml
  #thymeleaf	coreview.thymeleaf.ThymeleafViewTemplateEngine true
19/01/11 10:50:34.424 055 W1 <D> bean-info filePath: C:\Users\CP\Downloads\workspace\coreframe-web-5.0.14\classes\artifacts\coreframe_web_5_0_14_war_exploded\WEB-INF\coreframe\service\web\transform.xml
  #transform.xml	corelogic.transform.impl.XmlTransformerImpl false
  #transform.soap	corelogic.transform.impl.SoapTransformerImpl false
  #transform.json	corelogic.transform.impl.JSONTransformerImpl false
  #transform.htm	corelogic.transform.impl.HtmlTransformerImpl false
  #transform.html	corelogic.transform.impl.HtmlTransformerImpl false
  #transform.xhtml	corelogic.transform.impl.XhtmlTransformerImpl false
  #transform.cvs	corelogic.transform.impl.CommaTransformerImpl false
  #transform.txt	corelogic.transform.impl.TabSplitTextTransformerImpl false
  #transform.binary	corelogic.transform.impl.BinaryTransformerImpl false
  #schemaTransform.xml	corelogic.transform.schema.impl.XmlSchemaTransformer true
  #schemaTransform.xsd	corelogic.transform.schema.impl.XsdSchemaTransformer true
  #schemaTransform.wsdl	corelogic.transform.schema.impl.WsdlSchemaTransformer true
  #schemaTransform.json	corelogic.transform.schema.impl.JSONSchemaTransformer true
  #corelogic.sourceGenerator.jsp	corelogic.transform.sourcecode.impl.JspSourceGenerator true
  #corelogic.sourceGenerator.jstl	corelogic.transform.sourcecode.impl.JstlSourceGenerator true
  #corelogic.sourceGenerator.ajax	corelogic.transform.sourcecode.impl.AjaxSourceGenerator true
19/01/11 10:50:34.499 055 W1 <D> bean-info filePath: C:\Users\CP\Downloads\workspace\coreframe-web-5.0.14\classes\artifacts\coreframe_web_5_0_14_war_exploded\WEB-INF\coreframe\service\web\web-sitemap.xml
  #coreview.layout.dao	coreview.layout.dao.XmlFileDao true
  #coreview.menuDao	coreview.menu.dao.XmlMenuDao true
  #coreview.layout.layoutMgr	coreview.layout.LayoutManager true
  #coreview.menuMgr	coreview.menu.bean.MenuMgrBean true
  #coreview.WebsiteManagementService	coreview.WebsiteManagementService true
  #coreview.WebPagePublisher	coreview.menu.WebPagePublisher true
  #coreview.urlRouteService	coreview.route.impl.RESTfulRouteService true
  #coreview.ElementManagerService	coreview.layout.element.impl.ElementManagerServiceImpl true
  #service.less.lessCompileService	coreframe.service.less.LessService true
19/01/11 10:50:34.508 055 W1 <D> bean-info filePath: C:\Users\CP\Downloads\workspace\coreframe-web-5.0.14\classes\artifacts\coreframe_web_5_0_14_war_exploded\WEB-INF\coreframe\service\event\server-event-listener.xml
  #coreframe.eventManager	coreframe.service.event.FrameworkEventManagerImpl true
  #coreframe.event.webpageAccess	coreframe.service.event.listener.WebpageAccessEventListener true
19/01/11 10:50:34.515 055 W1 <D> bean-info filePath: C:\Users\CP\Downloads\workspace\coreframe-web-5.0.14\classes\artifacts\coreframe_web_5_0_14_war_exploded\WEB-INF\coreframe\service\schedule\schedule.xml
  #corelogic.ScheduleService	corelogic.schedule.ScheduleService true
19/01/11 10:50:34.538 055 W1 <D> bean-info filePath: C:\Users\CP\Downloads\workspace\coreframe-web-5.0.14\classes\artifacts\coreframe_web_5_0_14_war_exploded\WEB-INF\coreframe\service\apm\performance-pack.xml
  #coreframe.service.performance	coreframe.service.performance.PerformanceMonitorService true
  #coreframe.event.listener.chkPerform	coreframe.service.event.listener.PerformanceCheckListener true
  #coreframe.event.listener.chkPerformBld	coreframe.service.event.listener.BldProcessEventListener true
  #coreframe.event.processDelay	coreframe.service.event.listener.ProcessDelayEventListener true
  #coreframe.event.listener.webpageError	coreframe.service.event.listener.WebpageErrorEventListener true
  #coreframe.event.sessionMonitor	coreframe.service.monitor.WebuserCounter true19/01/11 10:50:34.043 055 W1 <S> <f:CoreApplication> coreFRAME 5.0.266
19/01/11 10:50:34.144 055 W1 <S> <f:CoreApplication> coreFRAME jar:file:/C:/Users/CP/Downloads/workspace/coreframe-web-5.0.14/classes/artifacts/coreframe_web_5_0_14_war_exploded/WEB-INF/lib/coreframe-core-5.0.20.jar!/coreframe/CoreApplication.class
19/01/11 10:50:34.163 055 W1 <S> * coreFRAME thread pool number:10
19/01/11 10:50:34.163 055 W1 <S> <f:CoreApplication> beanFactory:coreframe.beans.DefaultBeanFactory

19/01/11 10:50:34.563 055 W1 <D> <f:FrameworkEventManager> scope:cf:webuserWebpageError class:coreframe.service.event.listener.WebpageErrorEventListener
19/01/11 10:50:34.568 055 W1 <D> <f:FrameworkEventManager> scope:cf:webuserWebpageAccess class:coreframe.service.event.listener.PerformanceCheckListener
19/01/11 10:50:35.174 055 W1 <D> <f:FrameworkEventManager> scope:cf:corelogicBldProcess class:coreframe.service.event.listener.BldProcessEventListener
19/01/11 10:50:35.158 055 W1 <I> <l:AdapterManagementService> regist adapter : file-reader-binary
19/01/11 10:50:35.189 055 W1 <I> <l:AdapterManagementService> regist adapter : soap
19/01/11 10:50:35.205 055 W1 <I> <f:EsapiSecurityManager> set homeDir [org.owasp.esapi.resources]C:\Users\CP\Downloads\workspace\coreframe-web-5.0.14\classes\artifacts\coreframe_web_5_0_14_war_exploded\WEB-INF\coreframe\security
19/01/11 10:50:35.370 055 W1 <I> <f:EsapiSecurityManager> skipUrlRegExp:/apps/admin
19/01/11 10:50:34.637 055 W1 <S> <f:ServiceManager> regist service:PerformanceMonitorService
19/01/11 10:50:35.142 055 W1 <S> <f:ServiceManager> regist service:ScheduleService
19/01/11 10:50:35.158 055 W1 <S> <f:ServiceManager> regist service:businessLogicService
19/01/11 10:50:35.377 055 W1 <S> <f:ServiceManager> regist service:LessService
19/01/11 10:50:35.377 055 W1 <S> <f:ServiceManager> regist service:DbPooling Service
19/01/11 10:50:35.377 055 W1 <I> <l:AdapterManagementService> regist adapter : http
19/01/11 10:50:35.377 055 W1 <I> <l:AdapterManagementService> regist adapter : file-reader
19/01/11 10:50:35.377 055 W1 <I> <l:AdapterManagementService> regist adapter : file-writer
19/01/11 10:50:35.424 055 W1 <I> corelogic.adapter.dbms.ProcessorFactoryImpl instance create
19/01/11 10:50:35.424 055 W1 <I> <l:AdapterManagementService> regist adapter : dbms
19/01/11 10:50:35.393 055 W1 <S> <f:ServiceManager> regist service:ElementManagerServiceImpl
19/01/11 10:50:35.424 055 W1 <S> <f:ServiceManager> regist service:WebPagePublisher
19/01/11 10:50:35.440 055 W1 <S> <f:ServiceManager> regist service:WebsiteManagementService
19/01/11 10:50:35.466 055 W1 <S> <f:ServiceManager> regist service:RESTfulRouteService
19/01/11 10:50:35.483 055 W1 <S> <f:CoreApplication> supportJTA:false use JdbcTransaction
19/01/11 10:50:35.174 055 W1 <D> <f:FrameworkEventManager> scope:cf:webuserSessionCreate class:coreframe.service.monitor.WebuserCounter
19/01/11 10:50:35.174 055 W1 <D> <f:FrameworkEventManager> scope:cf:webuserSessionDestory class:coreframe.service.monitor.WebuserCounter
19/01/11 10:50:35.189 055 W1 <D> <f:FrameworkEventManager> scope:cf:webuserProcessDelay class:coreframe.service.event.listener.ProcessDelayEventListener
19/01/11 10:50:35.452 055 W1 <I> <l:AdapterManagementService> regist adapter : java
19/01/11 10:50:35.482 055 W1 <I> <l:AdapterManagementService> regist adapter : mail
19/01/11 10:50:35.487 055 W1 <I> <f:ConnectionManager>  use default url:mvc_board
19/01/11 10:50:35.858 055 W1 <I> <f:DbPoolService> connection test OK:mvc_board
19/01/11 10:50:35.873 055 W1 <I> <l:BLContextFactory> check_interval_time:1000
19/01/11 10:50:35.873 055 W1 <I> <l:BLContextFactory> initLoadBldMode:normal
19/01/11 10:50:35.873 055 W1 <I> <l:BLContextFactory> load schema root dir : C:\Users\CP\Downloads\workspace\coreframe-web-5.0.14\classes\artifacts\coreframe_web_5_0_14_war_exploded\WEB-INF\coreframe\bld
19/01/11 10:50:35.873 055 W1 <I> <l:AdapterManagementService> adapter start : file-writer
19/01/11 10:50:35.873 055 W1 <I> <l:AdapterManagementService> adapter start : java
19/01/11 10:50:35.873 055 W1 <I> <adapter> Java adapter start
19/01/11 10:50:35.873 055 W1 <I> <l:AdapterManagementService> adapter start : file-reader-binary
19/01/11 10:50:35.873 055 W1 <I> <l:AdapterManagementService> adapter start : mail
19/01/11 10:50:35.873 055 W1 <I> <adapter> Mail adapter start
19/01/11 10:50:35.873 055 W1 <I> <l:AdapterManagementService> adapter start : file-reader
19/01/11 10:50:35.873 055 W1 <I> <l:AdapterManagementService> adapter start : http
19/01/11 10:50:35.873 055 W1 <I> <adapter> Http adapter start
19/01/11 10:50:35.873 055 W1 <I> <l:AdapterManagementService> adapter start : dbms
19/01/11 10:50:35.873 055 W1 <I> <adapter> DBMS adapter start
19/01/11 10:50:35.873 055 W1 <I> <l:AdapterManagementService> adapter start : soap
19/01/11 10:50:35.873 055 W1 <I> <adapter> Http adapter start
19/01/11 10:50:35.889 055 W1 <I> <t:XmlFileDao> regist [default] /templets/default/templet.jsp
19/01/11 10:50:35.889 055 W1 <I> <t:XmlFileDao> regist [admin] /templets/admin/templet.jsp
19/01/11 10:50:35.889 055 W1 <I> <t:XmlFileDao> regist [mobile] /templets/mobile/templet.jsp
19/01/11 10:50:35.889 055 W1 <I> <t:XmlFileDao> regist [advance] /templets/default/templet.jsp
19/01/11 10:50:35.889 055 W1 <I> <t:XmlFileDao> regist [no-apply] null
19/01/11 10:50:35.889 055 W1 <I> <t:XmlFileDao> regist [wts] /WEB-APP/wts/templets/desktop/templet.jsp
19/01/11 10:50:35.889 055 W1 <I> <t:XmlFileDao> regist [pub] /templets/pub/pcTemplet.jsp
19/01/11 10:50:35.493 055 W1 <D> <f:ConnectionManager> jdbc:oracle:thin:@localhost:1521:xe : oracle.jdbc.driver.OracleDriver
19/01/11 10:50:35.858 055 W1 <D> <f:ConnectionManager> getConnection [JDBC] jdbc:oracle:thin:@localhost:1521:xe oracle.jdbc.driver.T4CConnection@5a5a2cba
19/01/11 10:50:35.889 055 W1 <D> <t:MenuMgrBean> 초기화  documentRoot:C:\Users\CP\Downloads\workspace\coreframe-web-5.0.14\classes\artifacts\coreframe_web_5_0_14_war_exploded\
19/01/11 10:50:35.889 055 W1 <I> <t:XmlFileDao> regist [builder] /WEB-APP/builder/templets/pcUtestTemplet.jsp
19/01/11 10:50:35.889 055 W1 <I> <t:MenuMgrBean> Menu DAO class : coreview.menu.dao.XmlMenuDao
19/01/11 10:50:35.889 055 W1 <I> <t:XmlMenuDao> load menu dir:C:\Users\CP\Downloads\workspace\coreframe-web-5.0.14\classes\artifacts\coreframe_web_5_0_14_war_exploded\WEB-INF\coreframe name:sitemap.xml
19/01/11 10:50:35.889 055 W1 <I> LOADING MENU ITEM .............................
19/01/11 10:50:35.483 055 W1 <S> <f:CoreApplication> init - complete
19/01/11 10:50:35.858 055 W1 <S> <f:ServiceManager> start service:DbPooling Service
19/01/11 10:50:35.873 055 W1 <S> <l:AdapterManagementService> regist adapter count 8
19/01/11 10:50:35.873 055 W1 <S> <f:ServiceManager> start service:businessLogicService
19/01/11 10:50:35.873 055 W1 <S> <f:ServiceManager> start service:PerformanceMonitorService
19/01/11 10:50:35.967 055 W1 <S> <f:ServiceManager> start service:WebsiteManagementService19/01/11 10:50:35.889 055 W1 <D> <t:MenuMgrBean> 초기화  contextPath:
19/01/11 10:50:35.889 055 W1 <D> <t:MenuMgrBean> 초기화  isReload:true
19/01/11 10:50:35.983 055 W1 <D> <v:ElementManagerService> regist element:calendar
19/01/11 10:50:35.983 055 W1 <D> <v:ElementManagerService> regist element:chart
19/01/11 10:50:35.983 055 W1 <D> <v:ElementManagerService> regist element:coreframe-client
19/01/11 10:50:35.983 055 W1 <D> <v:ElementManagerService> regist element:data-bind
19/01/11 10:50:35.983 055 W1 <D> <v:ElementManagerService> regist element:chart_comm
19/01/11 10:50:35.983 055 W1 <D> <v:ElementManagerService> regist element:chart
19/01/11 10:50:35.998 055 W1 <D> <v:ElementManagerService> regist element:grid
19/01/11 10:50:35.998 055 W1 <D> <v:ElementManagerService> regist element:tab.pc
19/01/11 10:50:35.998 055 W1 <D> <v:ElementManagerService> regist element:tab.mobile
19/01/11 10:50:35.998 055 W1 <D> <v:ElementManagerService> regist element:tab.tablet
19/01/11 10:50:35.998 055 W1 <D> <v:ElementManagerService> regist element:dialog.pc
19/01/11 10:50:35.998 055 W1 <D> <v:ElementManagerService> regist element:dialog.tablet
19/01/11 10:50:35.998 055 W1 <D> <v:ElementManagerService> regist element:dialog.mobile
19/01/11 10:50:35.998 055 W1 <D> <v:ElementManagerService> regist element:websocket.pc
19/01/11 10:50:35.998 055 W1 <D> <v:ElementManagerService> regist element:websocket.mobile
19/01/11 10:50:35.998 055 W1 <D> <v:ElementManagerService> regist element:websocket.tablet
19/01/11 10:50:35.998 055 W1 <D> <v:ElementManagerService> regist element:websocket.tablet-low
19/01/11 10:50:35.998 055 W1 <D> <v:ElementManagerService> regist element:jquery
19/01/11 10:50:35.998 055 W1 <D> <v:ElementManagerService> regist element:bootstrap
19/01/11 10:50:35.998 055 W1 <D> <v:ElementManagerService> regist element:codemirror
19/01/11 10:50:35.998 055 W1 <D> <v:ElementManagerService> regist element:hammer
19/01/11 10:50:35.998 055 W1 <D> <v:ElementManagerService> regist element:less
19/01/11 10:50:35.998 055 W1 <D> <v:ElementManagerService> regist element:underscore
19/01/11 10:50:35.998 055 W1 <D> <v:ElementManagerService> regist element:getDevice.pc
19/01/11 10:50:35.998 055 W1 <D> <v:ElementManagerService> regist element:getDevice.mobile
19/01/11 10:50:35.952 055 W1 <I> <t:XmlMenuDao> load menu info sucess. loadtime:63
19/01/11 10:50:35.998 055 W1 <I> <v:ElementManagerService> load element info
19/01/11 10:50:36.014 055 W1 <I> <v:RESTfulRouteService> REG C:\Users\CP\Downloads\workspace\coreframe-web-5.0.14\classes\artifacts\coreframe_web_5_0_14_war_exploded\WEB-INF\coreframe\web\url-route\admin.xml
19/01/11 10:50:36.030 055 W1 <I> <v:RESTfulRouteService> REG C:\Users\CP\Downloads\workspace\coreframe-web-5.0.14\classes\artifacts\coreframe_web_5_0_14_war_exploded\WEB-INF\coreframe\web\url-route\sample.xml
19/01/11 10:50:36.077 055 W1 <I> * coreFRAME Property Information 
 * BLD_ROOT_DIRECTORY
	C:\Users\CP\Downloads\workspace\coreframe-web-5.0.14\classes\artifacts\coreframe_web_5_0_14_war_exploded\WEB-INF\coreframe\bld
 * SERVLET_CONTEXT_EVENT
	javax.servlet.ServletContextEvent[source=org.apache.catalina.core.ApplicationContextFacade@60048280]
 * FRAMEWORK_LOADTIME
	2019-01-11 10:50:36
 * WEB_CONTEXT_NAME
	
 * class.dynamic.value
	4
 * COREFRAME_CONFIG_HOME
	C:\Users\CP\Downloads\workspace\coreframe-web-5.0.14\classes\artifacts\coreframe_web_5_0_14_war_exploded\WEB-INF\coreframe
 * target.encoding
	utf-8
 * COREFRAME_CONFIG_FILE
	C:\Users\CP\Downloads\workspace\coreframe-web-5.0.14\classes\artifacts\coreframe_web_5_0_14_war_exploded\WEB-INF\coreframe\config.xml
 * WEB_DOCUMENT_ROOT
	C:\Users\CP\Downloads\workspace\coreframe-web-5.0.14\classes\artifacts\coreframe_web_5_0_14_war_exploded\
 * domain.name
	http://yourdomainname.com
 * WEBAPP_HOME_DIRS
	[]
19/01/11 10:50:36.014 055 W1 <S> <f:ServiceManager> start service:ElementManagerServiceImpl
19/01/11 10:50:36.030 055 W1 <S> <f:ServiceManager> start service:RESTfulRouteService
19/01/11 10:50:36.030 055 W1 <S> <f:ServiceManager> running CoreService :6
19/01/11 10:50:36.077 055 W1 <S> <f:ServiceManager> running Service(UserService) :3
19/01/11 10:50:36.077 055 W1 <S> <f:CoreApplication> startService - complete
19/01/11 10:50:36.108 055 W1 <S> coreFRAME complete startup process. Version:5.0.266
19/01/11 10:50:35.998 055 W1 <D> <v:ElementManagerService> regist element:getDevice.tablet
19/01/11 10:50:35.998 055 W1 <D> <v:ElementManagerService> regist element:getDevice.tablet-low
19/01/11 10:50:36.077 055 W1 <D> <f:FrameworkEventManager> scope:cf:serverStart class:coreframe.service.less.LessService
19/01/11 10:50:36.108 055 W1 <D> **********************************************************
19/01/11 10:50:36.108 055 W1 <D> **********************************************************
19/01/11 10:50:36.217 079 W1 <D> <LessService> LessServiceStart! 1 less files. [encoding : UTF-8] [initCompile : false] [reloadCheckTimeSec : 2][compress : false]
19/01/11 10:50:36.217 079 W1 <D> <LessService> envJsPath   : C:\Users\CP\Downloads\workspace\coreframe-web-5.0.14\classes\artifacts\coreframe_web_5_0_14_war_exploded\/WEB-INF/coreframe/service/web/env.rhino.js
19/01/11 10:50:36.217 079 W1 <D> <LessService> lessJsPath  : C:\Users\CP\Downloads\workspace\coreframe-web-5.0.14\classes\artifacts\coreframe_web_5_0_14_war_exploded\/WEB-APP/webponent/thirdParty/less/less-1.3.3.min.js
19/01/11 10:50:36.264 079 W1 <D> <LessService> C:\Users\CP\Downloads\workspace\coreframe-web-5.0.14\classes\artifacts\coreframe_web_5_0_14_war_exploded\WEB-APP\webponent\thirdParty\less\library.less
19/01/11 10:50:39.806 029 W1 <D> <f:JspController> process cmd:board

19/01/11 10:50:36.123 055 W1 <I> <t:UIFilter> exclude-dir:/templets
19/01/11 10:50:36.123 055 W1 <I> <t:UIFilter> Command 구현객체 미지정
19/01/11 10:50:36.123 055 W1 <I> <t:UIFilter> compactHTML:false
19/01/11 10:50:36.123 055 W1 <I> <t:UIFilter> layout DAO:coreview.layout.LayoutManager
19/01/11 10:50:36.123 080 W1 <I> <ScheduleService> crontab file:C:\Users\CP\Downloads\workspace\coreframe-web-5.0.14\classes\artifacts\coreframe_web_5_0_14_war_exploded\WEB-INF\coreframe/service/schedule/crontab.txt
19/01/11 10:50:40.146 029 W1 <I> <Compiler> source : ioprocess.C_main_board_select_board.java
19/01/11 10:50:40.165 029 W1 <I> <f:ScriptContext> classpath:C:\Users\CP\Downloads\apache-tomcat-8.5.34\apache-tomcat-8.5.34\bin\bootstrap.jar;C:\Users\CP\Downloads\apache-tomcat-8.5.34\apache-tomcat-8.5.34\bin\tomcat-juli.jar;C:\Users\CP\Downloads\workspace\coreframe-web-5.0.14\classes\artifacts\coreframe_web_5_0_14_war_exploded\WEB-INF\lib\antisamy-1.4.3.jar;C:\Users\CP\Downloads\workspace\coreframe-web-5.0.14\classes\artifacts\coreframe_web_5_0_14_war_exploded\WEB-INF\lib\avalon-framework-4.1.3.jar;C:\Users\CP\Downloads\workspace\coreframe-web-5.0.14\classes\artifacts\coreframe_web_5_0_14_war_exploded\WEB-INF\lib\batik-css-1.7.jar;C:\Users\CP\Downloads\workspace\coreframe-web-5.0.14\classes\artifacts\coreframe_web_5_0_14_war_exploded\WEB-INF\lib\batik-ext-1.7.jar;C:\Users\CP\Downloads\workspace\coreframe-web-5.0.14\classes\artifacts\coreframe_web_5_0_14_war_exploded\WEB-INF\lib\batik-util-1.7.jar;C:\Users\CP\Downloads\workspace\coreframe-web-5.0.14\classes\artifacts\coreframe_web_5_0_14_war_exploded\WEB-INF\lib\bsh-core-2.0b4.jar;C:\Users\CP\Downloads\workspace\coreframe-web-5.0.14\classes\artifacts\coreframe_web_5_0_14_war_exploded\WEB-INF\lib\closure-compiler-r1055-jdk15.jar;C:\Users\CP\Downloads\workspace\coreframe-web-5.0.14\classes\artifacts\coreframe_web_5_0_14_war_exploded\WEB-INF\lib\commons-beanutils-1.9.2.jar;C:\Users\CP\Downloads\workspace\coreframe-web-5.0.14\classes\artifacts\coreframe_web_5_0_14_war_exploded\WEB-INF\lib\commons-beanutils-core-1.7.0.jar;C:\Users\CP\Downloads\workspace\coreframe-web-5.0.14\classes\artifacts\coreframe_web_5_0_14_war_exploded\WEB-INF\lib\commons-codec-1.2.jar;C:\Users\CP\Downloads\workspace\coreframe-web-5.0.14\classes\artifacts\coreframe_web_5_0_14_war_exploded\WEB-INF\lib\commons-collections-3.2.jar;C:\Users\CP\Downloads\workspace\coreframe-web-5.0.14\classes\artifacts\coreframe_web_5_0_14_war_exploded\WEB-INF\lib\commons-configuration-1.5.jar;C:\Users\CP\Downloads\workspace\coreframe-web-5.0.14\classes\artifacts\coreframe_web_5_0_14_war_exploded\WEB-INF\lib\commons-digester-1.8.1.jar;C:\Users\CP\Downloads\workspace\coreframe-web-5.0.14\classes\artifacts\coreframe_web_5_0_14_war_exploded\WEB-INF\lib\commons-fileupload-1.2.jar;C:\Users\CP\Downloads\workspace\coreframe-web-5.0.14\classes\artifacts\coreframe_web_5_0_14_war_exploded\WEB-INF\lib\commons-httpclient-3.1.jar;C:\Users\CP\Downloads\workspace\coreframe-web-5.0.14\classes\artifacts\coreframe_web_5_0_14_war_exploded\WEB-INF\lib\commons-lang-2.3.jar;C:\Users\CP\Downloads\workspace\coreframe-web-5.0.14\classes\artifacts\coreframe_web_5_0_14_war_exploded\WEB-INF\lib\commons-logging-1.1.jar;C:\Users\CP\Downloads\workspace\coreframe-web-5.0.14\classes\artifacts\coreframe_web_5_0_14_war_exploded\WEB-INF\lib\commons-validator-1.5.1.jar;C:\Users\CP\Downloads\workspace\coreframe-web-5.0.14\classes\artifacts\coreframe_web_5_0_14_war_exploded\WEB-INF\lib\concurrent-1.0.jar;C:\Users\CP\Downloads\workspace\coreframe-web-5.0.14\classes\artifacts\coreframe_web_5_0_14_war_exploded\WEB-INF\lib\coreframe-core-5.0.20.jar;C:\Users\CP\Downloads\workspace\coreframe-web-5.0.14\classes\artifacts\coreframe_web_5_0_14_war_exploded\WEB-INF\lib\cos.jar;C:\Users\CP\Downloads\workspace\coreframe-web-5.0.14\classes\artifacts\coreframe_web_5_0_14_war_exploded\WEB-INF\lib\derby-10.11.1.1.jar;C:\Users\CP\Downloads\workspace\coreframe-web-5.0.14\classes\artifacts\coreframe_web_5_0_14_war_exploded\WEB-INF\lib\derbynet-10.11.1.1.jar;C:\Users\CP\Downloads\workspace\coreframe-web-5.0.14\classes\artifacts\coreframe_web_5_0_14_war_exploded\WEB-INF\lib\dom4j-1.6.1.jar;C:\Users\CP\Downloads\workspace\coreframe-web-5.0.14\classes\artifacts\coreframe_web_5_0_14_war_exploded\WEB-INF\lib\esapi-2.0.1.jar;C:\Users\CP\Downloads\workspace\coreframe-web-5.0.14\classes\artifacts\coreframe_web_5_0_14_war_exploded\WEB-INF\lib\javassist-3.16.1-GA.jar;C:\Users\CP\Downloads\workspace\coreframe-web-5.0.14\classes\artifacts\coreframe_web_5_0_14_war_exploded\WEB-INF\lib\jaxen-1.1-beta-8.jar;C:\Users\CP\Downloads\workspace\coreframe-web-5.0.14\classes\artifacts\coreframe_web_5_0_14_war_exploded\WEB-INF\lib\jcs-1.3.jar;C:\Users\CP\Downloads\workspace\coreframe-web-5.0.14\classes\artifacts\coreframe_web_5_0_14_war_exploded\WEB-INF\lib\jdom-1.0.jar;C:\Users\CP\Downloads\workspace\coreframe-web-5.0.14\classes\artifacts\coreframe_web_5_0_14_war_exploded\WEB-INF\lib\js-15-1.7R4.jar;C:\Users\CP\Downloads\workspace\coreframe-web-5.0.14\classes\artifacts\coreframe_web_5_0_14_war_exploded\WEB-INF\lib\jstl-1.1.2.jar;C:\Users\CP\Downloads\workspace\coreframe-web-5.0.14\classes\artifacts\coreframe_web_5_0_14_war_exploded\WEB-INF\lib\jtidy-r938.jar;C:\Users\CP\Downloads\workspace\coreframe-web-5.0.14\classes\artifacts\coreframe_web_5_0_14_war_exploded\WEB-INF\lib\log4j-1.2.16.jar;C:\Users\CP\Downloads\workspace\coreframe-web-5.0.14\classes\artifacts\coreframe_web_5_0_14_war_exploded\WEB-INF\lib\logkit-1.0.1.jar;C:\Users\CP\Downloads\workspace\coreframe-web-5.0.14\classes\artifacts\coreframe_web_5_0_14_war_exploded\WEB-INF\lib\lucene-analyzers-common-4.0.0-BETA.jar;C:\Users\CP\Downloads\workspace\coreframe-web-5.0.14\classes\artifacts\coreframe_web_5_0_14_war_exploded\WEB-INF\lib\lucene-core-3.6.2.jar;C:\Users\CP\Downloads\workspace\coreframe-web-5.0.14\classes\artifacts\coreframe_web_5_0_14_war_exploded\WEB-INF\lib\mysql-connector-java-5.1.6.jar;C:\Users\CP\Downloads\workspace\coreframe-web-5.0.14\classes\artifacts\coreframe_web_5_0_14_war_exploded\WEB-INF\lib\nekohtml-1.9.12.jar;C:\Users\CP\Downloads\workspace\coreframe-web-5.0.14\classes\artifacts\coreframe_web_5_0_14_war_exploded\WEB-INF\lib\netty-3.6.6.Final.jar;C:\Users\CP\Downloads\workspace\coreframe-web-5.0.14\classes\artifacts\coreframe_web_5_0_14_war_exploded\WEB-INF\lib\ognl-3.0.8.jar;C:\Users\CP\Downloads\workspace\coreframe-web-5.0.14\classes\artifacts\coreframe_web_5_0_14_war_exploded\WEB-INF\lib\ojdbc14-10.2.0.2.1.jar;C:\Users\CP\Downloads\workspace\coreframe-web-5.0.14\classes\artifacts\coreframe_web_5_0_14_war_exploded\WEB-INF\lib\servlet-api-2.3.jar;C:\Users\CP\Downloads\workspace\coreframe-web-5.0.14\classes\artifacts\coreframe_web_5_0_14_war_exploded\WEB-INF\lib\slf4j-api-1.6.6.jar;C:\Users\CP\Downloads\workspace\coreframe-web-5.0.14\classes\artifacts\coreframe_web_5_0_14_war_exploded\WEB-INF\lib\standard-1.1.2.jar;C:\Users\CP\Downloads\workspace\coreframe-web-5.0.14\classes\artifacts\coreframe_web_5_0_14_war_exploded\WEB-INF\lib\thymeleaf-2.1.5.RELEASE.jar;C:\Users\CP\Downloads\workspace\coreframe-web-5.0.14\classes\artifacts\coreframe_web_5_0_14_war_exploded\WEB-INF\lib\unbescape-1.1.0.RELEASE.jar;C:\Users\CP\Downloads\workspace\coreframe-web-5.0.14\classes\artifacts\coreframe_web_5_0_14_war_exploded\WEB-INF\lib\xalan-2.7.0.jar;C:\Users\CP\Downloads\workspace\coreframe-web-5.0.14\classes\artifacts\coreframe_web_5_0_14_war_exploded\WEB-INF\lib\xercesImpl-2.6.2.jar;C:\Users\CP\Downloads\workspace\coreframe-web-5.0.14\classes\artifacts\coreframe_web_5_0_14_war_exploded\WEB-INF\lib\xml-apis-1.0.b2.jar;C:\Users\CP\Downloads\workspace\coreframe-web-5.0.14\classes\artifacts\coreframe_web_5_0_14_war_exploded\WEB-INF\lib\xml-apis-ext-1.3.04.jar;C:\Users\CP\Downloads\workspace\coreframe-web-5.0.14\classes\artifacts\coreframe_web_5_0_14_war_exploded\WEB-INF\lib\xmlParserAPIs-2.6.2.jar;C:\Users\CP\Downloads\workspace\coreframe-web-5.0.14\classes\artifacts\coreframe_web_5_0_14_war_exploded\WEB-INF\lib\xom-1.1.jar;C:\Users\CP\Downloads\workspace\coreframe-web-5.0.14\classes\artifacts\coreframe_web_5_0_14_war_exploded\WEB-INF\classes;C:/Users/CP/Downloads/workspace/coreframe-web-5.0.14/classes/artifacts/coreframe_web_5_0_14_war_exploded/WEB-INF/lib/coreframe-core-5.0.20.jar
19/01/11 10:50:40.167 029 W1 <I> <Script Compiler> compile ...........................>
C:\Users\CP\Downloads\workspace\coreframe-web-5.0.14\classes\artifacts\coreframe_web_5_0_14_war_exploded\WEB-INF\coreframe/_work/gen_java\C_main_board_select_board.java
19/01/11 10:50:40.167 029 W1 <I> <JavaCompiler> BLD[/main_board/select_board] compile
javac -encoding utf-8 -classpath C:\Users\CP\Downloads\apache-tomcat-8.5.34\apache-tomcat-8.5.34\bin\bootstrap.jar;C:\Users\CP\Downloads\apache-tomcat-8.5.34\apache-tomcat-8.5.34\bin\tomcat-juli.jar;C:\Users\CP\Downloads\workspace\coreframe-web-5.0.14\classes\artifacts\coreframe_web_5_0_14_war_exploded\WEB-INF\lib\antisamy-1.4.3.jar;C:\Users\CP\Downloads\workspace\coreframe-web-5.0.14\classes\artifacts\coreframe_web_5_0_14_war_exploded\WEB-INF\lib\avalon-framework-4.1.3.jar;C:\Users\CP\Downloads\workspace\coreframe-web-5.0.14\classes\artifacts\coreframe_web_5_0_14_war_exploded\WEB-INF\lib\batik-css-1.7.jar;C:\Users\CP\Downloads\workspace\coreframe-web-5.0.14\classes\artifacts\coreframe_web_5_0_14_war_exploded\WEB-INF\lib\batik-ext-1.7.jar;C:\Users\CP\Downloads\workspace\coreframe-web-5.0.14\classes\artifacts\coreframe_web_5_0_14_war_exploded\WEB-INF\lib\batik-util-1.7.jar;C:\Users\CP\Downloads\workspace\coreframe-web-5.0.14\classes\artifacts\coreframe_web_5_0_14_war_exploded\WEB-INF\lib\bsh-core-2.0b4.jar;C:\Users\CP\Downloads\workspace\coreframe-web-5.0.14\classes\artifacts\coreframe_web_5_0_14_war_exploded\WEB-INF\lib\closure-compiler-r1055-jdk15.jar;C:\Users\CP\Downloads\workspace\coreframe-web-5.0.14\classes\artifacts\coreframe_web_5_0_14_war_exploded\WEB-INF\lib\commons-beanutils-1.9.2.jar;C:\Users\CP\Downloads\workspace\coreframe-web-5.0.14\classes\artifacts\coreframe_web_5_0_14_war_exploded\WEB-INF\lib\commons-beanutils-core-1.7.0.jar;C:\Users\CP\Downloads\workspace\coreframe-web-5.0.14\classes\artifacts\coreframe_web_5_0_14_war_exploded\WEB-INF\lib\commons-codec-1.2.jar;C:\Users\CP\Downloads\workspace\coreframe-web-5.0.14\classes\artifacts\coreframe_web_5_0_14_war_exploded\WEB-INF\lib\commons-collections-3.2.jar;C:\Users\CP\Downloads\workspace\coreframe-web-5.0.14\classes\artifacts\coreframe_web_5_0_14_war_exploded\WEB-INF\lib\commons-configuration-1.5.jar;C:\Users\CP\Downloads\workspace\coreframe-web-5.0.14\classes\artifacts\coreframe_web_5_0_14_war_exploded\WEB-INF\lib\commons-digester-1.8.1.jar;C:\Users\CP\Downloads\workspace\coreframe-web-5.0.14\classes\artifacts\coreframe_web_5_0_14_war_exploded\WEB-INF\lib\commons-fileupload-1.2.jar;C:\Users\CP\Downloads\workspace\coreframe-web-5.0.14\classes\artifacts\coreframe_web_5_0_14_war_exploded\WEB-INF\lib\commons-httpclient-3.1.jar;C:\Users\CP\Downloads\workspace\coreframe-web-5.0.14\classes\artifacts\coreframe_web_5_0_14_war_exploded\WEB-INF\lib\commons-lang-2.3.jar;C:\Users\CP\Downloads\workspace\coreframe-web-5.0.14\classes\artifacts\coreframe_web_5_0_14_war_exploded\WEB-INF\lib\commons-logging-1.1.jar;C:\Users\CP\Downloads\workspace\coreframe-web-5.0.14\classes\artifacts\coreframe_web_5_0_14_war_exploded\WEB-INF\lib\commons-validator-1.5.1.jar;C:\Users\CP\Downloads\workspace\coreframe-web-5.0.14\classes\artifacts\coreframe_web_5_0_14_war_exploded\WEB-INF\lib\concurrent-1.0.jar;C:\Users\CP\Downloads\workspace\coreframe-web-5.0.14\classes\artifacts\coreframe_web_5_0_14_war_exploded\WEB-INF\lib\coreframe-core-5.0.20.jar;C:\Users\CP\Downloads\workspace\coreframe-web-5.0.14\classes\artifacts\coreframe_web_5_0_14_war_exploded\WEB-INF\lib\cos.jar;C:\Users\CP\Downloads\workspace\coreframe-web-5.0.14\classes\artifacts\coreframe_web_5_0_14_war_exploded\WEB-INF\lib\derby-10.11.1.1.jar;C:\Users\CP\Downloads\workspace\coreframe-web-5.0.14\classes\artifacts\coreframe_web_5_0_14_war_exploded\WEB-INF\lib\derbynet-10.11.1.1.jar;C:\Users\CP\Downloads\workspace\coreframe-web-5.0.14\classes\artifacts\coreframe_web_5_0_14_war_exploded\WEB-INF\lib\dom4j-1.6.1.jar;C:\Users\CP\Downloads\workspace\coreframe-web-5.0.14\classes\artifacts\coreframe_web_5_0_14_war_exploded\WEB-INF\lib\esapi-2.0.1.jar;C:\Users\CP\Downloads\workspace\coreframe-web-5.0.14\classes\artifacts\coreframe_web_5_0_14_war_exploded\WEB-INF\lib\javassist-3.16.1-GA.jar;C:\Users\CP\Downloads\workspace\coreframe-web-5.0.14\classes\artifacts\coreframe_web_5_0_14_war_exploded\WEB-INF\lib\jaxen-1.1-beta-8.jar;C:\Users\CP\Downloads\workspace\coreframe-web-5.0.14\classes\artifacts\coreframe_web_5_0_14_war_exploded\WEB-INF\lib\jcs-1.3.jar;C:\Users\CP\Downloads\workspace\coreframe-web-5.0.14\classes\artifacts\coreframe_web_5_0_14_war_exploded\WEB-INF\lib\jdom-1.0.jar;C:\Users\CP\Downloads\workspace\coreframe-web-5.0.14\classes\artifacts\coreframe_web_5_0_14_war_exploded\WEB-INF\lib\js-15-1.7R4.jar;C:\Users\CP\Downloads\workspace\coreframe-web-5.0.14\classes\artifacts\coreframe_web_5_0_14_war_exploded\WEB-INF\lib\jstl-1.1.2.jar;C:\Users\CP\Downloads\workspace\coreframe-web-5.0.14\classes\artifacts\coreframe_web_5_0_14_war_exploded\WEB-INF\lib\jtidy-r938.jar;C:\Users\CP\Downloads\workspace\coreframe-web-5.0.14\classes\artifacts\coreframe_web_5_0_14_war_exploded\WEB-INF\lib\log4j-1.2.16.jar;C:\Users\CP\Downloads\workspace\coreframe-web-5.0.14\classes\artifacts\coreframe_web_5_0_14_war_exploded\WEB-INF\lib\logkit-1.0.1.jar;C:\Users\CP\Downloads\workspace\coreframe-web-5.0.14\classes\artifacts\coreframe_web_5_0_14_war_exploded\WEB-INF\lib\lucene-analyzers-common-4.0.0-BETA.jar;C:\Users\CP\Downloads\workspace\coreframe-web-5.0.14\classes\artifacts\coreframe_web_5_0_14_war_exploded\WEB-INF\lib\lucene-core-3.6.2.jar;C:\Users\CP\Downloads\workspace\coreframe-web-5.0.14\classes\artifacts\coreframe_web_5_0_14_war_exploded\WEB-INF\lib\mysql-connector-java-5.1.6.jar;C:\Users\CP\Downloads\workspace\coreframe-web-5.0.14\classes\artifacts\coreframe_web_5_0_14_war_exploded\WEB-INF\lib\nekohtml-1.9.12.jar;C:\Users\CP\Downloads\workspace\coreframe-web-5.0.14\classes\artifacts\coreframe_web_5_0_14_war_exploded\WEB-INF\lib\netty-3.6.6.Final.jar;C:\Users\CP\Downloads\workspace\coreframe-web-5.0.14\classes\artifacts\coreframe_web_5_0_14_war_exploded\WEB-INF\lib\ognl-3.0.8.jar;C:\Users\CP\Downloads\workspace\coreframe-web-5.0.14\classes\artifacts\coreframe_web_5_0_14_war_exploded\WEB-INF\lib\ojdbc14-10.2.0.2.1.jar;C:\Users\CP\Downloads\workspace\coreframe-web-5.0.14\classes\artifacts\coreframe_web_5_0_14_war_exploded\WEB-INF\lib\servlet-api-2.3.jar;C:\Users\CP\Downloads\workspace\coreframe-web-5.0.14\classes\artifacts\coreframe_web_5_0_14_war_exploded\WEB-INF\lib\slf4j-api-1.6.6.jar;C:\Users\CP\Downloads\workspace\coreframe-web-5.0.14\classes\artifacts\coreframe_web_5_0_14_war_exploded\WEB-INF\lib\standard-1.1.2.jar;C:\Users\CP\Downloads\workspace\coreframe-web-5.0.14\classes\artifacts\coreframe_web_5_0_14_war_exploded\WEB-INF\lib\thymeleaf-2.1.5.RELEASE.jar;C:\Users\CP\Downloads\workspace\coreframe-web-5.0.14\classes\artifacts\coreframe_web_5_0_14_war_exploded\WEB-INF\lib\unbescape-1.1.0.RELEASE.jar;C:\Users\CP\Downloads\workspace\coreframe-web-5.0.14\classes\artifacts\coreframe_web_5_0_14_war_exploded\WEB-INF\lib\xalan-2.7.0.jar;C:\Users\CP\Downloads\workspace\coreframe-web-5.0.14\classes\artifacts\coreframe_web_5_0_14_war_exploded\WEB-INF\lib\xercesImpl-2.6.2.jar;C:\Users\CP\Downloads\workspace\coreframe-web-5.0.14\classes\artifacts\coreframe_web_5_0_14_war_exploded\WEB-INF\lib\xml-apis-1.0.b2.jar;C:\Users\CP\Downloads\workspace\coreframe-web-5.0.14\classes\artifacts\coreframe_web_5_0_14_war_exploded\WEB-INF\lib\xml-apis-ext-1.3.04.jar;C:\Users\CP\Downloads\workspace\coreframe-web-5.0.14\classes\artifacts\coreframe_web_5_0_14_war_exploded\WEB-INF\lib\xmlParserAPIs-2.6.2.jar;C:\Users\CP\Downloads\workspace\coreframe-web-5.0.14\classes\artifacts\coreframe_web_5_0_14_war_exploded\WEB-INF\lib\xom-1.1.jar;C:\Users\CP\Downloads\workspace\coreframe-web-5.0.14\classes\artifacts\coreframe_web_5_0_14_war_exploded\WEB-INF\classes;C:/Users/CP/Downloads/workspace/coreframe-web-5.0.14/classes/artifacts/coreframe_web_5_0_14_war_exploded/WEB-INF/lib/coreframe-core-5.0.20.jar -d C:\Users\CP\Downloads\workspace\coreframe-web-5.0.14\classes\artifacts\coreframe_web_5_0_14_war_exploded\WEB-INF\coreframe/_work/gen_java C:\Users\CP\Downloads\workspace\coreframe-web-5.0.14\classes\artifacts\coreframe_web_5_0_14_war_exploded\WEB-INF\coreframe/_work/gen_java\C_main_board_select_board.java19/01/11 10:50:39.825 029 W1 <D> <f:LocalInteraction> execute /main_board/select_board
19/01/11 10:50:42.723 029 W1 <D> <f:BusinessLogicContextProcess> LOAD:/main_board/select_board
19/01/11 10:50:42.725 029 W1 <D> <f:ConnectionManager> jdbc:oracle:thin:@localhost:1521:xe : oracle.jdbc.driver.OracleDriver
19/01/11 10:50:42.760 029 W1 <D> <f:ConnectionManager> getConnection [JDBC] jdbc:oracle:thin:@localhost:1521:xe oracle.jdbc.driver.T4CConnection@25bec8e8
19/01/11 10:50:43.364 029 W1 <D> <f:LocalInteraction> execute /main_board/select_board
19/01/11 10:50:43.364 029 W1 <D> <f:ConnectionManager> jdbc:oracle:thin:@localhost:1521:xe : oracle.jdbc.driver.OracleDriver
19/01/11 10:50:43.398 029 W1 <D> <f:ConnectionManager> getConnection [JDBC] jdbc:oracle:thin:@localhost:1521:xe oracle.jdbc.driver.T4CConnection@564ac872
19/01/11 10:50:43.408 029 W1 <D> <f:WebController> view:/curriculum1.4/list.jsp
19/01/11 10:50:55.845 032 W1 <D> <f:JspController> process cmd:contents
19/01/11 10:50:55.846 032 W1 <D> <f:LocalInteraction> execute /main_board/select_board
19/01/11 10:50:55.850 032 W1 <D> <f:ConnectionManager> jdbc:oracle:thin:@localhost:1521:xe : oracle.jdbc.driver.OracleDriver
19/01/11 10:50:55.901 032 W1 <D> <f:ConnectionManager> getConnection [JDBC] jdbc:oracle:thin:@localhost:1521:xe oracle.jdbc.driver.T4CConnection@16c85d46
19/01/11 10:50:55.910 032 W1 <D> <f:WebController> view:/curriculum1.4/content_view.jsp
19/01/11 10:50:57.956 034 W1 <D> <f:JspController> process cmd:board
19/01/11 10:50:57.956 034 W1 <D> <f:LocalInteraction> execute /main_board/select_board
19/01/11 10:50:57.956 034 W1 <D> <f:ConnectionManager> jdbc:oracle:thin:@localhost:1521:xe : oracle.jdbc.driver.OracleDriver
19/01/11 10:50:57.991 034 W1 <D> <f:ConnectionManager> getConnection [JDBC] jdbc:oracle:thin:@localhost:1521:xe oracle.jdbc.driver.T4CConnection@2ffa605
19/01/11 10:50:57.996 034 W1 <D> <f:LocalInteraction> execute /main_board/select_board
19/01/11 10:50:57.996 034 W1 <D> <f:ConnectionManager> jdbc:oracle:thin:@localhost:1521:xe : oracle.jdbc.driver.OracleDriver
19/01/11 10:50:58.043 034 W1 <D> <f:ConnectionManager> getConnection [JDBC] jdbc:oracle:thin:@localhost:1521:xe oracle.jdbc.driver.T4CConnection@c38482a
19/01/11 10:50:58.049 034 W1 <D> <f:WebController> view:/curriculum1.4/list.jsp
19/01/11 10:50:58.953 033 W1 <D> <f:JspController> process cmd:contents
19/01/11 10:50:58.954 033 W1 <D> <f:LocalInteraction> execute /main_board/select_board
19/01/11 10:50:58.954 033 W1 <D> <f:ConnectionManager> jdbc:oracle:thin:@localhost:1521:xe : oracle.jdbc.driver.OracleDriver
19/01/11 10:50:59.011 033 W1 <D> <f:ConnectionManager> getConnection [JDBC] jdbc:oracle:thin:@localhost:1521:xe oracle.jdbc.driver.T4CConnection@6bb19c95
19/01/11 10:50:59.014 033 W1 <D> <f:WebController> view:/curriculum1.4/content_view.jsp
19/01/11 10:51:00.078 035 W1 <D> <f:JspController> process cmd:board
19/01/11 10:51:00.078 035 W1 <D> <f:LocalInteraction> execute /main_board/select_board
19/01/11 10:51:00.078 035 W1 <D> <f:ConnectionManager> jdbc:oracle:thin:@localhost:1521:xe : oracle.jdbc.driver.OracleDriver
19/01/11 10:51:00.115 035 W1 <D> <f:ConnectionManager> getConnection [JDBC] jdbc:oracle:thin:@localhost:1521:xe oracle.jdbc.driver.T4CConnection@35dc0c65
19/01/11 10:51:00.119 035 W1 <D> <f:LocalInteraction> execute /main_board/select_board
19/01/11 10:51:00.119 035 W1 <D> <f:ConnectionManager> jdbc:oracle:thin:@localhost:1521:xe : oracle.jdbc.driver.OracleDriver
19/01/11 10:51:00.155 035 W1 <D> <f:ConnectionManager> getConnection [JDBC] jdbc:oracle:thin:@localhost:1521:xe oracle.jdbc.driver.T4CConnection@5904f8e2
19/01/11 10:51:00.161 035 W1 <D> <f:WebController> view:/curriculum1.4/list.jsp
19/01/11 10:51:01.255 026 W1 <D> <f:JspController> process cmd:contents
19/01/11 10:51:01.255 026 W1 <D> <f:LocalInteraction> execute /main_board/select_board
19/01/11 10:51:01.256 026 W1 <D> <f:ConnectionManager> jdbc:oracle:thin:@localhost:1521:xe : oracle.jdbc.driver.OracleDriver
19/01/11 10:51:01.315 026 W1 <D> <f:ConnectionManager> getConnection [JDBC] jdbc:oracle:thin:@localhost:1521:xe oracle.jdbc.driver.T4CConnection@6cb9f5ca
19/01/11 10:51:01.318 026 W1 <D> <f:WebController> view:/curriculum1.4/content_view.jsp
19/01/11 10:51:02.468 028 W1 <D> <f:JspController> process cmd:board
19/01/11 10:51:02.468 028 W1 <D> <f:LocalInteraction> execute /main_board/select_board
19/01/11 10:51:02.468 028 W1 <D> <f:ConnectionManager> jdbc:oracle:thin:@localhost:1521:xe : oracle.jdbc.driver.OracleDriver
19/01/11 10:51:02.500 028 W1 <D> <f:ConnectionManager> getConnection [JDBC] jdbc:oracle:thin:@localhost:1521:xe oracle.jdbc.driver.T4CConnection@678f6b62
