19/01/15 17:06:23.697 068 W1 <U> GUEST 97DDE42E3EB610A417AD44901CF132CC null -1 /curriculum1.4/loginForm.jsp NO-BLD
19/01/15 17:06:23.795 066 W1 <U> GUEST 97DDE42E3EB610A417AD44901CF132CC null -1 /curriculum1.4/js/myscript.js NO-BLD
19/01/15 17:07:23.691 067 W1 <U> GUEST 4BC6618878CD94A2148F4B9DADBC0361 null -1 /curriculum1.4/login_controller.jspx?cmd=insertMember&id=ee&pw=ee /member/insert_member
19/01/15 17:07:44.277 063 W1 <U> GUEST 7E510B897A305A1097B003B838B1BC75 null -1 /curriculum1.4/login_controller.jspx?cmd=insertMember&id=ee&pw=ee /member/insert_member
19/01/15 17:07:56.466 062 W1 <U> GUEST 7E510B897A305A1097B003B838B1BC75 null -1 /curriculum1.4/login_controller.jspx?cmd=insertMember&id=tt&pw=tt /member/insert_member
19/01/15 17:07:56.487 063 W1 <U> GUEST 7E510B897A305A1097B003B838B1BC75 null -1 /curriculum1.4/loginForm.jsp NO-BLD
19/01/15 17:08:35.199 064 W1 <U> GUEST 2BDBB548A805CC81D72E8BC230DC4760 null -1 /curriculum1.4/login_controller.jspx?cmd=insertMember&id=yy&pw=yy /member/insert_member
19/01/15 17:08:35.211 068 W1 <U> GUEST 2BDBB548A805CC81D72E8BC230DC4760 null -1 /curriculum1.4/loginForm.jsp NO-BLD
19/01/15 17:08:50.789 062 W1 <U> GUEST 2BDBB548A805CC81D72E8BC230DC4760 null -1 /curriculum1.4/login_controller.jspx?cmd=loginConfirm&id=yy&pw=yy /member/login_confirm
19/01/15 17:09:08.280 065 W1 <U> GUEST 2BDBB548A805CC81D72E8BC230DC4760 null -1 /curriculum1.4/login_controller.jspx?cmd=loginConfirm&id=yy&pw=yy /member/login_confirm
19/01/15 17:11:57.486 062 W1 <U> GUEST 36E577A2345F7107379B11270D536145 null -1 /curriculum1.4/login_controller.jspx?cmd=loginConfirm&id=dd&pw=dd /member/login_confirm
19/01/15 17:11:58.692 067 W1 <U> GUEST 4AE8C9E22CE049DD58E0825D3EC748FA null -1 /curriculum1.4/login_controller.jspx?cmd=insertMember&id=dd&pw=dd /member/insert_member
19/01/15 17:11:58.704 063 W1 <U> GUEST 4AE8C9E22CE049DD58E0825D3EC748FA null -1 /curriculum1.4/loginForm.jsp NO-BLD
19/01/15 17:12:16.521 066 W1 <U> GUEST 4AE8C9E22CE049DD58E0825D3EC748FA null -1 /curriculum1.4/login_controller.jspx?cmd=loginConfirm&id=dd&pw=dd /member/login_confirm
19/01/15 17:19:03.763 068 W1 <U> GUEST 97DDE42E3EB610A417AD44901CF132CC null -1 /curriculum1.4/signUpForm.jsp NO-BLD
19/01/15 17:19:03.880 061 W1 <U> GUEST 97DDE42E3EB610A417AD44901CF132CC null -1 /curriculum1.4/js/myscript.js NO-BLD
19/01/15 17:19:06.115 066 W1 <U> GUEST 97DDE42E3EB610A417AD44901CF132CC null -1 /curriculum1.4/login_controller.jspx?cmd=insertMember /member/insert_member
19/01/15 17:19:06.128 067 W1 <U> GUEST 97DDE42E3EB610A417AD44901CF132CC null -1 /curriculum1.4/loginForm.jsp NO-BLD
19/01/15 17:21:28.590 065 W1 <U> GUEST 4AE8C9E22CE049DD58E0825D3EC748FA null -1 /curriculum1.4/login_controller.jspx?cmd=insertMember&id=rr&pw=rr /member/insert_member
19/01/15 17:21:28.602 063 W1 <U> GUEST 4AE8C9E22CE049DD58E0825D3EC748FA null -1 /curriculum1.4/loginForm.jsp NO-BLD
