19/01/11 18:03:42.298 069 W1 <U> GUEST 5CC3ABA23BC2F5D55EC8C08AC6A38FB5 null -1 /curriculum1.4/js/myscript.js NO-BLD
19/01/11 18:03:42.300 065 W1 <U> GUEST 5CC3ABA23BC2F5D55EC8C08AC6A38FB5 null -1 /curriculum1.4/controller.jspx /main_board/select_board,/main_board/select_board
19/01/11 18:03:42.480 066 W1 <U> GUEST 5CC3ABA23BC2F5D55EC8C08AC6A38FB5 null -1 /curriculum1.4/js/jquery-3.2.1.js NO-BLD
19/01/11 18:07:41.140 067 W1 <U> GUEST 5CC3ABA23BC2F5D55EC8C08AC6A38FB5 null -1 /curriculum1.4/loginForm.jsp. NO-BLD
19/01/11 18:07:46.354 062 W1 <U> GUEST 5CC3ABA23BC2F5D55EC8C08AC6A38FB5 null -1 /curriculum1.4/loginForm.jsp NO-BLD
19/01/11 18:07:46.437 067 W1 <U> GUEST 5CC3ABA23BC2F5D55EC8C08AC6A38FB5 null -1 /curriculum1.4/js/myscript.js NO-BLD
19/01/11 18:07:46.445 069 W1 <U> GUEST 5CC3ABA23BC2F5D55EC8C08AC6A38FB5 null -1 /curriculum1.4/js/jquery-3.2.1.js NO-BLD
19/01/11 18:07:53.560 064 W1 <U> GUEST 5CC3ABA23BC2F5D55EC8C08AC6A38FB5 null -1 /curriculum1.4/signUpForm.jsp NO-BLD
19/01/11 18:08:37.321 069 W1 <U> GUEST 5CC3ABA23BC2F5D55EC8C08AC6A38FB5 null -1 /curriculum1.4/signUpForm.jsp NO-BLD
19/01/11 18:08:40.643 065 W1 <U> GUEST 5CC3ABA23BC2F5D55EC8C08AC6A38FB5 null -1 /curriculum1.4/signUpForm.jsp NO-BLD
19/01/11 18:08:40.773 068 W1 <U> GUEST 5CC3ABA23BC2F5D55EC8C08AC6A38FB5 null -1 /curriculum1.4/js/jquery-3.2.1.js NO-BLD
19/01/11 18:08:40.773 068 W1 <U> GUEST 5CC3ABA23BC2F5D55EC8C08AC6A38FB5 null -1 /curriculum1.4/js/myscript.js NO-BLD
19/01/11 18:09:44.731 064 W1 <U> GUEST 5CC3ABA23BC2F5D55EC8C08AC6A38FB5 null -1 /curriculum1.4/loginForm.jsp NO-BLD
19/01/11 18:09:44.839 065 W1 <U> GUEST 5CC3ABA23BC2F5D55EC8C08AC6A38FB5 null -1 /curriculum1.4/js/myscript.js NO-BLD
19/01/11 18:09:44.844 063 W1 <U> GUEST 5CC3ABA23BC2F5D55EC8C08AC6A38FB5 null -1 /curriculum1.4/js/jquery-3.2.1.js NO-BLD
19/01/11 18:09:51.198 063 W1 <U> GUEST 5CC3ABA23BC2F5D55EC8C08AC6A38FB5 null -1 /curriculum1.4/login_controller.jspx?cmd=loginConfirm /member/login_confirm
19/01/11 18:11:22.919 062 W1 <U> GUEST 52942D77C5966234797C3E8719A44CD6 null -1 /curriculum1.4/loginForm.jsp NO-BLD
19/01/11 18:11:23.018 062 W1 <U> GUEST 52942D77C5966234797C3E8719A44CD6 null -1 /curriculum1.4/js/myscript.js NO-BLD
19/01/11 18:11:23.018 062 W1 <U> GUEST 52942D77C5966234797C3E8719A44CD6 null -1 /curriculum1.4/js/jquery-3.2.1.js NO-BLD
19/01/11 18:11:25.702 060 W1 <U> GUEST 52942D77C5966234797C3E8719A44CD6 null -1 /curriculum1.4/signUpForm.jsp NO-BLD
19/01/11 18:11:38.024 067 W1 <U> GUEST 52942D77C5966234797C3E8719A44CD6 null -1 /curriculum1.4/login_controller.jspx?cmd=insertMember /member/insert_member
19/01/11 18:12:19.752 063 W1 <U> GUEST 52942D77C5966234797C3E8719A44CD6 null -1 /curriculum1.4/login_controller.jspx?cmd=insertMember /member/insert_member
19/01/11 18:13:05.576 059 W1 <U> GUEST 91AC16339BADA2C9BBF37AA2A607CF0F null -1 /curriculum1.4/loginForm.jsp NO-BLD
19/01/11 18:13:05.649 063 W1 <U> GUEST 91AC16339BADA2C9BBF37AA2A607CF0F null -1 /curriculum1.4/js/myscript.js NO-BLD
19/01/11 18:13:05.657 065 W1 <U> GUEST 91AC16339BADA2C9BBF37AA2A607CF0F null -1 /curriculum1.4/js/jquery-3.2.1.js NO-BLD
19/01/11 18:13:10.215 059 W1 <U> GUEST 91AC16339BADA2C9BBF37AA2A607CF0F null -1 /curriculum1.4/signUpForm.jsp NO-BLD
19/01/11 18:13:15.501 063 W1 <U> GUEST 91AC16339BADA2C9BBF37AA2A607CF0F null -1 /curriculum1.4/login_controller.jspx?cmd=insertMember /member/insert_member
19/01/11 18:13:15.517 058 W1 <U> GUEST 91AC16339BADA2C9BBF37AA2A607CF0F null -1 /curriculum1.4/loginForm.jsp NO-BLD
19/01/11 18:13:20.368 060 W1 <U> GUEST 91AC16339BADA2C9BBF37AA2A607CF0F null -1 /curriculum1.4/login_controller.jspx?cmd=loginConfirm /member/login_confirm
