19/01/15 17:06:23.694 067 W1 <M> 28 coreview.layout.filter.UIFilter (/curriculum1.4/loginForm.jsp)
0 coreview.layout.filter.UIFilter (/curriculum1.4/loginForm.jsp) 1715
19/01/15 17:07:23.691 067 W1 <M> 30 coreview.layout.filter.UIFilter (/curriculum1.4/login_controller.jspx?cmd=insertMember&id=ee&pw=ee)
2 coreframe.db.ConnectionManager (member) 28
2 corelogic.spi.process.QueryOperator (TR:/member/insert_member ID:insertMember) 401
1 corelogic.adapter.LocalInteraction (dbms /member/insert_member) 431
0 coreview.layout.filter.UIFilter (/curriculum1.4/login_controller.jspx?cmd=insertMember&id=ee&pw=ee) 4653
19/01/15 17:07:44.323 061 W1 <M> URL ERROR

*REQUEST[null] null
*EXCEPTION
java.io.IOException: coreframe.data.ResourceException: /member/insert_member SQLException:ORA-00001: unique constraint (SCOTT.SYS_C006997) violated
; nested exception is: 
	java.sql.SQLException: ORA-00001: unique constraint (SCOTT.SYS_C006997) violated

	at org.apache.jasper.servlet.JspServletWrapper.service(JspServletWrapper.java:485)
	at org.apache.jasper.servlet.JspServlet.serviceJspFile(JspServlet.java:386)
	at org.apache.jasper.servlet.JspServlet.service(JspServlet.java:330)
	at javax.servlet.http.HttpServlet.service(HttpServlet.java:742)
	at org.apache.catalina.core.ApplicationFilterChain.internalDoFilter(ApplicationFilterChain.java:231)
	at org.apache.catalina.core.ApplicationFilterChain.doFilter(ApplicationFilterChain.java:166)
	at org.apache.tomcat.websocket.server.WsFilter.doFilter(WsFilter.java:52)
	at org.apache.catalina.core.ApplicationFilterChain.internalDoFilter(ApplicationFilterChain.java:193)
	at org.apache.catalina.core.ApplicationFilterChain.doFilter(ApplicationFilterChain.java:166)
	at coreview.layout.filter.UIFilter.doFilter(UIFilter.java:534)
	at org.apache.catalina.core.ApplicationFilterChain.internalDoFilter(ApplicationFilterChain.java:193)
	at org.apache.catalina.core.ApplicationFilterChain.doFilter(ApplicationFilterChain.java:166)
	at org.apache.catalina.core.StandardWrapperValve.invoke(StandardWrapperValve.java:198)
	at org.apache.catalina.core.StandardContextValve.invoke(StandardContextValve.java:96)
	at org.apache.catalina.authenticator.AuthenticatorBase.invoke(AuthenticatorBase.java:493)
	at org.apache.catalina.core.StandardHostValve.invoke(StandardHostValve.java:140)
	at org.apache.catalina.valves.ErrorReportValve.invoke(ErrorReportValve.java:81)
	at org.apache.catalina.valves.AbstractAccessLogValve.invoke(AbstractAccessLogValve.java:650)
	at org.apache.catalina.core.StandardEngineValve.invoke(StandardEngineValve.java:87)
	at org.apache.catalina.connector.CoyoteAdapter.service(CoyoteAdapter.java:342)
	at org.apache.coyote.http11.Http11Processor.service(Http11Processor.java:800)
	at org.apache.coyote.AbstractProcessorLight.process(AbstractProcessorLight.java:66)
	at org.apache.coyote.AbstractProtocol$ConnectionHandler.process(AbstractProtocol.java:806)
	at org.apache.tomcat.util.net.NioEndpoint$SocketProcessor.doRun(NioEndpoint.java:1498)
	at org.apache.tomcat.util.net.SocketProcessorBase.run(SocketProcessorBase.java:49)
	at java.util.concurrent.ThreadPoolExecutor.runWorker(ThreadPoolExecutor.java:1149)
	at java.util.concurrent.ThreadPoolExecutor$Worker.run(ThreadPoolExecutor.java:624)
	at org.apache.tomcat.util.threads.TaskThread$WrappingRunnable.run(TaskThread.java:61)
	at java.lang.Thread.run(Thread.java:748)
Caused by: coreframe.data.ResourceException: /member/insert_member SQLException:ORA-00001: unique constraint (SCOTT.SYS_C006997) violated
; nested exception is: 
	java.sql.SQLException: ORA-00001: unique constraint (SCOTT.SYS_C006997) violated

	at corelogic.adapter.dbms.DbmsInteraction.execute(DbmsInteraction.java:196)
	at corelogic.adapter.dbms.DbmsInteraction.execute(DbmsInteraction.java:69)
	at corelogic.adapter.LocalInteraction.execute(LocalInteraction.java:277)
	at coreframe.data.InteractionBean.execute(InteractionBean.java:120)
	at org.apache.jsp.curriculum1_4.login_005fcontroller_jspx.insertMember(login_005fcontroller_jspx.java:50)
	at sun.reflect.NativeMethodAccessorImpl.invoke0(Native Method)
	at sun.reflect.NativeMethodAccessorImpl.invoke(NativeMethodAccessorImpl.java:62)
	at sun.reflect.DelegatingMethodAccessorImpl.invoke(DelegatingMethodAccessorImpl.java:43)
	at java.lang.reflect.Method.invoke(Method.java:498)
	at coreframe.http.JspxController.invokeMethod(JspxController.java:196)
	at coreframe.http.JspxController.doService(JspxController.java:281)
	at coreframe.http.JspxController.service(JspxController.java:182)
	at org.apache.jasper.servlet.JspServletWrapper.service(JspServletWrapper.java:457)
	... 28 more
Caused by: java.sql.SQLException: ORA-00001: unique constraint (SCOTT.SYS_C006997) violated

	at oracle.jdbc.driver.DatabaseError.throwSqlException(DatabaseError.java:113)
	at oracle.jdbc.driver.T4CTTIoer.processError(T4CTTIoer.java:331)
	at oracle.jdbc.driver.T4CTTIoer.processError(T4CTTIoer.java:288)
	at oracle.jdbc.driver.T4C8Oall.receive(T4C8Oall.java:754)
	at oracle.jdbc.driver.T4CPreparedStatement.doOall8(T4CPreparedStatement.java:219)
	at oracle.jdbc.driver.T4CPreparedStatement.executeForRows(T4CPreparedStatement.java:972)
	at oracle.jdbc.driver.OracleStatement.doExecuteWithTimeout(OracleStatement.java:1192)
	at oracle.jdbc.driver.OraclePreparedStatement.executeInternal(OraclePreparedStatement.java:3415)
	at oracle.jdbc.driver.OraclePreparedStatement.executeUpdate(OraclePreparedStatement.java:3499)
	at corelogic.spi.process.QueryOperator.execute(QueryOperator.java:1171)
	at corelogic.adapter.dbms.DbmsProcessor.executeSQL(DbmsProcessor.java:532)
	at ioprocess.C_member_insert_member.execute(C_member_insert_member.java:17)
	at corelogic.adapter.dbms.DbmsInteraction.execute(DbmsInteraction.java:189)
	... 40 more

19/01/15 17:08:50.789 062 W1 <M> 29 coreview.layout.filter.UIFilter (/curriculum1.4/login_controller.jspx?cmd=loginConfirm&id=yy&pw=yy)
2 coreframe.db.ConnectionManager (member) 45
2 corelogic.spi.process.QueryOperator (TR:/member/login_confirm ID:loginConfirm) 305
1 corelogic.adapter.LocalInteraction (dbms /member/login_confirm) 350
0 coreview.layout.filter.UIFilter (/curriculum1.4/login_controller.jspx?cmd=loginConfirm&id=yy&pw=yy) 5803
19/01/15 17:11:57.486 062 W1 <M> 32 coreview.layout.filter.UIFilter (/curriculum1.4/login_controller.jspx?cmd=loginConfirm&id=dd&pw=dd)
2 coreframe.db.ConnectionManager (member) 89
2 corelogic.spi.process.QueryOperator (TR:/member/login_confirm ID:loginConfirm) 1
1 corelogic.adapter.LocalInteraction (dbms /member/login_confirm) 90
0 coreview.layout.filter.UIFilter (/curriculum1.4/login_controller.jspx?cmd=loginConfirm&id=dd&pw=dd) 2282
19/01/15 17:19:03.763 065 W1 <M> 26 coreview.layout.filter.UIFilter (/curriculum1.4/signUpForm.jsp)
0 coreview.layout.filter.UIFilter (/curriculum1.4/signUpForm.jsp) 1072
