18/11/02 10:06:54.687 016 W1 <U> GUEST 8BEEEEFD62713BE0CB76ED3EDF22A05D null -1 /coreframe-web-5.0.14/apps/admin NO-BLD
18/11/02 10:06:54.701 017 W1 <U> GUEST C73629631A7BD7FC8877162D7735776C null -1 /coreframe-web-5.0.14/apps/admin NO-BLD
18/11/02 10:06:57.913 018 W1 <U> GUEST 8BEEEEFD62713BE0CB76ED3EDF22A05D null -1 /coreframe-web-5.0.14/apps/admin/sysinfo NO-BLD
18/11/02 10:07:26.736 021 W1 <U> GUEST 8BEEEEFD62713BE0CB76ED3EDF22A05D null 000000 /coreframe-web-5.0.14/coreframe/sample-application/case1/index.jsp NO-BLD
18/11/02 10:07:58.173 016 W1 <U> GUEST 8BEEEEFD62713BE0CB76ED3EDF22A05D null 000200 /coreframe-web-5.0.14/coreframe/sample-application/case3/index.jsp NO-BLD
18/11/02 10:08:03.239 019 W1 <U> GUEST 8BEEEEFD62713BE0CB76ED3EDF22A05D null 000300 /coreframe-web-5.0.14/coreframe/sample-application/case4/index.jsp NO-BLD
18/11/02 10:08:17.219 019 W1 <U> GUEST 8BEEEEFD62713BE0CB76ED3EDF22A05D null 000400 /coreframe-web-5.0.14/coreframe/sample-application/case5/index.jsp NO-BLD
18/11/02 10:08:21.989 020 W1 <U> GUEST 8BEEEEFD62713BE0CB76ED3EDF22A05D null 000200 /coreframe-web-5.0.14/coreframe/sample-application/case3/index.jsp NO-BLD
18/11/02 10:08:24.685 017 W1 <U> GUEST 8BEEEEFD62713BE0CB76ED3EDF22A05D null 000100 /coreframe-web-5.0.14/coreframe/sample-application/case2/index.jsp NO-BLD
18/11/02 10:08:26.808 022 W1 <U> GUEST 8BEEEEFD62713BE0CB76ED3EDF22A05D null 000200 /coreframe-web-5.0.14/coreframe/sample-application/case3/index.jsp NO-BLD
18/11/02 10:08:28.502 021 W1 <U> GUEST 8BEEEEFD62713BE0CB76ED3EDF22A05D null 000000 /coreframe-web-5.0.14/coreframe/sample-application/case1/index.jsp NO-BLD
18/11/02 10:08:30.052 019 W1 <U> GUEST 8BEEEEFD62713BE0CB76ED3EDF22A05D null 000100 /coreframe-web-5.0.14/coreframe/sample-application/case2/index.jsp NO-BLD
18/11/02 10:08:35.209 021 W1 <U> GUEST 8BEEEEFD62713BE0CB76ED3EDF22A05D null 000101 /coreframe-web-5.0.14/coreframe/sample-application/case2/city.jsp samples/database/listCities
18/11/02 10:08:52.607 020 W1 <U> GUEST 8BEEEEFD62713BE0CB76ED3EDF22A05D null 000101 /coreframe-web-5.0.14/coreframe/sample-application/case2/city.jsp?cmd=view&id=1 samples/database/readCity
18/11/02 10:08:52.618 019 W1 <U> GUEST 8BEEEEFD62713BE0CB76ED3EDF22A05D null 000101 /coreframe-web-5.0.14/coreframe/sample-application/case2/city.jsp?cmd=view&id=1 samples/database/readCity
18/11/02 10:09:04.728 020 W1 <U> GUEST 8BEEEEFD62713BE0CB76ED3EDF22A05D null 000200 /coreframe-web-5.0.14/coreframe/sample-application/case3/index.jsp NO-BLD
18/11/02 10:09:18.962 016 W1 <U> GUEST 8BEEEEFD62713BE0CB76ED3EDF22A05D null 000201 /coreframe-web-5.0.14/coreframe/sample-application/case3/city.jsp samples/database/listCities
18/11/02 10:09:22.950 022 W1 <U> GUEST 8BEEEEFD62713BE0CB76ED3EDF22A05D null 000201 /coreframe-web-5.0.14/coreframe/sample-application/case3/city.jsp?cmd=view&id=1 samples/database/readCity
18/11/02 10:09:24.605 023 W1 <U> GUEST 8BEEEEFD62713BE0CB76ED3EDF22A05D null 000400 /coreframe-web-5.0.14/coreframe/sample-application/case5/index.jsp NO-BLD
18/11/02 10:09:27.103 017 W1 <U> GUEST 8BEEEEFD62713BE0CB76ED3EDF22A05D null 000401 /coreframe-web-5.0.14/coreframe/sample-application/case5/city.jspx samples/database/listCities
18/11/02 10:09:29.358 016 W1 <U> GUEST 8BEEEEFD62713BE0CB76ED3EDF22A05D null 000401 /coreframe-web-5.0.14/coreframe/sample-application/case5/city.jspx?cmd=view&id=1 samples/database/readCity
18/11/02 10:09:30.935 020 W1 <U> GUEST 8BEEEEFD62713BE0CB76ED3EDF22A05D null 000000 /coreframe-web-5.0.14/coreframe/sample-application/case1/index.jsp NO-BLD
18/11/02 10:09:32.570 022 W1 <U> GUEST 8BEEEEFD62713BE0CB76ED3EDF22A05D null 000001 /coreframe-web-5.0.14/coreframe/sample-application/case1/list.jsp samples/database/listCities
18/11/02 10:09:34.757 023 W1 <U> GUEST 8BEEEEFD62713BE0CB76ED3EDF22A05D null 000001 /coreframe-web-5.0.14/coreframe/sample-application/case1/view.jsp?id=1 samples/database/readCity
18/11/02 10:09:48.297 018 W1 <U> GUEST 8BEEEEFD62713BE0CB76ED3EDF22A05D null 000001 /coreframe-web-5.0.14/coreframe/sample-application/case1/list.jsp NO-BLD
18/11/02 10:10:28.616 022 W1 <U> GUEST 8BEEEEFD62713BE0CB76ED3EDF22A05D null 000001 /coreframe-web-5.0.14/coreframe/sample-application/case1/view.jsp?id=1 samples/database/readCity
18/11/02 10:11:07.219 018 W1 <U> GUEST 8BEEEEFD62713BE0CB76ED3EDF22A05D null -1 /coreframe-web-5.0.14/coreframe/stockchart/data/chartdata.jsp?code=003490&dateGubun=1&stDate=&bld1=samples/stockchart/derby_outputList&bld2=samples/stockchart/derby_outputMap NO-BLD
18/11/02 10:12:21.529 018 W1 <U> GUEST 8BEEEEFD62713BE0CB76ED3EDF22A05D null -1 /coreframe-web-5.0.14/apps/admin/sitemap NO-BLD
18/11/02 10:12:22.139 022 W1 <U> GUEST 8BEEEEFD62713BE0CB76ED3EDF22A05D null -1 /coreframe-web-5.0.14/apps/admin/viewSitemapDirectory NO-BLD
18/11/02 10:12:22.222 019 W1 <U> GUEST 8BEEEEFD62713BE0CB76ED3EDF22A05D null -1 /coreframe-web-5.0.14/apps/admin/view/img/tree/download.png NO-BLD
18/11/02 10:12:22.222 018 W1 <U> GUEST 8BEEEEFD62713BE0CB76ED3EDF22A05D null -1 /coreframe-web-5.0.14/apps/admin/view/img/tree/add_2.png NO-BLD
18/11/02 10:12:22.750 023 W1 <U> GUEST 8BEEEEFD62713BE0CB76ED3EDF22A05D null -1 /coreframe-web-5.0.14/apps/admin/getSitemapData?key= NO-BLD
18/11/02 10:12:29.341 023 W1 <U> GUEST 8BEEEEFD62713BE0CB76ED3EDF22A05D null -1 /coreframe-web-5.0.14/apps/admin/viewSitemapMenu?xpath=%2Fsite-menu%2Ftopmenu%5B3%5D NO-BLD
18/11/02 10:12:29.413 022 W1 <U> GUEST 8BEEEEFD62713BE0CB76ED3EDF22A05D null -1 /coreframe-web-5.0.14/apps/admin/view/img/info/save.png NO-BLD
18/11/02 10:12:29.413 022 W1 <U> GUEST 8BEEEEFD62713BE0CB76ED3EDF22A05D null -1 /coreframe-web-5.0.14/apps/admin/view/img/info/Preview.png NO-BLD
18/11/02 10:12:29.491 021 W1 <U> GUEST 8BEEEEFD62713BE0CB76ED3EDF22A05D null -1 /coreframe-web-5.0.14/apps/admin/view/img/info/add_btn_small.png NO-BLD
18/11/02 10:12:34.236 023 W1 <U> GUEST 8BEEEEFD62713BE0CB76ED3EDF22A05D null -1 /coreframe-web-5.0.14/apps/admin/viewSitemapMenu?xpath=%2Fsite-menu%2Ftopmenu%5B4%5D NO-BLD
