18/11/05 10:17:20.131 020 W1 <U> GUEST 4041DE79376D8066A5223AA235366937 null 000000 /coreframe-web-5.0.14/coreframe/sample-application/case1/index.jsp NO-BLD
18/11/05 10:17:31.924 018 W1 <U> GUEST 4041DE79376D8066A5223AA235366937 null 000001 /coreframe-web-5.0.14/coreframe/sample-application/case1/list.jsp samples/database/listCities
18/11/05 10:17:41.381 019 W1 <U> GUEST 4041DE79376D8066A5223AA235366937 null 000001 /coreframe-web-5.0.14/coreframe/sample-application/case1/list.jsp?cmd=delete&id=2 samples/database/deleteCity,samples/database/listCities
18/11/05 10:17:54.701 022 W1 <U> GUEST 4041DE79376D8066A5223AA235366937 null 000001 /coreframe-web-5.0.14/coreframe/sample-application/case1/view.jsp?id=1 samples/database/readCity
18/11/05 13:03:53.210 076 W1 <U> GUEST BD2C64234F231663E7C630182CA4353F null -1 /coreframe-web-5.0.14/curriculum1.4/ NO-BLD
18/11/05 13:19:50.543 163 W1 <U> GUEST BD2C64234F231663E7C630182CA4353F null -1 /coreframe-web-5.0.14/curriculum1.4/list.jsp NO-BLD
18/11/05 13:20:50.847 162 W1 <U> GUEST BD2C64234F231663E7C630182CA4353F null -1 /coreframe-web-5.0.14/curriculum1.4/write_view.do NO-BLD
18/11/05 13:35:40.531 163 W1 <U> GUEST BD2C64234F231663E7C630182CA4353F null -1 /coreframe-web-5.0.14/curriculum1.4/list.jsp NO-BLD
18/11/05 13:35:41.302 165 W1 <U> GUEST BD2C64234F231663E7C630182CA4353F null -1 /coreframe-web-5.0.14/curriculum1.4/write.jsp NO-BLD
18/11/05 13:36:02.397 164 W1 <U> GUEST BD2C64234F231663E7C630182CA4353F null -1 /coreframe-web-5.0.14/curriculum1.4/write.jsp NO-BLD
18/11/05 13:36:05.305 162 W1 <U> GUEST BD2C64234F231663E7C630182CA4353F null -1 /coreframe-web-5.0.14/curriculum1.4/write.jsp NO-BLD
18/11/05 13:36:09.313 165 W1 <U> GUEST BD2C64234F231663E7C630182CA4353F null -1 /coreframe-web-5.0.14/curriculum1.4/list.jsp NO-BLD
18/11/05 13:36:09.313 165 W1 <U> GUEST BD2C64234F231663E7C630182CA4353F null -1 /coreframe-web-5.0.14/curriculum1.4/list.jsp NO-BLD
18/11/05 13:36:09.313 165 W1 <U> GUEST BD2C64234F231663E7C630182CA4353F null -1 /coreframe-web-5.0.14/curriculum1.4/list.jsp NO-BLD
18/11/05 13:36:10.680 160 W1 <U> GUEST BD2C64234F231663E7C630182CA4353F null -1 /coreframe-web-5.0.14/curriculum1.4/write_view.jsp NO-BLD
18/11/05 13:36:19.653 161 W1 <U> GUEST BD2C64234F231663E7C630182CA4353F null -1 /coreframe-web-5.0.14/curriculum1.4/write.do NO-BLD
18/11/05 14:04:14.405 164 W1 <U> GUEST BD2C64234F231663E7C630182CA4353F null -1 /coreframe-web-5.0.14/curriculum1.4/ NO-BLD
18/11/05 14:04:18.331 160 W1 <U> GUEST BD2C64234F231663E7C630182CA4353F null -1 /coreframe-web-5.0.14/curriculum1.4/list.jsp NO-BLD
18/11/05 14:04:18.467 162 W1 <U> GUEST BD2C64234F231663E7C630182CA4353F null -1 /coreframe-web-5.0.14/curriculum1.4/js/myscript.js NO-BLD
18/11/05 14:04:18.541 167 W1 <U> GUEST BD2C64234F231663E7C630182CA4353F null -1 /coreframe-web-5.0.14/curriculum1.4/js/jquery-3.2.1.js NO-BLD
18/11/05 14:04:19.192 167 W1 <U> GUEST BD2C64234F231663E7C630182CA4353F null -1 /coreframe-web-5.0.14/curriculum1.4/list.jsp NO-BLD
18/11/05 14:04:19.345 162 W1 <U> GUEST BD2C64234F231663E7C630182CA4353F null -1 /coreframe-web-5.0.14/curriculum1.4/list.jsp NO-BLD
18/11/05 14:04:19.449 163 W1 <U> GUEST BD2C64234F231663E7C630182CA4353F null -1 /coreframe-web-5.0.14/curriculum1.4/list.jsp NO-BLD
18/11/05 14:04:19.608 164 W1 <U> GUEST BD2C64234F231663E7C630182CA4353F null -1 /coreframe-web-5.0.14/curriculum1.4/list.jsp NO-BLD
18/11/05 14:04:21.383 162 W1 <U> GUEST BD2C64234F231663E7C630182CA4353F null -1 /coreframe-web-5.0.14/curriculum1.4/write_view.jsp NO-BLD
18/11/05 14:04:27.297 162 W1 <U> GUEST BD2C64234F231663E7C630182CA4353F null -1 /coreframe-web-5.0.14/curriculum1.4/write.do NO-BLD
18/11/05 14:30:14.813 166 W1 <U> GUEST BD2C64234F231663E7C630182CA4353F null 000400 /coreframe-web-5.0.14/coreframe/sample-application/case5/index.jsp NO-BLD
18/11/05 14:30:18.433 164 W1 <U> GUEST BD2C64234F231663E7C630182CA4353F null 000200 /coreframe-web-5.0.14/coreframe/sample-application/case3/index.jsp NO-BLD
18/11/05 14:30:19.033 160 W1 <U> GUEST BD2C64234F231663E7C630182CA4353F null 000300 /coreframe-web-5.0.14/coreframe/sample-application/case4/index.jsp NO-BLD
18/11/05 14:30:20.098 162 W1 <U> GUEST BD2C64234F231663E7C630182CA4353F null 000400 /coreframe-web-5.0.14/coreframe/sample-application/case5/index.jsp NO-BLD
18/11/05 14:30:25.184 163 W1 <U> GUEST BD2C64234F231663E7C630182CA4353F null 000300 /coreframe-web-5.0.14/coreframe/sample-application/case4/index.jsp NO-BLD
18/11/05 14:30:27.126 165 W1 <U> GUEST BD2C64234F231663E7C630182CA4353F null 000200 /coreframe-web-5.0.14/coreframe/sample-application/case3/index.jsp NO-BLD
18/11/05 14:30:34.092 164 W1 <U> GUEST BD2C64234F231663E7C630182CA4353F null 000400 /coreframe-web-5.0.14/coreframe/sample-application/case5/index.jsp NO-BLD
18/11/05 14:30:53.615 164 W1 <U> GUEST BD2C64234F231663E7C630182CA4353F null 000401 /coreframe-web-5.0.14/coreframe/sample-application/case5/city.jspx samples/database/listCities
18/11/05 14:31:06.001 162 W1 <U> GUEST BD2C64234F231663E7C630182CA4353F null 000400 /coreframe-web-5.0.14/coreframe/sample-application/case5/index.jsp NO-BLD
18/11/05 16:17:21.702 165 W1 <U> GUEST 8A26CBCD986807B44A22E11B0F793450 null -1 /coreframe-web-5.0.14/curriculum1.4/list.jsp NO-BLD
18/11/05 16:17:21.806 166 W1 <U> GUEST 8A26CBCD986807B44A22E11B0F793450 null -1 /coreframe-web-5.0.14/curriculum1.4/js/myscript.js NO-BLD
18/11/05 16:17:22.785 161 W1 <U> GUEST 8A26CBCD986807B44A22E11B0F793450 null -1 /coreframe-web-5.0.14/curriculum1.4/list.jsp NO-BLD
18/11/05 16:17:23.471 163 W1 <U> GUEST 8A26CBCD986807B44A22E11B0F793450 null -1 /coreframe-web-5.0.14/curriculum1.4/list.jsp NO-BLD
18/11/05 16:17:23.649 164 W1 <U> GUEST 8A26CBCD986807B44A22E11B0F793450 null -1 /coreframe-web-5.0.14/curriculum1.4/list.jsp NO-BLD
18/11/05 16:17:23.803 162 W1 <U> GUEST 8A26CBCD986807B44A22E11B0F793450 null -1 /coreframe-web-5.0.14/curriculum1.4/list.jsp NO-BLD
18/11/05 16:17:32.470 166 W1 <U> GUEST 8A26CBCD986807B44A22E11B0F793450 null -1 /coreframe-web-5.0.14/curriculum1.4/list.jsp NO-BLD
18/11/05 16:17:32.521 164 W1 <U> GUEST 8A26CBCD986807B44A22E11B0F793450 null -1 /coreframe-web-5.0.14/curriculum1.4/js/myscript.js NO-BLD
18/11/05 16:26:23.370 162 W1 <U> GUEST 8A26CBCD986807B44A22E11B0F793450 null -1 /coreframe-web-5.0.14/curriculum1.4/list.jsp NO-BLD
18/11/05 16:31:42.233 167 W1 <U> GUEST 8A26CBCD986807B44A22E11B0F793450 null -1 /coreframe-web-5.0.14/curriculum1.4/list.jsp NO-BLD
18/11/05 16:31:42.284 166 W1 <U> GUEST 8A26CBCD986807B44A22E11B0F793450 null -1 /coreframe-web-5.0.14/curriculum1.4/js/myscript.js NO-BLD
18/11/05 16:32:31.400 017 W1 <U> GUEST 8A26CBCD986807B44A22E11B0F793450 null -1 /coreframe-web-5.0.14/curriculum1.4/list.jsp NO-BLD
18/11/05 16:33:03.121 018 W1 <U> GUEST 8A26CBCD986807B44A22E11B0F793450 null -1 /coreframe-web-5.0.14/curriculum1.4/write_view.jsp NO-BLD
18/11/05 16:33:04.937 020 W1 <U> GUEST 8A26CBCD986807B44A22E11B0F793450 null -1 /coreframe-web-5.0.14/curriculum1.4/write.do NO-BLD
18/11/05 16:33:07.285 019 W1 <U> GUEST 8A26CBCD986807B44A22E11B0F793450 null -1 /coreframe-web-5.0.14/curriculum1.4/list.do NO-BLD
18/11/05 16:33:13.844 020 W1 <U> GUEST 8A26CBCD986807B44A22E11B0F793450 null -1 /coreframe-web-5.0.14/curriculum1.4/list.jsp NO-BLD
18/11/05 16:34:39.377 023 W1 <U> GUEST 8A26CBCD986807B44A22E11B0F793450 null -1 /coreframe-web-5.0.14/curriculum1.4/list.jsp NO-BLD
18/11/05 16:34:48.123 023 W1 <U> GUEST 8A26CBCD986807B44A22E11B0F793450 null -1 /coreframe-web-5.0.14/curriculum1.4/write_view.jsp NO-BLD
18/11/05 16:34:50.074 023 W1 <U> GUEST 8A26CBCD986807B44A22E11B0F793450 null -1 /coreframe-web-5.0.14/curriculum1.4/list.jsp NO-BLD
18/11/05 16:34:50.201 022 W1 <U> GUEST 8A26CBCD986807B44A22E11B0F793450 null -1 /coreframe-web-5.0.14/curriculum1.4/list.jsp NO-BLD
18/11/05 16:34:50.338 017 W1 <U> GUEST 8A26CBCD986807B44A22E11B0F793450 null -1 /coreframe-web-5.0.14/curriculum1.4/list.jsp NO-BLD
18/11/05 16:35:26.172 023 W1 <U> GUEST 8A26CBCD986807B44A22E11B0F793450 null -1 /coreframe-web-5.0.14/curriculum1.4/list.jsp NO-BLD
18/11/05 16:36:22.092 023 W1 <U> GUEST 8A26CBCD986807B44A22E11B0F793450 null -1 /coreframe-web-5.0.14/curriculum1.4/write_view.jsp NO-BLD
18/11/05 16:36:25.123 021 W1 <U> GUEST 8A26CBCD986807B44A22E11B0F793450 null -1 /coreframe-web-5.0.14/curriculum1.4/list.jsp NO-BLD
18/11/05 16:36:59.401 023 W1 <U> GUEST 8A26CBCD986807B44A22E11B0F793450 null -1 /coreframe-web-5.0.14/curriculum1.4/list.jsp NO-BLD
18/11/05 16:39:20.984 022 W1 <U> GUEST 8A26CBCD986807B44A22E11B0F793450 null -1 /coreframe-web-5.0.14/curriculum1.4 NO-BLD
18/11/05 16:39:21.018 022 W1 <U> GUEST 8A26CBCD986807B44A22E11B0F793450 null -1 /coreframe-web-5.0.14/curriculum1.4/ NO-BLD
18/11/05 16:39:35.778 018 W1 <U> GUEST 8A26CBCD986807B44A22E11B0F793450 null -1 /coreframe-web-5.0.14/curriculum1.4/list.jsp NO-BLD
18/11/05 16:43:36.507 022 W1 <U> GUEST 8A26CBCD986807B44A22E11B0F793450 null -1 /coreframe-web-5.0.14/curriculum1.4/list.jsp NO-BLD
18/11/05 16:44:20.638 017 W1 <U> GUEST 8A26CBCD986807B44A22E11B0F793450 null -1 /coreframe-web-5.0.14/curriculum1.4/list.jsp NO-BLD
18/11/05 16:49:49.988 021 W1 <U> GUEST 8A26CBCD986807B44A22E11B0F793450 null -1 /coreframe-web-5.0.14/curriculum1.4 NO-BLD
18/11/05 16:49:57.871 023 W1 <U> GUEST 8A26CBCD986807B44A22E11B0F793450 null -1 /coreframe-web-5.0.14/curriculum1.4/list.jsp NO-BLD
18/11/05 16:49:57.902 018 W1 <U> GUEST 8A26CBCD986807B44A22E11B0F793450 null -1 /coreframe-web-5.0.14/curriculum1.4/js/myscript.js NO-BLD
18/11/05 16:54:41.244 020 W1 <U> GUEST 8A26CBCD986807B44A22E11B0F793450 null -1 /coreframe-web-5.0.14/curriculum1.4/list.jsp NO-BLD
18/11/05 16:54:42.154 017 W1 <U> GUEST 8A26CBCD986807B44A22E11B0F793450 null -1 /coreframe-web-5.0.14/curriculum1.4/list.jsp NO-BLD
18/11/05 16:54:42.845 022 W1 <U> GUEST 8A26CBCD986807B44A22E11B0F793450 null -1 /coreframe-web-5.0.14/curriculum1.4/list.jsp NO-BLD
18/11/05 16:54:43.067 022 W1 <U> GUEST 8A26CBCD986807B44A22E11B0F793450 null -1 /coreframe-web-5.0.14/curriculum1.4/list.jsp NO-BLD
18/11/05 16:54:43.317 021 W1 <U> GUEST 8A26CBCD986807B44A22E11B0F793450 null -1 /coreframe-web-5.0.14/curriculum1.4/list.jsp NO-BLD
18/11/05 16:54:48.805 022 W1 <U> GUEST 8A26CBCD986807B44A22E11B0F793450 null -1 /coreframe-web-5.0.14/curriculum1.4/list.jsp NO-BLD
18/11/05 16:58:43.718 020 W1 <U> GUEST 8A26CBCD986807B44A22E11B0F793450 null -1 /coreframe-web-5.0.14/curriculum1.4/list.jsp NO-BLD
18/11/05 16:58:44.562 023 W1 <U> GUEST 8A26CBCD986807B44A22E11B0F793450 null -1 /coreframe-web-5.0.14/curriculum1.4/list.jsp NO-BLD
18/11/05 16:58:44.714 020 W1 <U> GUEST 8A26CBCD986807B44A22E11B0F793450 null -1 /coreframe-web-5.0.14/curriculum1.4/list.jsp NO-BLD
18/11/05 16:58:44.871 018 W1 <U> GUEST 8A26CBCD986807B44A22E11B0F793450 null -1 /coreframe-web-5.0.14/curriculum1.4/list.jsp NO-BLD
18/11/05 16:58:45.032 017 W1 <U> GUEST 8A26CBCD986807B44A22E11B0F793450 null -1 /coreframe-web-5.0.14/curriculum1.4/list.jsp NO-BLD
18/11/05 17:03:54.733 017 W1 <U> GUEST 8A26CBCD986807B44A22E11B0F793450 null -1 /coreframe-web-5.0.14/curriculum1.4/list.jsp NO-BLD
18/11/05 17:06:44.589 018 W1 <U> GUEST 8A26CBCD986807B44A22E11B0F793450 null -1 /coreframe-web-5.0.14/curriculum1.4/list.jsp NO-BLD
18/11/05 17:06:44.635 023 W1 <U> GUEST 8A26CBCD986807B44A22E11B0F793450 null -1 /coreframe-web-5.0.14/curriculum1.4/js/myscript.js NO-BLD
18/11/05 17:06:49.305 018 W1 <U> GUEST 8A26CBCD986807B44A22E11B0F793450 null -1 /coreframe-web-5.0.14/curriculum1.4/write_view.jsp NO-BLD
18/11/05 17:06:50.832 023 W1 <U> GUEST 8A26CBCD986807B44A22E11B0F793450 null -1 /coreframe-web-5.0.14/curriculum1.4/list.do NO-BLD
18/11/05 17:11:07.482 016 W1 <U> GUEST 8A26CBCD986807B44A22E11B0F793450 null -1 /coreframe-web-5.0.14/curriculum1.4/list.jsp NO-BLD
18/11/05 17:11:07.609 019 W1 <U> GUEST 8A26CBCD986807B44A22E11B0F793450 null -1 /coreframe-web-5.0.14/curriculum1.4/list.jsp NO-BLD
18/11/05 17:11:07.762 017 W1 <U> GUEST 8A26CBCD986807B44A22E11B0F793450 null -1 /coreframe-web-5.0.14/curriculum1.4/list.jsp NO-BLD
18/11/05 17:11:07.868 017 W1 <U> GUEST 8A26CBCD986807B44A22E11B0F793450 null -1 /coreframe-web-5.0.14/curriculum1.4/list.jsp NO-BLD
18/11/05 17:18:18.861 018 W1 <U> GUEST 8A26CBCD986807B44A22E11B0F793450 null -1 /coreframe-web-5.0.14/curriculum1.4/list.jsp NO-BLD
18/11/05 17:20:45.093 020 W1 <U> GUEST 8A26CBCD986807B44A22E11B0F793450 null -1 /coreframe-web-5.0.14/curriculum1.4/list.jsp NO-BLD
18/11/05 17:20:45.246 018 W1 <U> GUEST 8A26CBCD986807B44A22E11B0F793450 null -1 /coreframe-web-5.0.14/curriculum1.4/list.jsp NO-BLD
18/11/05 17:20:45.423 018 W1 <U> GUEST 8A26CBCD986807B44A22E11B0F793450 null -1 /coreframe-web-5.0.14/curriculum1.4/list.jsp NO-BLD
18/11/05 17:20:48.577 017 W1 <U> GUEST 8A26CBCD986807B44A22E11B0F793450 null -1 /coreframe-web-5.0.14/curriculum1.4/write_view.jsp NO-BLD
18/11/05 17:43:03.809 019 W1 <U> GUEST 8A26CBCD986807B44A22E11B0F793450 null -1 /coreframe-web-5.0.14/curriculum1.4/list.do NO-BLD
18/11/05 17:53:11.115 018 W1 <U> GUEST 8A26CBCD986807B44A22E11B0F793450 null -1 /coreframe-web-5.0.14/curriculum1.4/list.jsp NO-BLD
18/11/05 17:53:11.135 020 W1 <U> GUEST 8A26CBCD986807B44A22E11B0F793450 null -1 /coreframe-web-5.0.14/curriculum1.4/js/myscript.js NO-BLD
18/11/05 17:56:16.019 019 W1 <U> GUEST 8A26CBCD986807B44A22E11B0F793450 null -1 /coreframe-web-5.0.14/curriculum1.4/list.jsp NO-BLD
18/11/05 17:56:22.906 019 W1 <U> GUEST 8A26CBCD986807B44A22E11B0F793450 null -1 /coreframe-web-5.0.14/curriculum1.4/list.jsp NO-BLD
18/11/05 17:57:20.845 018 W1 <U> GUEST 8A26CBCD986807B44A22E11B0F793450 null -1 /coreframe-web-5.0.14/curriculum1.4/list.jsp NO-BLD
18/11/05 17:57:53.848 020 W1 <U> GUEST 8A26CBCD986807B44A22E11B0F793450 null -1 /coreframe-web-5.0.14/curriculum1.4/write_view.jsp NO-BLD
18/11/05 18:02:45.585 020 W1 <U> GUEST 8A26CBCD986807B44A22E11B0F793450 null -1 /coreframe-web-5.0.14/curriculum1.4/list.do NO-BLD
18/11/05 18:02:59.866 023 W1 <U> GUEST 8A26CBCD986807B44A22E11B0F793450 null -1 /coreframe-web-5.0.14/curriculum1.4/list.do NO-BLD
18/11/05 18:03:02.996 016 W1 <U> GUEST 8A26CBCD986807B44A22E11B0F793450 null -1 /coreframe-web-5.0.14/curriculum1.4/write_view.jsp NO-BLD
18/11/05 18:03:03.262 022 W1 <U> GUEST 8A26CBCD986807B44A22E11B0F793450 null -1 /coreframe-web-5.0.14/curriculum1.4/write_view.jsp NO-BLD
18/11/05 18:03:12.465 020 W1 <U> GUEST 8A26CBCD986807B44A22E11B0F793450 null -1 /coreframe-web-5.0.14/curriculum1.4/write_view.jsp NO-BLD
18/11/05 18:03:12.646 016 W1 <U> GUEST 8A26CBCD986807B44A22E11B0F793450 null -1 /coreframe-web-5.0.14/curriculum1.4/write_view.jsp NO-BLD
18/11/05 18:03:12.820 018 W1 <U> GUEST 8A26CBCD986807B44A22E11B0F793450 null -1 /coreframe-web-5.0.14/curriculum1.4/write_view.jsp NO-BLD
18/11/05 18:03:36.100 021 W1 <U> GUEST 8A26CBCD986807B44A22E11B0F793450 null -1 /coreframe-web-5.0.14/curriculum1.4/write_view.jsp NO-BLD
18/11/05 18:03:36.365 019 W1 <U> GUEST 8A26CBCD986807B44A22E11B0F793450 null -1 /coreframe-web-5.0.14/curriculum1.4/write_view.jsp NO-BLD
18/11/05 18:03:36.573 021 W1 <U> GUEST 8A26CBCD986807B44A22E11B0F793450 null -1 /coreframe-web-5.0.14/curriculum1.4/write_view.jsp NO-BLD
18/11/05 18:03:40.823 019 W1 <U> GUEST 8A26CBCD986807B44A22E11B0F793450 null -1 /coreframe-web-5.0.14/curriculum1.4/write.do NO-BLD
18/11/05 18:04:15.374 020 W1 <U> GUEST 8A26CBCD986807B44A22E11B0F793450 null -1 /coreframe-web-5.0.14/curriculum1.4/controller.jspx NO-BLD
18/11/05 18:05:48.817 018 W1 <U> GUEST 8A26CBCD986807B44A22E11B0F793450 null -1 /coreframe-web-5.0.14/curriculum1.4/controller.jspx NO-BLD
18/11/05 18:07:23.214 021 W1 <U> GUEST 8A26CBCD986807B44A22E11B0F793450 null -1 /coreframe-web-5.0.14/curriculum1.4/controller.jspx NO-BLD
18/11/05 18:07:25.166 021 W1 <U> GUEST 8A26CBCD986807B44A22E11B0F793450 null -1 /coreframe-web-5.0.14/curriculum1.4/controller.jspx NO-BLD
18/11/05 18:07:25.500 020 W1 <U> GUEST 8A26CBCD986807B44A22E11B0F793450 null -1 /coreframe-web-5.0.14/curriculum1.4/controller.jspx NO-BLD
18/11/05 18:07:50.236 022 W1 <U> GUEST 8A26CBCD986807B44A22E11B0F793450 null -1 /coreframe-web-5.0.14/curriculum1.4/write_view.jsp NO-BLD
18/11/05 18:09:26.075 021 W1 <U> GUEST 8A26CBCD986807B44A22E11B0F793450 null -1 /coreframe-web-5.0.14/curriculum1.4/list.jsp NO-BLD
18/11/05 18:09:27.493 017 W1 <U> GUEST 8A26CBCD986807B44A22E11B0F793450 null -1 /coreframe-web-5.0.14/curriculum1.4/list.jsp NO-BLD
18/11/05 18:09:28.185 021 W1 <U> GUEST 8A26CBCD986807B44A22E11B0F793450 null -1 /coreframe-web-5.0.14/curriculum1.4/write_view.jsp NO-BLD
18/11/05 18:09:32.615 023 W1 <U> GUEST 8A26CBCD986807B44A22E11B0F793450 null -1 /coreframe-web-5.0.14/curriculum1.4/write_view.jsp NO-BLD
18/11/05 18:12:23.867 020 W1 <U> GUEST 8A26CBCD986807B44A22E11B0F793450 null -1 /coreframe-web-5.0.14/curriculum1.4/list.jsp NO-BLD
18/11/05 18:12:26.388 022 W1 <U> GUEST 8A26CBCD986807B44A22E11B0F793450 null -1 /coreframe-web-5.0.14/curriculum1.4/list.jsp NO-BLD
18/11/05 18:12:41.852 023 W1 <U> GUEST 8A26CBCD986807B44A22E11B0F793450 null -1 /coreframe-web-5.0.14/curriculum1.4/controller.jspx NO-BLD
18/11/05 18:15:07.782 021 W1 <U> GUEST 8A26CBCD986807B44A22E11B0F793450 null -1 /coreframe-web-5.0.14/curriculum1.4/controller.jspx /main_board/select_board
18/11/05 18:16:03.823 018 W1 <U> GUEST 8A26CBCD986807B44A22E11B0F793450 null -1 /coreframe-web-5.0.14/curriculum1.4/controller.jspx /main_board/select_board
18/11/05 18:16:18.026 018 W1 <U> GUEST 8A26CBCD986807B44A22E11B0F793450 null -1 /coreframe-web-5.0.14/curriculum1.4/controller.jspx /main_board/select_board
18/11/05 18:16:22.473 019 W1 <U> GUEST 8A26CBCD986807B44A22E11B0F793450 null -1 /coreframe-web-5.0.14/curriculum1.4/controller.jspx /main_board/select_board
18/11/05 18:17:46.685 020 W1 <U> GUEST 8A26CBCD986807B44A22E11B0F793450 null -1 /coreframe-web-5.0.14/curriculum1.4/controller.jspx /main_board/select_board
18/11/05 18:18:02.447 021 W1 <U> GUEST 8A26CBCD986807B44A22E11B0F793450 null -1 /coreframe-web-5.0.14/curriculum1.4/controller.jspx /main_board/select_board
18/11/05 18:22:06.679 022 W1 <U> GUEST 8A26CBCD986807B44A22E11B0F793450 null -1 /coreframe-web-5.0.14/curriculum1.4/controller.jspx /main_board/select_board
18/11/05 18:22:12.119 023 W1 <U> GUEST 8A26CBCD986807B44A22E11B0F793450 null -1 /coreframe-web-5.0.14/curriculum1.4/controller.jspx /main_board/select_board
18/11/05 18:22:12.454 020 W1 <U> GUEST 8A26CBCD986807B44A22E11B0F793450 null -1 /coreframe-web-5.0.14/curriculum1.4/controller.jspx /main_board/select_board
18/11/05 18:22:12.590 022 W1 <U> GUEST 8A26CBCD986807B44A22E11B0F793450 null -1 /coreframe-web-5.0.14/curriculum1.4/controller.jspx /main_board/select_board
18/11/05 18:22:52.092 016 W1 <U> GUEST 8A26CBCD986807B44A22E11B0F793450 null -1 /coreframe-web-5.0.14/curriculum1.4/controller.jspx /main_board/select_board
18/11/05 18:24:11.608 016 W1 <U> GUEST 8A26CBCD986807B44A22E11B0F793450 null -1 /coreframe-web-5.0.14/curriculum1.4/controller.jspx /main_board/select_board
18/11/05 18:25:58.382 022 W1 <U> GUEST 8A26CBCD986807B44A22E11B0F793450 null -1 /coreframe-web-5.0.14/curriculum1.4/controller.jspx /main_board/select_board
18/11/05 18:26:49.380 022 W1 <U> GUEST 8A26CBCD986807B44A22E11B0F793450 null -1 /coreframe-web-5.0.14/curriculum1.4/controller.jspx /main_board/select_board
18/11/05 18:27:35.475 017 W1 <U> GUEST 8A26CBCD986807B44A22E11B0F793450 null -1 /coreframe-web-5.0.14/curriculum1.4/controller.jspx /main_board/select_board
18/11/05 18:33:47.210 019 W1 <U> GUEST 8A26CBCD986807B44A22E11B0F793450 null -1 /coreframe-web-5.0.14/curriculum1.4/controller.jspx /main_board/select_board
18/11/05 18:34:02.897 019 W1 <U> GUEST 8A26CBCD986807B44A22E11B0F793450 null -1 /coreframe-web-5.0.14/curriculum1.4/controller.jspx /main_board/select_board
18/11/05 18:35:41.997 019 W1 <U> GUEST 8A26CBCD986807B44A22E11B0F793450 null -1 /coreframe-web-5.0.14/curriculum1.4/controller.jspx /main_board/select_board,/main_board/select_board
18/11/05 18:35:42.061 022 W1 <U> GUEST 8A26CBCD986807B44A22E11B0F793450 null -1 /coreframe-web-5.0.14/curriculum1.4/js/myscript.js NO-BLD
18/11/05 18:36:22.513 023 W1 <U> GUEST 8A26CBCD986807B44A22E11B0F793450 null -1 /coreframe-web-5.0.14/curriculum1.4/controller.jspx /main_board/select_board
18/11/05 18:36:36.683 021 W1 <U> GUEST 8A26CBCD986807B44A22E11B0F793450 null -1 /coreframe-web-5.0.14/curriculum1.4/controller.jspx /main_board/select_board,/main_board/select_board
18/11/05 18:38:04.580 020 W1 <U> GUEST 8A26CBCD986807B44A22E11B0F793450 null -1 /coreframe-web-5.0.14/curriculum1.4/content_view.do?bId=73 NO-BLD
18/11/05 18:38:10.898 021 W1 <U> GUEST 8A26CBCD986807B44A22E11B0F793450 null -1 /coreframe-web-5.0.14/curriculum1.4/controller.jspx /main_board/select_board,/main_board/select_board
18/11/05 18:48:38.892 020 W1 <U> GUEST 8A26CBCD986807B44A22E11B0F793450 null -1 /coreframe-web-5.0.14/curriculum1.4/controller.jspx /main_board/select_board
18/11/05 18:50:50.929 020 W1 <U> GUEST 8A26CBCD986807B44A22E11B0F793450 null -1 /coreframe-web-5.0.14/curriculum1.4/controller.jspx /main_board/select_board
18/11/05 18:51:00.960 017 W1 <U> GUEST 8A26CBCD986807B44A22E11B0F793450 null -1 /coreframe-web-5.0.14/curriculum1.4/controller.jspx /main_board/select_board
18/11/05 18:51:33.251 017 W1 <U> GUEST 8A26CBCD986807B44A22E11B0F793450 null -1 /coreframe-web-5.0.14/curriculum1.4/controller.jspx /main_board/select_board
