18/11/07 09:46:08.314 019 W1 <U> GUEST 44D09A4425DE7A7ED0FF5C38362BA966 null -1 /coreframe-web-5.0.14/curriculum1.4/controller.jspx /main_board/select_board,/main_board/select_board
18/11/07 09:46:08.366 023 W1 <U> GUEST 44D09A4425DE7A7ED0FF5C38362BA966 null -1 /coreframe-web-5.0.14/curriculum1.4/js/myscript.js NO-BLD
18/11/07 09:46:08.366 023 W1 <U> GUEST 44D09A4425DE7A7ED0FF5C38362BA966 null -1 /coreframe-web-5.0.14/curriculum1.4/js/jquery-3.2.1.js NO-BLD
18/11/07 09:46:26.425 018 W1 <U> GUEST 44D09A4425DE7A7ED0FF5C38362BA966 null -1 /coreframe-web-5.0.14/curriculum1.4/controller.jspx?cmd=board&keyWord=123&keyField=bTitle /main_board/select_board,/main_board/select_board
18/11/07 09:47:40.377 018 W1 <U> GUEST 44D09A4425DE7A7ED0FF5C38362BA966 null -1 /coreframe-web-5.0.14/curriculum1.4/controller.jspx?cmd=board&keyWord=123&keyField=bTitle /main_board/select_board
18/11/07 10:05:04.734 020 W1 <U> GUEST 44D09A4425DE7A7ED0FF5C38362BA966 null -1 /coreframe-web-5.0.14/curriculum1.4/controller.jspx /main_board/select_board
18/11/07 10:06:32.012 018 W1 <U> GUEST 44D09A4425DE7A7ED0FF5C38362BA966 null -1 /coreframe-web-5.0.14/curriculum1.4/controller.jspx /main_board/select_board,/main_board/select_board
18/11/07 10:06:41.384 019 W1 <U> GUEST 44D09A4425DE7A7ED0FF5C38362BA966 null -1 /coreframe-web-5.0.14/curriculum1.4/controller.jspx?cmd=board&keyWord=123&keyField=bTitle /main_board/select_board,/main_board/select_board
18/11/07 10:09:13.962 020 W1 <U> GUEST 44D09A4425DE7A7ED0FF5C38362BA966 null -1 /coreframe-web-5.0.14/curriculum1.4/controller.jspx?cmd=board /main_board/select_board
18/11/07 10:09:46.111 022 W1 <U> GUEST 44D09A4425DE7A7ED0FF5C38362BA966 null -1 /coreframe-web-5.0.14/curriculum1.4/controller.jspx?cmd=board /main_board/select_board,/main_board/select_board
18/11/07 10:11:17.624 021 W1 <U> GUEST 44D09A4425DE7A7ED0FF5C38362BA966 null -1 /coreframe-web-5.0.14/curriculum1.4/controller.jspx?cmd=board&keyWord=123&keyField=bTitle /main_board/select_board,/main_board/select_board
18/11/07 10:18:49.691 017 W1 <U> GUEST 44D09A4425DE7A7ED0FF5C38362BA966 null -1 /coreframe-web-5.0.14/curriculum1.4/controller.jspx?cmd=board&keyWord=123&keyField=bTitle /main_board/select_board,/main_board/select_board
18/11/07 10:18:55.775 016 W1 <U> GUEST 44D09A4425DE7A7ED0FF5C38362BA966 null -1 /coreframe-web-5.0.14/curriculum1.4/controller.jspx?cmd=board /main_board/select_board,/main_board/select_board
18/11/07 10:26:08.624 021 W1 <U> GUEST 44D09A4425DE7A7ED0FF5C38362BA966 null -1 /coreframe-web-5.0.14/curriculum1.4/controller.jspx?cmd=contents&bId=83 /main_board/select_board
18/11/07 10:26:11.680 016 W1 <U> GUEST 44D09A4425DE7A7ED0FF5C38362BA966 null -1 /coreframe-web-5.0.14/curriculum1.4/controller.jspx?cmd=contents&bId=73 /main_board/select_board
18/11/07 10:26:12.714 019 W1 <U> GUEST 44D09A4425DE7A7ED0FF5C38362BA966 null -1 /coreframe-web-5.0.14/curriculum1.4/FileDownloadCommand.do?file_name=plus.png NO-BLD
18/11/07 10:40:16.753 017 W1 <U> GUEST 44D09A4425DE7A7ED0FF5C38362BA966 null -1 /coreframe-web-5.0.14/curriculum1.4/controller.jspx?cmd=board /main_board/select_board,/main_board/select_board
18/11/07 10:54:47.525 020 W1 <U> GUEST 44D09A4425DE7A7ED0FF5C38362BA966 null -1 /coreframe-web-5.0.14/curriculum1.4/controller.jspx?cmd=contents&bId=73 /main_board/select_board
18/11/07 11:01:43.928 021 W1 <U> GUEST 44D09A4425DE7A7ED0FF5C38362BA966 null -1 /coreframe-web-5.0.14/curriculum1.4/controller.jspx?cmd=contents&bId=73 /main_board/select_board
18/11/07 11:03:23.665 023 W1 <U> GUEST 44D09A4425DE7A7ED0FF5C38362BA966 null -1 /coreframe-web-5.0.14/curriculum1.4/controller.jspx /main_board/select_board,/main_board/select_board
18/11/07 11:03:41.228 020 W1 <U> GUEST 44D09A4425DE7A7ED0FF5C38362BA966 null -1 /coreframe-web-5.0.14/curriculum1.4/controller.jspx?cmd=contents&bId=73 /main_board/select_board
18/11/07 11:17:53.663 018 W1 <U> GUEST 44D09A4425DE7A7ED0FF5C38362BA966 null -1 /coreframe-web-5.0.14/curriculum1.4/controller.jspx?cmd=contents&bId=73 /main_board/select_board
18/11/07 11:17:53.984 023 W1 <U> GUEST 44D09A4425DE7A7ED0FF5C38362BA966 null -1 /coreframe-web-5.0.14/curriculum1.4/controller.jspx /main_board/select_board,/main_board/select_board
18/11/07 11:17:55.169 020 W1 <U> GUEST 44D09A4425DE7A7ED0FF5C38362BA966 null -1 /coreframe-web-5.0.14/curriculum1.4/controller.jspx /main_board/select_board,/main_board/select_board
18/11/07 11:17:56.171 021 W1 <U> GUEST 44D09A4425DE7A7ED0FF5C38362BA966 null -1 /coreframe-web-5.0.14/curriculum1.4/controller.jspx?cmd=contents&bId=73 /main_board/select_board
18/11/07 11:17:58.374 020 W1 <U> GUEST 44D09A4425DE7A7ED0FF5C38362BA966 null -1 /coreframe-web-5.0.14/curriculum1.4/controller.jspx /main_board/select_board,/main_board/select_board
18/11/07 11:17:59.946 023 W1 <U> GUEST 44D09A4425DE7A7ED0FF5C38362BA966 null -1 /coreframe-web-5.0.14/curriculum1.4/controller.jspx?cmd=contents&bId=73 /main_board/select_board
18/11/07 11:18:02.658 017 W1 <U> GUEST 44D09A4425DE7A7ED0FF5C38362BA966 null -1 /coreframe-web-5.0.14/curriculum1.4/controller.jspx?cmd=modifyContents NO-BLD
18/11/07 11:18:34.482 018 W1 <U> GUEST 44D09A4425DE7A7ED0FF5C38362BA966 null -1 /coreframe-web-5.0.14/curriculum1.4/controller.jspx?cmd=modifyContents NO-BLD
18/11/07 11:19:00.276 016 W1 <U> GUEST 44D09A4425DE7A7ED0FF5C38362BA966 null -1 /coreframe-web-5.0.14/curriculum1.4/controller.jspx?cmd=contents&bId=73 /main_board/select_board
18/11/07 11:19:10.025 021 W1 <U> GUEST 44D09A4425DE7A7ED0FF5C38362BA966 null -1 /coreframe-web-5.0.14/curriculum1.4/controller.jspx?cmd=modifyContents /main_board/modify_board
18/11/07 11:19:10.173 022 W1 <U> GUEST 44D09A4425DE7A7ED0FF5C38362BA966 null -1 /coreframe-web-5.0.14/curriculum1.4/controller.jspx /main_board/select_board,/main_board/select_board
18/11/07 11:19:14.189 018 W1 <U> GUEST 44D09A4425DE7A7ED0FF5C38362BA966 null -1 /coreframe-web-5.0.14/curriculum1.4/controller.jspx?cmd=contents&bId=73 /main_board/select_board
18/11/07 11:19:19.251 016 W1 <U> GUEST 44D09A4425DE7A7ED0FF5C38362BA966 null -1 /coreframe-web-5.0.14/curriculum1.4/controller.jspx /main_board/select_board,/main_board/select_board
18/11/07 11:19:20.839 021 W1 <U> GUEST 44D09A4425DE7A7ED0FF5C38362BA966 null -1 /coreframe-web-5.0.14/curriculum1.4/controller.jspx?cmd=contents&bId=73 /main_board/select_board
18/11/07 11:19:25.108 021 W1 <U> GUEST 44D09A4425DE7A7ED0FF5C38362BA966 null -1 /coreframe-web-5.0.14/curriculum1.4/controller.jspx?cmd=modifyContents /main_board/modify_board
18/11/07 11:19:25.194 019 W1 <U> GUEST 44D09A4425DE7A7ED0FF5C38362BA966 null -1 /coreframe-web-5.0.14/curriculum1.4/controller.jspx /main_board/select_board,/main_board/select_board
18/11/07 11:22:15.343 022 W1 <U> GUEST 44D09A4425DE7A7ED0FF5C38362BA966 null -1 /coreframe-web-5.0.14/curriculum1.4/controller.jspx?cmd=contents&bId=73 /main_board/select_board
18/11/07 11:22:16.481 019 W1 <U> GUEST 44D09A4425DE7A7ED0FF5C38362BA966 null -1 /coreframe-web-5.0.14/curriculum1.4/controller.jspx?cmd=modifyContents /main_board/modify_board
18/11/07 11:22:16.596 017 W1 <U> GUEST 44D09A4425DE7A7ED0FF5C38362BA966 null -1 /coreframe-web-5.0.14/curriculum1.4/controller.jspx /main_board/select_board,/main_board/select_board
18/11/07 11:22:33.825 017 W1 <U> GUEST 44D09A4425DE7A7ED0FF5C38362BA966 null -1 /coreframe-web-5.0.14/curriculum1.4/controller.jspx?cmd=contents&bId=73 /main_board/select_board
18/11/07 11:22:33.876 022 W1 <U> GUEST 44D09A4425DE7A7ED0FF5C38362BA966 null -1 /coreframe-web-5.0.14/curriculum1.4/js/myscript.js NO-BLD
18/11/07 11:22:41.489 019 W1 <U> GUEST 44D09A4425DE7A7ED0FF5C38362BA966 null -1 /coreframe-web-5.0.14/curriculum1.4/controller.jspx?cmd=modifyContents /main_board/modify_board
18/11/07 11:22:41.605 023 W1 <U> GUEST 44D09A4425DE7A7ED0FF5C38362BA966 null -1 /coreframe-web-5.0.14/curriculum1.4/controller.jspx /main_board/select_board,/main_board/select_board
18/11/07 11:23:43.113 017 W1 <U> GUEST 44D09A4425DE7A7ED0FF5C38362BA966 null -1 /coreframe-web-5.0.14/curriculum1.4/controller.jspx?cmd=contents&bId=73 /main_board/select_board
18/11/07 11:24:09.516 019 W1 <U> GUEST 44D09A4425DE7A7ED0FF5C38362BA966 null -1 /coreframe-web-5.0.14/curriculum1.4/controller.jspx?cmd=modifyContents /main_board/modify_board
18/11/07 11:24:11.992 019 W1 <U> GUEST 44D09A4425DE7A7ED0FF5C38362BA966 null -1 /coreframe-web-5.0.14/curriculum1.4/controller.jspx?cmd=modifyContents /main_board/modify_board
18/11/07 11:24:12.127 021 W1 <U> GUEST 44D09A4425DE7A7ED0FF5C38362BA966 null -1 /coreframe-web-5.0.14/curriculum1.4/controller.jspx /main_board/select_board,/main_board/select_board
18/11/07 11:27:32.586 016 W1 <U> GUEST 44D09A4425DE7A7ED0FF5C38362BA966 null -1 /coreframe-web-5.0.14/curriculum1.4/controller.jspx?cmd=contents&bId=73 /main_board/select_board
18/11/07 11:27:36.453 019 W1 <U> GUEST 44D09A4425DE7A7ED0FF5C38362BA966 null -1 /coreframe-web-5.0.14/curriculum1.4/controller.jspx?cmd=modifyContents /main_board/modify_board
18/11/07 11:27:36.766 019 W1 <U> GUEST 44D09A4425DE7A7ED0FF5C38362BA966 null -1 /coreframe-web-5.0.14/curriculum1.4/controller.jspx /main_board/select_board,/main_board/select_board
18/11/07 11:27:55.862 016 W1 <U> GUEST 44D09A4425DE7A7ED0FF5C38362BA966 null -1 /coreframe-web-5.0.14/curriculum1.4/controller.jspx?cmd=contents&bId=73 /main_board/select_board
18/11/07 11:30:17.103 016 W1 <U> GUEST 44D09A4425DE7A7ED0FF5C38362BA966 null -1 /coreframe-web-5.0.14/curriculum1.4/controller.jspx /main_board/select_board,/main_board/select_board
18/11/07 11:30:19.580 019 W1 <U> GUEST 44D09A4425DE7A7ED0FF5C38362BA966 null -1 /coreframe-web-5.0.14/curriculum1.4/controller.jspx /main_board/select_board,/main_board/select_board
18/11/07 11:30:20.886 020 W1 <U> GUEST 44D09A4425DE7A7ED0FF5C38362BA966 null -1 /coreframe-web-5.0.14/curriculum1.4/controller.jspx /main_board/select_board,/main_board/select_board
18/11/07 11:30:58.888 020 W1 <U> GUEST 44D09A4425DE7A7ED0FF5C38362BA966 null -1 /coreframe-web-5.0.14/curriculum1.4/controller.jspx /main_board/select_board,/main_board/select_board
18/11/07 11:31:48.460 017 W1 <U> GUEST 44D09A4425DE7A7ED0FF5C38362BA966 null -1 /coreframe-web-5.0.14/curriculum1.4/controller.jspx /main_board/select_board,/main_board/select_board
18/11/07 11:32:06.442 023 W1 <U> GUEST 44D09A4425DE7A7ED0FF5C38362BA966 null -1 /coreframe-web-5.0.14/curriculum1.4/controller.jspx /main_board/select_board,/main_board/select_board
18/11/07 11:32:07.877 021 W1 <U> GUEST 44D09A4425DE7A7ED0FF5C38362BA966 null -1 /coreframe-web-5.0.14/curriculum1.4/controller.jspx?cmd=contents&bId=73 /main_board/select_board
18/11/07 11:32:39.848 023 W1 <U> GUEST 44D09A4425DE7A7ED0FF5C38362BA966 null -1 /coreframe-web-5.0.14/curriculum1.4/write_view.jsp NO-BLD
18/11/07 11:32:45.923 017 W1 <U> GUEST 44D09A4425DE7A7ED0FF5C38362BA966 null -1 /coreframe-web-5.0.14/curriculum1.4/controller.jspx?cmd=writeContents /main_board/insert_board
18/11/07 11:32:46.084 020 W1 <U> GUEST 44D09A4425DE7A7ED0FF5C38362BA966 null -1 /coreframe-web-5.0.14/curriculum1.4/controller.jspx /main_board/select_board,/main_board/select_board
18/11/07 11:32:52.767 022 W1 <U> GUEST 44D09A4425DE7A7ED0FF5C38362BA966 null -1 /coreframe-web-5.0.14/curriculum1.4/controller.jspx?cmd=contents&bId=161 /main_board/select_board
18/11/07 11:32:57.650 017 W1 <U> GUEST 44D09A4425DE7A7ED0FF5C38362BA966 null -1 /coreframe-web-5.0.14/curriculum1.4/controller.jspx?cmd=modifyContents /main_board/modify_board
18/11/07 11:32:57.771 021 W1 <U> GUEST 44D09A4425DE7A7ED0FF5C38362BA966 null -1 /coreframe-web-5.0.14/curriculum1.4/controller.jspx /main_board/select_board,/main_board/select_board
18/11/07 11:33:00.464 017 W1 <U> GUEST 44D09A4425DE7A7ED0FF5C38362BA966 null -1 /coreframe-web-5.0.14/curriculum1.4/controller.jspx?cmd=contents&bId=161 /main_board/select_board
18/11/07 11:33:46.569 016 W1 <U> GUEST 44D09A4425DE7A7ED0FF5C38362BA966 null -1 /coreframe-web-5.0.14/curriculum1.4/controller.jspx?cmd=contents&bId=73 /main_board/select_board
18/11/07 11:33:51.180 016 W1 <U> GUEST 44D09A4425DE7A7ED0FF5C38362BA966 null -1 /coreframe-web-5.0.14/curriculum1.4/controller.jspx /main_board/select_board,/main_board/select_board
18/11/07 11:33:52.302 017 W1 <U> GUEST 44D09A4425DE7A7ED0FF5C38362BA966 null -1 /coreframe-web-5.0.14/curriculum1.4/controller.jspx?cmd=contents&bId=73 /main_board/select_board
18/11/07 11:33:55.919 018 W1 <U> GUEST 44D09A4425DE7A7ED0FF5C38362BA966 null -1 /coreframe-web-5.0.14/curriculum1.4/controller.jspx?cmd=modifyContents /main_board/modify_board
18/11/07 11:33:55.998 017 W1 <U> GUEST 44D09A4425DE7A7ED0FF5C38362BA966 null -1 /coreframe-web-5.0.14/curriculum1.4/controller.jspx /main_board/select_board,/main_board/select_board
18/11/07 11:35:30.634 016 W1 <U> GUEST 44D09A4425DE7A7ED0FF5C38362BA966 null -1 /coreframe-web-5.0.14/curriculum1.4/controller.jspx?cmd=contents&bId=72 /main_board/select_board
18/11/07 11:35:34.345 023 W1 <U> GUEST 44D09A4425DE7A7ED0FF5C38362BA966 null -1 /coreframe-web-5.0.14/curriculum1.4/controller.jspx?cmd=contents&bId=161 /main_board/select_board
18/11/07 11:35:37.830 019 W1 <U> GUEST 44D09A4425DE7A7ED0FF5C38362BA966 null -1 /coreframe-web-5.0.14/curriculum1.4/controller.jspx?cmd=modifyContents /main_board/modify_board
18/11/07 11:35:37.971 021 W1 <U> GUEST 44D09A4425DE7A7ED0FF5C38362BA966 null -1 /coreframe-web-5.0.14/curriculum1.4/controller.jspx /main_board/select_board,/main_board/select_board
18/11/07 11:35:40.629 017 W1 <U> GUEST 44D09A4425DE7A7ED0FF5C38362BA966 null -1 /coreframe-web-5.0.14/curriculum1.4/controller.jspx?cmd=contents&bId=161 /main_board/select_board
18/11/07 11:36:33.620 023 W1 <U> GUEST 44D09A4425DE7A7ED0FF5C38362BA966 null -1 /coreframe-web-5.0.14/curriculum1.4/controller.jspx /main_board/select_board,/main_board/select_board
18/11/07 13:08:21.333 022 W1 <U> GUEST 4EA1403956FF98A60AF1AA064FD91F52 null -1 /coreframe-web-5.0.14/curriculum1.4/controller.jspx?cmd=contents&bId=73 /main_board/select_board
18/11/07 13:08:22.637 019 W1 <U> GUEST 4EA1403956FF98A60AF1AA064FD91F52 null -1 /coreframe-web-5.0.14/curriculum1.4/controller.jspx /main_board/select_board,/main_board/select_board
18/11/07 13:08:35.404 021 W1 <U> GUEST 4EA1403956FF98A60AF1AA064FD91F52 null -1 /coreframe-web-5.0.14/curriculum1.4/controller.jspx?cmd=contents&bId=73 /main_board/select_board
18/11/07 13:08:35.442 021 W1 <U> GUEST 4EA1403956FF98A60AF1AA064FD91F52 null -1 /coreframe-web-5.0.14/curriculum1.4/js/myscript.js NO-BLD
18/11/07 13:08:36.884 020 W1 <U> GUEST 4EA1403956FF98A60AF1AA064FD91F52 null -1 /coreframe-web-5.0.14/curriculum1.4/controller.jspx?cmd=modifyContents /main_board/modify_board
18/11/07 13:08:37.015 019 W1 <U> GUEST 4EA1403956FF98A60AF1AA064FD91F52 null -1 /coreframe-web-5.0.14/curriculum1.4/controller.jspx /main_board/select_board,/main_board/select_board
18/11/07 13:08:39.665 019 W1 <U> GUEST 4EA1403956FF98A60AF1AA064FD91F52 null -1 /coreframe-web-5.0.14/curriculum1.4/controller.jspx?cmd=contents&bId=73 /main_board/select_board
18/11/07 13:08:46.420 017 W1 <U> GUEST 4EA1403956FF98A60AF1AA064FD91F52 null -1 /coreframe-web-5.0.14/curriculum1.4/controller.jspx?cmd=modifyContents /main_board/modify_board
18/11/07 13:08:46.550 021 W1 <U> GUEST 4EA1403956FF98A60AF1AA064FD91F52 null -1 /coreframe-web-5.0.14/curriculum1.4/controller.jspx /main_board/select_board,/main_board/select_board
18/11/07 13:11:11.142 017 W1 <U> GUEST 4EA1403956FF98A60AF1AA064FD91F52 null -1 /coreframe-web-5.0.14/curriculum1.4/controller.jspx?cmd=contents&bId=146 /main_board/select_board
18/11/07 13:11:13.591 022 W1 <U> GUEST 4EA1403956FF98A60AF1AA064FD91F52 null -1 /coreframe-web-5.0.14/curriculum1.4/controller.jspx?cmd=contents&bId=146 /main_board/select_board
18/11/07 13:11:15.126 023 W1 <U> GUEST 4EA1403956FF98A60AF1AA064FD91F52 null -1 /coreframe-web-5.0.14/curriculum1.4/controller.jspx /main_board/select_board,/main_board/select_board
18/11/07 13:11:22.405 017 W1 <U> GUEST 4EA1403956FF98A60AF1AA064FD91F52 null -1 /coreframe-web-5.0.14/curriculum1.4/controller.jspx?cmd=contents&bId=142 /main_board/select_board
18/11/07 13:11:23.806 018 W1 <U> GUEST 4EA1403956FF98A60AF1AA064FD91F52 null -1 /coreframe-web-5.0.14/curriculum1.4/controller.jspx /main_board/select_board,/main_board/select_board
18/11/07 13:22:37.411 017 W1 <U> GUEST 4EA1403956FF98A60AF1AA064FD91F52 null -1 /coreframe-web-5.0.14/curriculum1.4/controller.jspx?cmd=contents&bId=161 /main_board/select_board
18/11/07 13:22:46.772 017 W1 <U> GUEST 4EA1403956FF98A60AF1AA064FD91F52 null -1 /coreframe-web-5.0.14/curriculum1.4/controller.jspx?cmd=modifyContents /main_board/modify_board
18/11/07 13:22:47.010 018 W1 <U> GUEST 4EA1403956FF98A60AF1AA064FD91F52 null -1 /coreframe-web-5.0.14/curriculum1.4/controller.jspx /main_board/select_board,/main_board/select_board
18/11/07 13:27:10.579 021 W1 <U> GUEST 4EA1403956FF98A60AF1AA064FD91F52 null -1 /coreframe-web-5.0.14/curriculum1.4/controller.jspx /main_board/select_board,/main_board/select_board
18/11/07 13:27:13.343 020 W1 <U> GUEST 4EA1403956FF98A60AF1AA064FD91F52 null -1 /coreframe-web-5.0.14/curriculum1.4/write_view.jsp NO-BLD
18/11/07 13:27:16.042 022 W1 <U> GUEST 4EA1403956FF98A60AF1AA064FD91F52 null -1 /coreframe-web-5.0.14/curriculum1.4/controller.jspx?cmd=contents&bId=83 /main_board/select_board
18/11/07 13:27:21.096 017 W1 <U> GUEST 4EA1403956FF98A60AF1AA064FD91F52 null -1 /coreframe-web-5.0.14/curriculum1.4/controller.jspx?cmd=modifyContents /main_board/modify_board
18/11/07 13:27:21.176 021 W1 <U> GUEST 4EA1403956FF98A60AF1AA064FD91F52 null -1 /coreframe-web-5.0.14/curriculum1.4/controller.jspx /main_board/select_board,/main_board/select_board
18/11/07 13:27:25.518 019 W1 <U> GUEST 4EA1403956FF98A60AF1AA064FD91F52 null -1 /coreframe-web-5.0.14/curriculum1.4/controller.jspx?cmd=contents&bId=161 /main_board/select_board
18/11/07 13:27:31.424 017 W1 <U> GUEST 4EA1403956FF98A60AF1AA064FD91F52 null -1 /coreframe-web-5.0.14/curriculum1.4/controller.jspx?cmd=modifyContents /main_board/modify_board
18/11/07 13:27:31.513 022 W1 <U> GUEST 4EA1403956FF98A60AF1AA064FD91F52 null -1 /coreframe-web-5.0.14/curriculum1.4/controller.jspx /main_board/select_board,/main_board/select_board
18/11/07 13:45:46.239 021 W1 <U> GUEST 4EA1403956FF98A60AF1AA064FD91F52 null -1 /coreframe-web-5.0.14/curriculum1.4/controller.jspx?cmd=contents&bId=161 /main_board/select_board
18/11/07 13:45:54.024 020 W1 <U> GUEST 4EA1403956FF98A60AF1AA064FD91F52 null -1 /coreframe-web-5.0.14/curriculum1.4/controller.jspx?cmd=modifyContents /main_board/modify_board
18/11/07 13:45:54.100 022 W1 <U> GUEST 4EA1403956FF98A60AF1AA064FD91F52 null -1 /coreframe-web-5.0.14/curriculum1.4/controller.jspx /main_board/select_board,/main_board/select_board
18/11/07 13:46:05.579 019 W1 <U> GUEST 4EA1403956FF98A60AF1AA064FD91F52 null -1 /coreframe-web-5.0.14/curriculum1.4/controller.jspx?cmd=contents&bId=161 /main_board/select_board
18/11/07 13:50:45.220 023 W1 <U> GUEST 4EA1403956FF98A60AF1AA064FD91F52 null -1 /coreframe-web-5.0.14/curriculum1.4/controller.jspx?cmd=contents&bId=161 /main_board/select_board
18/11/07 13:50:46.803 017 W1 <U> GUEST 4EA1403956FF98A60AF1AA064FD91F52 null -1 /coreframe-web-5.0.14/curriculum1.4/controller.jspx?cmd=contents&bId=161 /main_board/select_board
18/11/07 13:50:47.183 023 W1 <U> GUEST 4EA1403956FF98A60AF1AA064FD91F52 null -1 /coreframe-web-5.0.14/curriculum1.4/controller.jspx?cmd=contents&bId=161 /main_board/select_board
18/11/07 13:50:47.394 022 W1 <U> GUEST 4EA1403956FF98A60AF1AA064FD91F52 null -1 /coreframe-web-5.0.14/curriculum1.4/controller.jspx?cmd=contents&bId=161 /main_board/select_board
18/11/07 13:50:47.564 018 W1 <U> GUEST 4EA1403956FF98A60AF1AA064FD91F52 null -1 /coreframe-web-5.0.14/curriculum1.4/controller.jspx?cmd=contents&bId=161 /main_board/select_board
18/11/07 13:50:47.736 021 W1 <U> GUEST 4EA1403956FF98A60AF1AA064FD91F52 null -1 /coreframe-web-5.0.14/curriculum1.4/controller.jspx?cmd=contents&bId=161 /main_board/select_board
18/11/07 13:50:47.928 016 W1 <U> GUEST 4EA1403956FF98A60AF1AA064FD91F52 null -1 /coreframe-web-5.0.14/curriculum1.4/controller.jspx?cmd=contents&bId=161 /main_board/select_board
18/11/07 13:50:52.705 018 W1 <U> GUEST 4EA1403956FF98A60AF1AA064FD91F52 null -1 /coreframe-web-5.0.14/curriculum1.4/controller.jspx?cmd=modifyContents /main_board/modify_board
18/11/07 13:50:53.549 022 W1 <U> GUEST 4EA1403956FF98A60AF1AA064FD91F52 null -1 /coreframe-web-5.0.14/curriculum1.4/controller.jspx /main_board/select_board,/main_board/select_board
18/11/07 13:50:55.968 018 W1 <U> GUEST 4EA1403956FF98A60AF1AA064FD91F52 null -1 /coreframe-web-5.0.14/curriculum1.4/controller.jspx?cmd=contents&bId=161 /main_board/select_board
18/11/07 13:51:06.650 020 W1 <U> GUEST 4EA1403956FF98A60AF1AA064FD91F52 null -1 /coreframe-web-5.0.14/curriculum1.4/controller.jspx?cmd=modifyContents /main_board/modify_board
18/11/07 13:51:06.879 021 W1 <U> GUEST 4EA1403956FF98A60AF1AA064FD91F52 null -1 /coreframe-web-5.0.14/curriculum1.4/controller.jspx /main_board/select_board,/main_board/select_board
18/11/07 13:56:04.272 019 W1 <U> GUEST 4EA1403956FF98A60AF1AA064FD91F52 null -1 /coreframe-web-5.0.14/curriculum1.4/write_view.jsp NO-BLD
18/11/07 13:56:12.424 023 W1 <U> GUEST 4EA1403956FF98A60AF1AA064FD91F52 null -1 /coreframe-web-5.0.14/curriculum1.4/controller.jspx?cmd=writeContents /main_board/insert_board
18/11/07 13:56:12.752 019 W1 <U> GUEST 4EA1403956FF98A60AF1AA064FD91F52 null -1 /coreframe-web-5.0.14/curriculum1.4/controller.jspx /main_board/select_board,/main_board/select_board
18/11/07 13:58:51.302 022 W1 <U> GUEST 4EA1403956FF98A60AF1AA064FD91F52 null -1 /coreframe-web-5.0.14/curriculum1.4/controller.jspx?cmd=contents&bId=162 /main_board/select_board
18/11/07 13:59:00.098 018 W1 <U> GUEST 4EA1403956FF98A60AF1AA064FD91F52 null -1 /coreframe-web-5.0.14/curriculum1.4/controller.jspx?cmd=modifyContents /main_board/modify_board
18/11/07 13:59:00.322 019 W1 <U> GUEST 4EA1403956FF98A60AF1AA064FD91F52 null -1 /coreframe-web-5.0.14/curriculum1.4/controller.jspx /main_board/select_board,/main_board/select_board
18/11/07 14:00:58.678 022 W1 <U> GUEST 4EA1403956FF98A60AF1AA064FD91F52 null -1 /coreframe-web-5.0.14/curriculum1.4/controller.jspx?cmd=contents&bId=162 /main_board/select_board
18/11/07 14:01:03.957 020 W1 <U> GUEST 4EA1403956FF98A60AF1AA064FD91F52 null -1 /coreframe-web-5.0.14/curriculum1.4/controller.jspx?cmd=modifyContents /main_board/modify_board
18/11/07 14:01:04.061 019 W1 <U> GUEST 4EA1403956FF98A60AF1AA064FD91F52 null -1 /coreframe-web-5.0.14/curriculum1.4/controller.jspx /main_board/select_board,/main_board/select_board
18/11/07 14:01:10.990 021 W1 <U> GUEST 4EA1403956FF98A60AF1AA064FD91F52 null -1 /coreframe-web-5.0.14/curriculum1.4/controller.jspx?cmd=contents&bId=162 /main_board/select_board
18/11/07 14:01:14.234 018 W1 <U> GUEST 4EA1403956FF98A60AF1AA064FD91F52 null -1 /coreframe-web-5.0.14/curriculum1.4/controller.jspx?cmd=modifyContents /main_board/modify_board
18/11/07 14:01:14.411 016 W1 <U> GUEST 4EA1403956FF98A60AF1AA064FD91F52 null -1 /coreframe-web-5.0.14/curriculum1.4/controller.jspx /main_board/select_board,/main_board/select_board
18/11/07 14:06:25.919 021 W1 <U> GUEST 4EA1403956FF98A60AF1AA064FD91F52 null -1 /coreframe-web-5.0.14/curriculum1.4/controller.jspx /main_board/select_board,/main_board/select_board
18/11/07 14:06:28.654 017 W1 <U> GUEST 4EA1403956FF98A60AF1AA064FD91F52 null -1 /coreframe-web-5.0.14/curriculum1.4/controller.jspx?cmd=contents&bId=162 /main_board/select_board
18/11/07 14:06:40.810 020 W1 <U> GUEST 4EA1403956FF98A60AF1AA064FD91F52 null -1 /coreframe-web-5.0.14/curriculum1.4/controller.jspx?cmd=modifyContents /main_board/modify_board
18/11/07 14:06:40.895 020 W1 <U> GUEST 4EA1403956FF98A60AF1AA064FD91F52 null -1 /coreframe-web-5.0.14/curriculum1.4/controller.jspx /main_board/select_board,/main_board/select_board
18/11/07 14:07:37.033 023 W1 <U> GUEST 4EA1403956FF98A60AF1AA064FD91F52 null -1 /coreframe-web-5.0.14/curriculum1.4/controller.jspx?cmd=contents&bId=162 /main_board/select_board
18/11/07 14:07:45.076 017 W1 <U> GUEST 4EA1403956FF98A60AF1AA064FD91F52 null -1 /coreframe-web-5.0.14/curriculum1.4/controller.jspx?cmd=modifyContents /main_board/modify_board
18/11/07 14:08:09.976 017 W1 <U> GUEST 4EA1403956FF98A60AF1AA064FD91F52 null -1 /coreframe-web-5.0.14/curriculum1.4/controller.jspx?cmd=modifyContents /main_board/modify_board
18/11/07 14:08:11.478 021 W1 <U> GUEST 4EA1403956FF98A60AF1AA064FD91F52 null -1 /coreframe-web-5.0.14/curriculum1.4/controller.jspx?cmd=contents&bId=162 /main_board/select_board
18/11/07 14:08:16.095 017 W1 <U> GUEST 4EA1403956FF98A60AF1AA064FD91F52 null -1 /coreframe-web-5.0.14/curriculum1.4/controller.jspx?cmd=modifyContents /main_board/modify_board
18/11/07 14:09:15.942 022 W1 <U> GUEST 4EA1403956FF98A60AF1AA064FD91F52 null -1 /coreframe-web-5.0.14/curriculum1.4/controller.jspx?cmd=modifyContents /main_board/modify_board
18/11/07 14:09:16.084 017 W1 <U> GUEST 4EA1403956FF98A60AF1AA064FD91F52 null -1 /coreframe-web-5.0.14/curriculum1.4/controller.jspx /main_board/select_board,/main_board/select_board
18/11/07 14:09:18.693 022 W1 <U> GUEST 4EA1403956FF98A60AF1AA064FD91F52 null -1 /coreframe-web-5.0.14/curriculum1.4/controller.jspx?cmd=contents&bId=162 /main_board/select_board
18/11/07 14:09:23.258 017 W1 <U> GUEST 4EA1403956FF98A60AF1AA064FD91F52 null -1 /coreframe-web-5.0.14/curriculum1.4/controller.jspx?cmd=modifyContents /main_board/modify_board
18/11/07 14:09:23.395 017 W1 <U> GUEST 4EA1403956FF98A60AF1AA064FD91F52 null -1 /coreframe-web-5.0.14/curriculum1.4/controller.jspx /main_board/select_board,/main_board/select_board
18/11/07 14:09:25.000 021 W1 <U> GUEST 4EA1403956FF98A60AF1AA064FD91F52 null -1 /coreframe-web-5.0.14/curriculum1.4/controller.jspx?cmd=contents&bId=162 /main_board/select_board
18/11/07 14:09:30.473 023 W1 <U> GUEST 4EA1403956FF98A60AF1AA064FD91F52 null -1 /coreframe-web-5.0.14/curriculum1.4/controller.jspx?cmd=modifyContents NO-BLD
18/11/07 14:09:41.032 016 W1 <U> GUEST 4EA1403956FF98A60AF1AA064FD91F52 null -1 /coreframe-web-5.0.14/curriculum1.4/controller.jspx?cmd=modifyContents /main_board/modify_board
18/11/07 14:09:41.099 016 W1 <U> GUEST 4EA1403956FF98A60AF1AA064FD91F52 null -1 /coreframe-web-5.0.14/curriculum1.4/controller.jspx /main_board/select_board,/main_board/select_board
18/11/07 14:10:03.487 020 W1 <U> GUEST 4EA1403956FF98A60AF1AA064FD91F52 null -1 /coreframe-web-5.0.14/curriculum1.4/controller.jspx?cmd=contents&bId=162 /main_board/select_board
18/11/07 14:10:08.240 020 W1 <U> GUEST 4EA1403956FF98A60AF1AA064FD91F52 null -1 /coreframe-web-5.0.14/curriculum1.4/controller.jspx?cmd=modifyContents /main_board/modify_board
18/11/07 14:10:08.449 021 W1 <U> GUEST 4EA1403956FF98A60AF1AA064FD91F52 null -1 /coreframe-web-5.0.14/curriculum1.4/controller.jspx /main_board/select_board,/main_board/select_board
18/11/07 14:10:11.119 020 W1 <U> GUEST 4EA1403956FF98A60AF1AA064FD91F52 null -1 /coreframe-web-5.0.14/curriculum1.4/controller.jspx?cmd=contents&bId=162 /main_board/select_board
18/11/07 14:13:20.614 021 W1 <U> GUEST 4EA1403956FF98A60AF1AA064FD91F52 null -1 /coreframe-web-5.0.14/curriculum1.4/controller.jspx?cmd=board&keyWord=11&keyField=bTitle /main_board/select_board
18/11/07 14:13:44.515 022 W1 <U> GUEST 4EA1403956FF98A60AF1AA064FD91F52 null -1 /coreframe-web-5.0.14/curriculum1.4/controller.jspx?cmd=board&keyWord=111&keyField=bTitle /main_board/select_board,/main_board/select_board
18/11/07 14:13:53.674 021 W1 <U> GUEST 4EA1403956FF98A60AF1AA064FD91F52 null -1 /coreframe-web-5.0.14/curriculum1.4/controller.jspx?cmd=board&keyWord=11&keyField=bTitle /main_board/select_board,/main_board/select_board
18/11/07 14:36:17.064 017 W1 <U> GUEST 4EA1403956FF98A60AF1AA064FD91F52 null -1 /coreframe-web-5.0.14/curriculum1.4/controller.jspx?cmd=contents&bId=148 /main_board/select_board
18/11/07 14:36:19.695 023 W1 <U> GUEST 4EA1403956FF98A60AF1AA064FD91F52 null -1 /coreframe-web-5.0.14/curriculum1.4/controller.jspx?cmd=contents&bId=162 /main_board/select_board
18/11/07 14:36:25.182 020 W1 <U> GUEST 4EA1403956FF98A60AF1AA064FD91F52 null -1 /coreframe-web-5.0.14/curriculum1.4/controller.jspx?cmd=modifyContents /main_board/modify_board
18/11/07 14:36:25.384 020 W1 <U> GUEST 4EA1403956FF98A60AF1AA064FD91F52 null -1 /coreframe-web-5.0.14/curriculum1.4/controller.jspx /main_board/select_board,/main_board/select_board
18/11/07 14:39:21.668 021 W1 <U> GUEST 4EA1403956FF98A60AF1AA064FD91F52 null -1 /coreframe-web-5.0.14/curriculum1.4/controller.jspx?cmd=contents&bId=162 /main_board/select_board
18/11/07 14:39:24.925 023 W1 <U> GUEST 4EA1403956FF98A60AF1AA064FD91F52 null -1 /coreframe-web-5.0.14/curriculum1.4/controller.jspx?cmd=deleteContents&bId=162 /main_board/delete_board
18/11/07 14:39:25.036 023 W1 <U> GUEST 4EA1403956FF98A60AF1AA064FD91F52 null -1 /coreframe-web-5.0.14/curriculum1.4/controller.jspx /main_board/select_board,/main_board/select_board
18/11/07 14:39:28.397 019 W1 <U> GUEST 4EA1403956FF98A60AF1AA064FD91F52 null -1 /coreframe-web-5.0.14/curriculum1.4/controller.jspx?cmd=contents&bId=161 /main_board/select_board
18/11/07 14:39:29.939 023 W1 <U> GUEST 4EA1403956FF98A60AF1AA064FD91F52 null -1 /coreframe-web-5.0.14/curriculum1.4/controller.jspx?cmd=deleteContents&bId=161 /main_board/delete_board
18/11/07 14:39:30.049 021 W1 <U> GUEST 4EA1403956FF98A60AF1AA064FD91F52 null -1 /coreframe-web-5.0.14/curriculum1.4/controller.jspx /main_board/select_board,/main_board/select_board
18/11/07 14:39:41.791 019 W1 <U> GUEST 4EA1403956FF98A60AF1AA064FD91F52 null -1 /coreframe-web-5.0.14/curriculum1.4/controller.jspx /main_board/select_board,/main_board/select_board
18/11/07 14:41:04.866 021 W1 <U> GUEST 4EA1403956FF98A60AF1AA064FD91F52 null -1 /coreframe-web-5.0.14/curriculum1.4/controller.jspx /main_board/select_board,/main_board/select_board
18/11/07 14:41:05.882 017 W1 <U> GUEST 4EA1403956FF98A60AF1AA064FD91F52 null -1 /coreframe-web-5.0.14/curriculum1.4/controller.jspx?cmd=contents&bId=146 /main_board/select_board
18/11/07 14:41:10.297 022 W1 <U> GUEST 4EA1403956FF98A60AF1AA064FD91F52 null -1 /coreframe-web-5.0.14/curriculum1.4/controller.jspx?cmd=deleteContents&bId=146 /main_board/delete_board
18/11/07 14:41:10.555 022 W1 <U> GUEST 4EA1403956FF98A60AF1AA064FD91F52 null -1 /coreframe-web-5.0.14/curriculum1.4/controller.jspx /main_board/select_board,/main_board/select_board
18/11/07 14:41:14.169 018 W1 <U> GUEST 4EA1403956FF98A60AF1AA064FD91F52 null -1 /coreframe-web-5.0.14/curriculum1.4/controller.jspx?cmd=contents&bId=145 /main_board/select_board
18/11/07 14:41:15.469 019 W1 <U> GUEST 4EA1403956FF98A60AF1AA064FD91F52 null -1 /coreframe-web-5.0.14/curriculum1.4/controller.jspx?cmd=deleteContents&bId=145 /main_board/delete_board
18/11/07 14:41:15.568 022 W1 <U> GUEST 4EA1403956FF98A60AF1AA064FD91F52 null -1 /coreframe-web-5.0.14/curriculum1.4/controller.jspx /main_board/select_board,/main_board/select_board
18/11/07 14:41:19.174 017 W1 <U> GUEST 4EA1403956FF98A60AF1AA064FD91F52 null -1 /coreframe-web-5.0.14/curriculum1.4/controller.jspx?cmd=contents&bId=149 /main_board/select_board
18/11/07 14:41:20.325 022 W1 <U> GUEST 4EA1403956FF98A60AF1AA064FD91F52 null -1 /coreframe-web-5.0.14/curriculum1.4/controller.jspx?cmd=deleteContents&bId=149 /main_board/delete_board
18/11/07 14:41:20.409 016 W1 <U> GUEST 4EA1403956FF98A60AF1AA064FD91F52 null -1 /coreframe-web-5.0.14/curriculum1.4/controller.jspx /main_board/select_board,/main_board/select_board
18/11/07 14:41:53.365 018 W1 <U> GUEST 4EA1403956FF98A60AF1AA064FD91F52 null -1 /coreframe-web-5.0.14/curriculum1.4/controller.jspx /main_board/select_board,/main_board/select_board
18/11/07 14:42:13.634 018 W1 <U> GUEST 4EA1403956FF98A60AF1AA064FD91F52 null -1 /coreframe-web-5.0.14/curriculum1.4/controller.jspx /main_board/select_board,/main_board/select_board
18/11/07 14:42:17.013 017 W1 <U> GUEST 4EA1403956FF98A60AF1AA064FD91F52 null -1 /coreframe-web-5.0.14/curriculum1.4/controller.jspx /main_board/select_board,/main_board/select_board
18/11/07 14:42:18.938 022 W1 <U> GUEST 4EA1403956FF98A60AF1AA064FD91F52 null -1 /coreframe-web-5.0.14/curriculum1.4/controller.jspx?cmd=contents&bId=148 /main_board/select_board
18/11/07 14:42:20.289 017 W1 <U> GUEST 4EA1403956FF98A60AF1AA064FD91F52 null -1 /coreframe-web-5.0.14/curriculum1.4/controller.jspx?cmd=deleteContents&bId=148 /main_board/delete_board
18/11/07 14:42:20.383 018 W1 <U> GUEST 4EA1403956FF98A60AF1AA064FD91F52 null -1 /coreframe-web-5.0.14/curriculum1.4/controller.jspx /main_board/select_board,/main_board/select_board
18/11/07 14:44:01.837 016 W1 <U> GUEST 4EA1403956FF98A60AF1AA064FD91F52 null -1 /coreframe-web-5.0.14/curriculum1.4/controller.jspx /main_board/select_board,/main_board/select_board
18/11/07 14:44:06.437 022 W1 <U> GUEST 4EA1403956FF98A60AF1AA064FD91F52 null -1 /coreframe-web-5.0.14/curriculum1.4/controller.jspx /main_board/select_board,/main_board/select_board
18/11/07 14:44:06.719 018 W1 <U> GUEST 4EA1403956FF98A60AF1AA064FD91F52 null -1 /coreframe-web-5.0.14/curriculum1.4/controller.jspx /main_board/select_board,/main_board/select_board
18/11/07 14:44:06.729 023 W1 <U> GUEST 4EA1403956FF98A60AF1AA064FD91F52 null -1 /coreframe-web-5.0.14/curriculum1.4/controller.jspx /main_board/select_board,/main_board/select_board
18/11/07 14:44:40.333 017 W1 <U> GUEST 4EA1403956FF98A60AF1AA064FD91F52 null -1 /coreframe-web-5.0.14/curriculum1.4/controller.jspx /main_board/select_board,/main_board/select_board
18/11/07 15:07:40.221 021 W1 <U> GUEST 4EA1403956FF98A60AF1AA064FD91F52 null -1 /coreframe-web-5.0.14/curriculum1.4/controller.jspx?cmd=contents&bId=142 /main_board/select_board
18/11/07 15:07:40.252 022 W1 <U> GUEST 4EA1403956FF98A60AF1AA064FD91F52 null -1 /coreframe-web-5.0.14/curriculum1.4/js/myscript.js NO-BLD
18/11/07 15:07:42.187 018 W1 <U> GUEST 4EA1403956FF98A60AF1AA064FD91F52 null -1 /coreframe-web-5.0.14/curriculum1.4/controller.jspx /main_board/select_board,/main_board/select_board
18/11/07 15:07:44.160 016 W1 <U> GUEST 4EA1403956FF98A60AF1AA064FD91F52 null -1 /coreframe-web-5.0.14/curriculum1.4/controller.jspx?cmd=contents&bId=141 /main_board/select_board
18/11/07 15:07:45.194 018 W1 <U> GUEST 4EA1403956FF98A60AF1AA064FD91F52 null -1 /coreframe-web-5.0.14/curriculum1.4/controller.jspx /main_board/select_board,/main_board/select_board
18/11/07 15:13:33.899 020 W1 <U> GUEST 4EA1403956FF98A60AF1AA064FD91F52 null -1 /coreframe-web-5.0.14/curriculum1.4/controller.jspx?cmd=contents&bId=142 /main_board/select_board
18/11/07 15:13:35.434 020 W1 <U> GUEST 4EA1403956FF98A60AF1AA064FD91F52 null -1 /coreframe-web-5.0.14/curriculum1.4/controller.jspx?cmd=deleteContents&bId=142 /main_board/delete_board
18/11/07 15:13:35.520 018 W1 <U> GUEST 4EA1403956FF98A60AF1AA064FD91F52 null -1 /coreframe-web-5.0.14/curriculum1.4/controller.jspx /main_board/select_board,/main_board/select_board
18/11/07 15:13:37.296 023 W1 <U> GUEST 4EA1403956FF98A60AF1AA064FD91F52 null -1 /coreframe-web-5.0.14/curriculum1.4/controller.jspx?cmd=contents&bId=141 /main_board/select_board
18/11/07 15:13:38.507 017 W1 <U> GUEST 4EA1403956FF98A60AF1AA064FD91F52 null -1 /coreframe-web-5.0.14/curriculum1.4/controller.jspx?cmd=deleteContents&bId=141 /main_board/delete_board
18/11/07 15:13:38.565 017 W1 <U> GUEST 4EA1403956FF98A60AF1AA064FD91F52 null -1 /coreframe-web-5.0.14/curriculum1.4/controller.jspx /main_board/select_board,/main_board/select_board
18/11/07 15:13:39.789 019 W1 <U> GUEST 4EA1403956FF98A60AF1AA064FD91F52 null -1 /coreframe-web-5.0.14/curriculum1.4/controller.jspx?cmd=contents&bId=121 /main_board/select_board
18/11/07 15:13:40.667 020 W1 <U> GUEST 4EA1403956FF98A60AF1AA064FD91F52 null -1 /coreframe-web-5.0.14/curriculum1.4/controller.jspx?cmd=downloadFile&bFile=bullet02.png NO-BLD
18/11/07 15:15:19.036 019 W1 <U> GUEST 4EA1403956FF98A60AF1AA064FD91F52 null -1 /coreframe-web-5.0.14/curriculum1.4/controller.jspx /main_board/select_board,/main_board/select_board
18/11/07 15:15:27.817 016 W1 <U> GUEST 4EA1403956FF98A60AF1AA064FD91F52 null -1 /coreframe-web-5.0.14/curriculum1.4/write_view.jsp NO-BLD
18/11/07 15:15:42.585 021 W1 <U> GUEST 4EA1403956FF98A60AF1AA064FD91F52 null -1 /coreframe-web-5.0.14/curriculum1.4/controller.jspx?cmd=contents&bId=80 /main_board/select_board
18/11/07 15:16:55.174 021 W1 <U> GUEST 4EA1403956FF98A60AF1AA064FD91F52 null -1 /coreframe-web-5.0.14/curriculum1.4/controller.jspx?cmd=contents&bId=80 /main_board/select_board
18/11/07 15:17:17.139 020 W1 <U> GUEST 4EA1403956FF98A60AF1AA064FD91F52 null -1 /coreframe-web-5.0.14/curriculum1.4/controller.jspx?cmd=contents&bId=80 /main_board/select_board
18/11/07 15:17:19.589 016 W1 <U> GUEST 4EA1403956FF98A60AF1AA064FD91F52 null -1 /coreframe-web-5.0.14/curriculum1.4/controller.jspx /main_board/select_board,/main_board/select_board
18/11/07 15:17:34.492 016 W1 <U> GUEST 4EA1403956FF98A60AF1AA064FD91F52 null -1 /coreframe-web-5.0.14/curriculum1.4/controller.jspx?cmd=contents&bId=80 /main_board/select_board
18/11/07 15:17:36.058 020 W1 <U> GUEST 4EA1403956FF98A60AF1AA064FD91F52 null -1 /coreframe-web-5.0.14/curriculum1.4/controller.jspx?cmd=contents&bId=80 /main_board/select_board
18/11/07 15:17:36.692 023 W1 <U> GUEST 4EA1403956FF98A60AF1AA064FD91F52 null -1 /coreframe-web-5.0.14/curriculum1.4/controller.jspx?cmd=contents&bId=80 /main_board/select_board
18/11/07 15:17:36.978 017 W1 <U> GUEST 4EA1403956FF98A60AF1AA064FD91F52 null -1 /coreframe-web-5.0.14/curriculum1.4/controller.jspx?cmd=contents&bId=80 /main_board/select_board
18/11/07 15:17:43.992 021 W1 <U> GUEST 4EA1403956FF98A60AF1AA064FD91F52 null -1 /coreframe-web-5.0.14/curriculum1.4/controller.jspx?cmd=contents&bId=80 /main_board/select_board
18/11/07 15:17:46.202 021 W1 <U> GUEST 4EA1403956FF98A60AF1AA064FD91F52 null -1 /coreframe-web-5.0.14/curriculum1.4/controller.jspx /main_board/select_board,/main_board/select_board
18/11/07 15:17:48.410 020 W1 <U> GUEST 4EA1403956FF98A60AF1AA064FD91F52 null -1 /coreframe-web-5.0.14/curriculum1.4/controller.jspx?cmd=contents&bId=121 /main_board/select_board
18/11/07 15:20:45.410 017 W1 <U> GUEST 4EA1403956FF98A60AF1AA064FD91F52 null -1 /coreframe-web-5.0.14/curriculum1.4/reply_view.do?bId= NO-BLD
18/11/07 15:20:53.396 016 W1 <U> GUEST 4EA1403956FF98A60AF1AA064FD91F52 null -1 /coreframe-web-5.0.14/curriculum1.4/reply_view.do?bId= NO-BLD
18/11/07 15:26:14.142 019 W1 <U> GUEST 4EA1403956FF98A60AF1AA064FD91F52 null -1 /coreframe-web-5.0.14/curriculum1.4/controller.jspx /main_board/select_board,/main_board/select_board
18/11/07 15:26:16.748 022 W1 <U> GUEST 4EA1403956FF98A60AF1AA064FD91F52 null -1 /coreframe-web-5.0.14/curriculum1.4/controller.jspx?cmd=contents&bId=77 /main_board/select_board
18/11/07 15:30:35.115 016 W1 <U> GUEST 4EA1403956FF98A60AF1AA064FD91F52 null -1 /coreframe-web-5.0.14/curriculum1.4/reply_view.do?bId= NO-BLD
18/11/07 15:37:57.169 022 W1 <U> GUEST 4EA1403956FF98A60AF1AA064FD91F52 null -1 /coreframe-web-5.0.14/curriculum1.4/controller.jspx?cmd=board /main_board/select_board,/main_board/select_board
18/11/07 15:37:59.470 023 W1 <U> GUEST 4EA1403956FF98A60AF1AA064FD91F52 null -1 /coreframe-web-5.0.14/curriculum1.4/controller.jspx?cmd=contents&bId=73 /main_board/select_board
18/11/07 15:38:03.686 017 W1 <U> GUEST 4EA1403956FF98A60AF1AA064FD91F52 null -1 /coreframe-web-5.0.14/curriculum1.4/controller.jspx?cmd=modifyContents /main_board/modify_board
18/11/07 15:38:03.801 023 W1 <U> GUEST 4EA1403956FF98A60AF1AA064FD91F52 null -1 /coreframe-web-5.0.14/curriculum1.4/controller.jspx /main_board/select_board,/main_board/select_board
18/11/07 15:38:06.361 018 W1 <U> GUEST 4EA1403956FF98A60AF1AA064FD91F52 null -1 /coreframe-web-5.0.14/curriculum1.4/controller.jspx?cmd=contents&bId=73 /main_board/select_board
18/11/07 15:38:08.105 018 W1 <U> GUEST 4EA1403956FF98A60AF1AA064FD91F52 null -1 /coreframe-web-5.0.14/curriculum1.4/controller.jspx?cmd=replyContents&bId=73 NO-BLD
18/11/07 15:38:11.461 017 W1 <U> GUEST 4EA1403956FF98A60AF1AA064FD91F52 null -1 /coreframe-web-5.0.14/curriculum1.4/controller.jspx?cmd=deleteContents&bId=73 /main_board/delete_board
18/11/07 15:38:11.606 022 W1 <U> GUEST 4EA1403956FF98A60AF1AA064FD91F52 null -1 /coreframe-web-5.0.14/curriculum1.4/controller.jspx /main_board/select_board,/main_board/select_board
18/11/07 15:38:24.475 019 W1 <U> GUEST 4EA1403956FF98A60AF1AA064FD91F52 null -1 /coreframe-web-5.0.14/curriculum1.4/controller.jspx?cmd=contents&bId=74 /main_board/select_board
18/11/07 15:38:25.604 021 W1 <U> GUEST 4EA1403956FF98A60AF1AA064FD91F52 null -1 /coreframe-web-5.0.14/curriculum1.4/controller.jspx?cmd=deleteContents&bId=74 /main_board/delete_board
18/11/07 15:38:25.699 019 W1 <U> GUEST 4EA1403956FF98A60AF1AA064FD91F52 null -1 /coreframe-web-5.0.14/curriculum1.4/controller.jspx /main_board/select_board,/main_board/select_board
18/11/07 15:38:26.923 017 W1 <U> GUEST 4EA1403956FF98A60AF1AA064FD91F52 null -1 /coreframe-web-5.0.14/curriculum1.4/controller.jspx?cmd=contents&bId=5 /main_board/select_board
18/11/07 15:38:27.737 018 W1 <U> GUEST 4EA1403956FF98A60AF1AA064FD91F52 null -1 /coreframe-web-5.0.14/curriculum1.4/controller.jspx?cmd=deleteContents&bId=5 /main_board/delete_board
18/11/07 15:38:27.845 017 W1 <U> GUEST 4EA1403956FF98A60AF1AA064FD91F52 null -1 /coreframe-web-5.0.14/curriculum1.4/controller.jspx /main_board/select_board,/main_board/select_board
18/11/07 15:38:28.678 020 W1 <U> GUEST 4EA1403956FF98A60AF1AA064FD91F52 null -1 /coreframe-web-5.0.14/curriculum1.4/controller.jspx?cmd=contents&bId=6 /main_board/select_board
18/11/07 15:38:29.517 020 W1 <U> GUEST 4EA1403956FF98A60AF1AA064FD91F52 null -1 /coreframe-web-5.0.14/curriculum1.4/controller.jspx?cmd=deleteContents&bId=6 /main_board/delete_board
18/11/07 15:38:29.585 017 W1 <U> GUEST 4EA1403956FF98A60AF1AA064FD91F52 null -1 /coreframe-web-5.0.14/curriculum1.4/controller.jspx /main_board/select_board,/main_board/select_board
18/11/07 15:38:30.586 018 W1 <U> GUEST 4EA1403956FF98A60AF1AA064FD91F52 null -1 /coreframe-web-5.0.14/curriculum1.4/controller.jspx?cmd=contents&bId=72 /main_board/select_board
18/11/07 15:38:34.698 023 W1 <U> GUEST 4EA1403956FF98A60AF1AA064FD91F52 null -1 /coreframe-web-5.0.14/curriculum1.4/controller.jspx?cmd=deleteContents&bId=72 /main_board/delete_board
18/11/07 15:38:34.789 023 W1 <U> GUEST 4EA1403956FF98A60AF1AA064FD91F52 null -1 /coreframe-web-5.0.14/curriculum1.4/controller.jspx /main_board/select_board,/main_board/select_board
18/11/07 15:41:05.544 019 W1 <U> GUEST 4EA1403956FF98A60AF1AA064FD91F52 null -1 /coreframe-web-5.0.14/curriculum1.4/controller.jspx?cmd=contents&bId=75 /main_board/select_board
18/11/07 15:43:55.505 017 W1 <U> GUEST 4EA1403956FF98A60AF1AA064FD91F52 null -1 /coreframe-web-5.0.14/curriculum1.4/controller.jspx?cmd=replyContents&bId=75 /main_board/reply_board
18/11/07 15:44:39.871 017 W1 <U> GUEST 4EA1403956FF98A60AF1AA064FD91F52 null -1 /coreframe-web-5.0.14/curriculum1.4/controller.jspx?cmd=deleteContents&bId=75 /main_board/delete_board
18/11/07 15:44:40.039 021 W1 <U> GUEST 4EA1403956FF98A60AF1AA064FD91F52 null -1 /coreframe-web-5.0.14/curriculum1.4/controller.jspx /main_board/select_board,/main_board/select_board
18/11/07 15:44:46.026 022 W1 <U> GUEST 4EA1403956FF98A60AF1AA064FD91F52 null -1 /coreframe-web-5.0.14/curriculum1.4/controller.jspx?cmd=contents&bId=7 /main_board/select_board
18/11/07 15:44:47.327 022 W1 <U> GUEST 4EA1403956FF98A60AF1AA064FD91F52 null -1 /coreframe-web-5.0.14/curriculum1.4/controller.jspx?cmd=replyContents&bId=7 /main_board/reply_board
18/11/07 15:45:32.578 016 W1 <U> GUEST 4EA1403956FF98A60AF1AA064FD91F52 null -1 /coreframe-web-5.0.14/curriculum1.4/controller.jspx?cmd=deleteContents&bId=7 /main_board/delete_board
18/11/07 15:45:32.652 022 W1 <U> GUEST 4EA1403956FF98A60AF1AA064FD91F52 null -1 /coreframe-web-5.0.14/curriculum1.4/controller.jspx /main_board/select_board,/main_board/select_board
18/11/07 15:45:34.429 020 W1 <U> GUEST 4EA1403956FF98A60AF1AA064FD91F52 null -1 /coreframe-web-5.0.14/curriculum1.4/controller.jspx?cmd=contents&bId=9 /main_board/select_board
18/11/07 15:45:36.161 017 W1 <U> GUEST 4EA1403956FF98A60AF1AA064FD91F52 null -1 /coreframe-web-5.0.14/curriculum1.4/controller.jspx?cmd=replyContents&bId=9 /main_board/reply_board
18/11/07 15:47:07.808 021 W1 <U> GUEST 4EA1403956FF98A60AF1AA064FD91F52 null -1 /coreframe-web-5.0.14/curriculum1.4/controller.jspx?cmd=contents&bId=64 /main_board/select_board
18/11/07 15:47:09.173 017 W1 <U> GUEST 4EA1403956FF98A60AF1AA064FD91F52 null -1 /coreframe-web-5.0.14/curriculum1.4/controller.jspx?cmd=replyContents&bId=64 /main_board/reply_board
18/11/07 15:47:15.327 020 W1 <U> GUEST 4EA1403956FF98A60AF1AA064FD91F52 null -1 /coreframe-web-5.0.14/curriculum1.4/controller.jspx?cmd=replyContents&bId=64 /main_board/reply_board
18/11/07 15:48:08.272 017 W1 <U> GUEST 4EA1403956FF98A60AF1AA064FD91F52 null -1 /coreframe-web-5.0.14/curriculum1.4/controller.jspx?cmd=replyContents&bId=64 /main_board/reply_board
18/11/07 15:50:49.800 023 W1 <U> GUEST 4EA1403956FF98A60AF1AA064FD91F52 null -1 /coreframe-web-5.0.14/curriculum1.4/controller.jspx /main_board/select_board,/main_board/select_board
18/11/07 15:50:52.094 020 W1 <U> GUEST 4EA1403956FF98A60AF1AA064FD91F52 null -1 /coreframe-web-5.0.14/curriculum1.4/controller.jspx?cmd=contents&bId=165 /main_board/select_board
18/11/07 15:50:54.516 020 W1 <U> GUEST 4EA1403956FF98A60AF1AA064FD91F52 null -1 /coreframe-web-5.0.14/curriculum1.4/controller.jspx?cmd=viewReplyContents&bId=165 /main_board/reply_board
18/11/07 15:50:56.264 020 W1 <U> GUEST 4EA1403956FF98A60AF1AA064FD91F52 null -1 /coreframe-web-5.0.14/curriculum1.4/controller.jspx?cmd=modifyContents /main_board/modify_board
18/11/07 15:50:56.332 019 W1 <U> GUEST 4EA1403956FF98A60AF1AA064FD91F52 null -1 /coreframe-web-5.0.14/curriculum1.4/controller.jspx /main_board/select_board,/main_board/select_board
18/11/07 15:51:32.705 020 W1 <U> GUEST 4EA1403956FF98A60AF1AA064FD91F52 null -1 /coreframe-web-5.0.14/curriculum1.4/controller.jspx?cmd=contents&bId=121 /main_board/select_board
18/11/07 15:51:34.240 019 W1 <U> GUEST 4EA1403956FF98A60AF1AA064FD91F52 null -1 /coreframe-web-5.0.14/curriculum1.4/controller.jspx?cmd=viewReplyContents&bId=121 /main_board/reply_board
18/11/07 15:52:47.291 023 W1 <U> GUEST 4EA1403956FF98A60AF1AA064FD91F52 null -1 /coreframe-web-5.0.14/curriculum1.4/controller.jspx /main_board/select_board,/main_board/select_board
18/11/07 15:52:49.546 021 W1 <U> GUEST 4EA1403956FF98A60AF1AA064FD91F52 null -1 /coreframe-web-5.0.14/curriculum1.4/controller.jspx?cmd=contents&bId=165 /main_board/select_board
18/11/07 15:52:50.983 018 W1 <U> GUEST 4EA1403956FF98A60AF1AA064FD91F52 null -1 /coreframe-web-5.0.14/curriculum1.4/controller.jspx?cmd=viewReplyContents&bId=165 /main_board/reply_board
18/11/07 15:55:48.336 019 W1 <U> GUEST 4EA1403956FF98A60AF1AA064FD91F52 null -1 /coreframe-web-5.0.14/curriculum1.4/controller.jspx?cmd=contents&bId=9 /main_board/select_board
18/11/07 15:55:49.549 018 W1 <U> GUEST 4EA1403956FF98A60AF1AA064FD91F52 null -1 /coreframe-web-5.0.14/curriculum1.4/controller.jspx?cmd=viewReplyContents&bId=9 /main_board/reply_board
18/11/07 16:02:10.779 022 W1 <U> GUEST 4EA1403956FF98A60AF1AA064FD91F52 null -1 /coreframe-web-5.0.14/curriculum1.4/controller.jspx?cmd=contents&bId=9 /main_board/select_board
18/11/07 16:02:12.183 018 W1 <U> GUEST 4EA1403956FF98A60AF1AA064FD91F52 null -1 /coreframe-web-5.0.14/curriculum1.4/controller.jspx?cmd=viewReplyContents&bId=9 /main_board/select_board
18/11/07 16:06:21.216 020 W1 <U> GUEST 4EA1403956FF98A60AF1AA064FD91F52 null -1 /coreframe-web-5.0.14/curriculum1.4/controller.jspx?cmd=contents&bId=165 /main_board/select_board
18/11/07 16:06:23.111 018 W1 <U> GUEST 4EA1403956FF98A60AF1AA064FD91F52 null -1 /coreframe-web-5.0.14/curriculum1.4/controller.jspx?cmd=viewReplyContents&bId=165 /main_board/select_board
18/11/07 16:28:03.189 022 W1 <U> GUEST 4EA1403956FF98A60AF1AA064FD91F52 null -1 /coreframe-web-5.0.14/curriculum1.4/controller.jspx /main_board/select_board,/main_board/select_board
18/11/07 16:28:05.580 023 W1 <U> GUEST 4EA1403956FF98A60AF1AA064FD91F52 null -1 /coreframe-web-5.0.14/curriculum1.4/controller.jspx?cmd=contents&bId=165 /main_board/select_board
18/11/07 16:28:07.201 016 W1 <U> GUEST 4EA1403956FF98A60AF1AA064FD91F52 null -1 /coreframe-web-5.0.14/curriculum1.4/controller.jspx?cmd=viewReplyContents&bId=165 /main_board/select_board
18/11/07 16:28:08.771 020 W1 <U> GUEST 4EA1403956FF98A60AF1AA064FD91F52 null -1 /coreframe-web-5.0.14/curriculum1.4/controller.jspx?cmd=replyContents NO-BLD
18/11/07 16:29:33.432 019 W1 <U> GUEST 4EA1403956FF98A60AF1AA064FD91F52 null -1 /coreframe-web-5.0.14/curriculum1.4/controller.jspx?cmd=replyContents NO-BLD
18/11/07 16:29:55.631 017 W1 <U> GUEST 4EA1403956FF98A60AF1AA064FD91F52 null -1 /coreframe-web-5.0.14/curriculum1.4/controller.jspx /main_board/select_board,/main_board/select_board
18/11/07 16:29:56.637 016 W1 <U> GUEST 4EA1403956FF98A60AF1AA064FD91F52 null -1 /coreframe-web-5.0.14/curriculum1.4/controller.jspx?cmd=contents&bId=165 /main_board/select_board
18/11/07 16:30:02.918 022 W1 <U> GUEST 4EA1403956FF98A60AF1AA064FD91F52 null -1 /coreframe-web-5.0.14/curriculum1.4/controller.jspx?cmd=viewReplyContents&bId=165 /main_board/select_board
18/11/07 16:30:08.834 016 W1 <U> GUEST 4EA1403956FF98A60AF1AA064FD91F52 null -1 /coreframe-web-5.0.14/curriculum1.4/controller.jspx?cmd=replyContents NO-BLD
18/11/07 16:31:24.208 021 W1 <U> GUEST 4EA1403956FF98A60AF1AA064FD91F52 null -1 /coreframe-web-5.0.14/curriculum1.4/controller.jspx?cmd=replyContents NO-BLD
18/11/07 16:31:33.910 021 W1 <U> GUEST 4EA1403956FF98A60AF1AA064FD91F52 null -1 /coreframe-web-5.0.14/curriculum1.4/controller.jspx?cmd=replyContents NO-BLD
18/11/07 16:31:47.908 017 W1 <U> GUEST 4EA1403956FF98A60AF1AA064FD91F52 null -1 /coreframe-web-5.0.14/curriculum1.4/controller.jspx?cmd=replyContents NO-BLD
18/11/07 16:32:30.324 023 W1 <U> GUEST 4EA1403956FF98A60AF1AA064FD91F52 null -1 /coreframe-web-5.0.14/curriculum1.4/controller.jspx?cmd=replyContents NO-BLD
18/11/07 16:32:41.429 017 W1 <U> GUEST 4EA1403956FF98A60AF1AA064FD91F52 null -1 /coreframe-web-5.0.14/curriculum1.4/controller.jspx?cmd=replyContents NO-BLD
18/11/07 16:33:06.760 016 W1 <U> GUEST 4EA1403956FF98A60AF1AA064FD91F52 null -1 /coreframe-web-5.0.14/curriculum1.4/controller.jspx /main_board/select_board,/main_board/select_board
18/11/07 16:33:07.225 023 W1 <U> GUEST 4EA1403956FF98A60AF1AA064FD91F52 null -1 /coreframe-web-5.0.14/curriculum1.4/controller.jspx /main_board/select_board,/main_board/select_board
18/11/07 16:33:07.318 018 W1 <U> GUEST 4EA1403956FF98A60AF1AA064FD91F52 null -1 /coreframe-web-5.0.14/curriculum1.4/controller.jspx /main_board/select_board,/main_board/select_board
18/11/07 16:33:07.584 022 W1 <U> GUEST 4EA1403956FF98A60AF1AA064FD91F52 null -1 /coreframe-web-5.0.14/curriculum1.4/controller.jspx /main_board/select_board,/main_board/select_board
18/11/07 16:33:08.301 020 W1 <U> GUEST 4EA1403956FF98A60AF1AA064FD91F52 null -1 /coreframe-web-5.0.14/curriculum1.4/controller.jspx /main_board/select_board,/main_board/select_board
18/11/07 16:33:11.256 019 W1 <U> GUEST 4EA1403956FF98A60AF1AA064FD91F52 null -1 /coreframe-web-5.0.14/curriculum1.4/controller.jspx?cmd=contents&bId=165 /main_board/select_board
18/11/07 16:33:12.617 018 W1 <U> GUEST 4EA1403956FF98A60AF1AA064FD91F52 null -1 /coreframe-web-5.0.14/curriculum1.4/controller.jspx?cmd=viewReplyContents&bId=165 /main_board/select_board
18/11/07 16:33:13.836 020 W1 <U> GUEST 4EA1403956FF98A60AF1AA064FD91F52 null -1 /coreframe-web-5.0.14/curriculum1.4/controller.jspx?cmd=replyContents NO-BLD
18/11/07 16:33:53.627 020 W1 <U> GUEST 4EA1403956FF98A60AF1AA064FD91F52 null -1 /coreframe-web-5.0.14/curriculum1.4/controller.jspx?cmd=replyContents NO-BLD
18/11/07 16:33:56.851 020 W1 <U> GUEST 4EA1403956FF98A60AF1AA064FD91F52 null -1 /coreframe-web-5.0.14/curriculum1.4/controller.jspx?cmd=contents&bId=165 /main_board/select_board
18/11/07 16:33:58.079 020 W1 <U> GUEST 4EA1403956FF98A60AF1AA064FD91F52 null -1 /coreframe-web-5.0.14/curriculum1.4/controller.jspx?cmd=viewReplyContents&bId=165 /main_board/select_board
18/11/07 16:34:05.129 018 W1 <U> GUEST 4EA1403956FF98A60AF1AA064FD91F52 null -1 /coreframe-web-5.0.14/curriculum1.4/controller.jspx?cmd=replyContents /main_board/reply_board
18/11/07 16:34:05.297 021 W1 <U> GUEST 4EA1403956FF98A60AF1AA064FD91F52 null -1 /coreframe-web-5.0.14/curriculum1.4/controller.jspx /main_board/select_board,/main_board/select_board
18/11/07 16:34:23.022 022 W1 <U> GUEST 4EA1403956FF98A60AF1AA064FD91F52 null -1 /coreframe-web-5.0.14/curriculum1.4/controller.jspx?cmd=contents&bId=165 /main_board/select_board
18/11/07 16:34:24.185 023 W1 <U> GUEST 4EA1403956FF98A60AF1AA064FD91F52 null -1 /coreframe-web-5.0.14/curriculum1.4/controller.jspx?cmd=deleteContents&bId=165 /main_board/delete_board
18/11/07 16:34:24.293 020 W1 <U> GUEST 4EA1403956FF98A60AF1AA064FD91F52 null -1 /coreframe-web-5.0.14/curriculum1.4/controller.jspx /main_board/select_board,/main_board/select_board
18/11/07 16:34:25.268 019 W1 <U> GUEST 4EA1403956FF98A60AF1AA064FD91F52 null -1 /coreframe-web-5.0.14/curriculum1.4/controller.jspx?cmd=contents&bId=166 /main_board/select_board
18/11/07 16:34:26.129 022 W1 <U> GUEST 4EA1403956FF98A60AF1AA064FD91F52 null -1 /coreframe-web-5.0.14/curriculum1.4/controller.jspx?cmd=deleteContents&bId=166 /main_board/delete_board
18/11/07 16:34:26.244 022 W1 <U> GUEST 4EA1403956FF98A60AF1AA064FD91F52 null -1 /coreframe-web-5.0.14/curriculum1.4/controller.jspx /main_board/select_board,/main_board/select_board
18/11/07 16:34:28.138 021 W1 <U> GUEST 4EA1403956FF98A60AF1AA064FD91F52 null -1 /coreframe-web-5.0.14/curriculum1.4/controller.jspx?cmd=contents&bId=167 /main_board/select_board
18/11/07 16:34:28.892 018 W1 <U> GUEST 4EA1403956FF98A60AF1AA064FD91F52 null -1 /coreframe-web-5.0.14/curriculum1.4/controller.jspx?cmd=deleteContents&bId=167 /main_board/delete_board
18/11/07 16:34:28.989 016 W1 <U> GUEST 4EA1403956FF98A60AF1AA064FD91F52 null -1 /coreframe-web-5.0.14/curriculum1.4/controller.jspx /main_board/select_board,/main_board/select_board
18/11/07 16:34:29.646 018 W1 <U> GUEST 4EA1403956FF98A60AF1AA064FD91F52 null -1 /coreframe-web-5.0.14/curriculum1.4/controller.jspx?cmd=contents&bId=168 /main_board/select_board
18/11/07 16:34:30.526 017 W1 <U> GUEST 4EA1403956FF98A60AF1AA064FD91F52 null -1 /coreframe-web-5.0.14/curriculum1.4/controller.jspx?cmd=deleteContents&bId=168 /main_board/delete_board
18/11/07 16:34:30.640 023 W1 <U> GUEST 4EA1403956FF98A60AF1AA064FD91F52 null -1 /coreframe-web-5.0.14/curriculum1.4/controller.jspx /main_board/select_board,/main_board/select_board
18/11/07 16:34:32.643 017 W1 <U> GUEST 4EA1403956FF98A60AF1AA064FD91F52 null -1 /coreframe-web-5.0.14/curriculum1.4/controller.jspx?cmd=contents&bId=9 /main_board/select_board
18/11/07 16:34:33.507 019 W1 <U> GUEST 4EA1403956FF98A60AF1AA064FD91F52 null -1 /coreframe-web-5.0.14/curriculum1.4/controller.jspx?cmd=viewReplyContents&bId=9 /main_board/select_board
18/11/07 16:34:34.713 022 W1 <U> GUEST 4EA1403956FF98A60AF1AA064FD91F52 null -1 /coreframe-web-5.0.14/curriculum1.4/controller.jspx?cmd=replyContents /main_board/reply_board
18/11/07 16:34:34.792 018 W1 <U> GUEST 4EA1403956FF98A60AF1AA064FD91F52 null -1 /coreframe-web-5.0.14/curriculum1.4/controller.jspx /main_board/select_board,/main_board/select_board
18/11/07 16:34:37.451 017 W1 <U> GUEST 4EA1403956FF98A60AF1AA064FD91F52 null -1 /coreframe-web-5.0.14/curriculum1.4/controller.jspx?cmd=contents&bId=10 /main_board/select_board
18/11/07 16:34:38.641 021 W1 <U> GUEST 4EA1403956FF98A60AF1AA064FD91F52 null -1 /coreframe-web-5.0.14/curriculum1.4/controller.jspx?cmd=deleteContents&bId=10 /main_board/delete_board
18/11/07 16:34:38.733 021 W1 <U> GUEST 4EA1403956FF98A60AF1AA064FD91F52 null -1 /coreframe-web-5.0.14/curriculum1.4/controller.jspx /main_board/select_board,/main_board/select_board
18/11/07 16:35:49.949 022 W1 <U> GUEST 4EA1403956FF98A60AF1AA064FD91F52 null -1 /coreframe-web-5.0.14/curriculum1.4/controller.jspx /main_board/select_board,/main_board/select_board
18/11/07 16:35:52.446 018 W1 <U> GUEST 4EA1403956FF98A60AF1AA064FD91F52 null -1 /coreframe-web-5.0.14/curriculum1.4/controller.jspx?cmd=contents&bId=76 /main_board/select_board
18/11/07 16:35:55.614 019 W1 <U> GUEST 4EA1403956FF98A60AF1AA064FD91F52 null -1 /coreframe-web-5.0.14/curriculum1.4/controller.jspx?cmd=viewReplyContents&bId=76 /main_board/select_board
18/11/07 16:35:59.712 016 W1 <U> GUEST 4EA1403956FF98A60AF1AA064FD91F52 null -1 /coreframe-web-5.0.14/curriculum1.4/controller.jspx?cmd=replyContents /main_board/reply_board
18/11/07 16:41:36.045 022 W1 <U> GUEST 4EA1403956FF98A60AF1AA064FD91F52 null -1 /coreframe-web-5.0.14/curriculum1.4/controller.jspx?cmd=contents&bId=9 /main_board/select_board
18/11/07 16:41:37.504 022 W1 <U> GUEST 4EA1403956FF98A60AF1AA064FD91F52 null -1 /coreframe-web-5.0.14/curriculum1.4/controller.jspx?cmd=viewReplyContents&bId=9 /main_board/select_board
18/11/07 16:41:40.353 019 W1 <U> GUEST 4EA1403956FF98A60AF1AA064FD91F52 null -1 /coreframe-web-5.0.14/curriculum1.4/controller.jspx?cmd=replyContents /main_board/reply_board
18/11/07 16:41:49.521 023 W1 <U> GUEST 4EA1403956FF98A60AF1AA064FD91F52 null -1 /coreframe-web-5.0.14/curriculum1.4/controller.jspx?cmd=replyContents /main_board/reply_board
18/11/07 16:42:28.376 021 W1 <U> GUEST 4EA1403956FF98A60AF1AA064FD91F52 null -1 /coreframe-web-5.0.14/curriculum1.4/controller.jspx?cmd=contents&bId=9 /main_board/select_board
18/11/07 16:42:29.424 022 W1 <U> GUEST 4EA1403956FF98A60AF1AA064FD91F52 null -1 /coreframe-web-5.0.14/curriculum1.4/controller.jspx?cmd=viewReplyContents&bId=9 /main_board/select_board
18/11/07 16:42:32.187 022 W1 <U> GUEST 4EA1403956FF98A60AF1AA064FD91F52 null -1 /coreframe-web-5.0.14/curriculum1.4/controller.jspx?cmd=replyContents /main_board/reply_board
18/11/07 16:42:39.244 023 W1 <U> GUEST 4EA1403956FF98A60AF1AA064FD91F52 null -1 /coreframe-web-5.0.14/curriculum1.4/controller.jspx?cmd=replyContents /main_board/reply_board
18/11/07 16:47:56.184 019 W1 <U> GUEST 4EA1403956FF98A60AF1AA064FD91F52 null -1 /coreframe-web-5.0.14/curriculum1.4/controller.jspx?cmd=viewReplyContents&bId=9 /main_board/select_board
18/11/07 16:48:06.546 020 W1 <U> GUEST 4EA1403956FF98A60AF1AA064FD91F52 null -1 /coreframe-web-5.0.14/curriculum1.4/controller.jspx?cmd=replyContents /main_board/reply_board
18/11/07 16:48:06.742 021 W1 <U> GUEST 4EA1403956FF98A60AF1AA064FD91F52 null -1 /coreframe-web-5.0.14/curriculum1.4/controller.jspx /main_board/select_board,/main_board/select_board
18/11/07 16:48:20.749 020 W1 <U> GUEST 4EA1403956FF98A60AF1AA064FD91F52 null -1 /coreframe-web-5.0.14/curriculum1.4/controller.jspx?cmd=contents&bId=76 /main_board/select_board
18/11/07 16:48:22.866 023 W1 <U> GUEST 4EA1403956FF98A60AF1AA064FD91F52 null -1 /coreframe-web-5.0.14/curriculum1.4/controller.jspx?cmd=viewReplyContents&bId=76 /main_board/select_board
18/11/07 16:48:28.013 022 W1 <U> GUEST 4EA1403956FF98A60AF1AA064FD91F52 null -1 /coreframe-web-5.0.14/curriculum1.4/controller.jspx?cmd=replyContents /main_board/reply_board
18/11/07 16:48:28.082 023 W1 <U> GUEST 4EA1403956FF98A60AF1AA064FD91F52 null -1 /coreframe-web-5.0.14/curriculum1.4/controller.jspx /main_board/select_board,/main_board/select_board
18/11/07 16:49:48.907 023 W1 <U> GUEST 4EA1403956FF98A60AF1AA064FD91F52 null -1 /coreframe-web-5.0.14/curriculum1.4/controller.jspx /main_board/select_board,/main_board/select_board
18/11/07 16:50:11.393 018 W1 <U> GUEST 4EA1403956FF98A60AF1AA064FD91F52 null -1 /coreframe-web-5.0.14/curriculum1.4/controller.jspx /main_board/select_board,/main_board/select_board
18/11/07 16:50:16.465 017 W1 <U> GUEST 4EA1403956FF98A60AF1AA064FD91F52 null -1 /coreframe-web-5.0.14/curriculum1.4/controller.jspx?cmd=contents&bId=170 /main_board/select_board
18/11/07 16:50:17.952 021 W1 <U> GUEST 4EA1403956FF98A60AF1AA064FD91F52 null -1 /coreframe-web-5.0.14/curriculum1.4/controller.jspx?cmd=deleteContents&bId=170 /main_board/delete_board
18/11/07 16:50:18.037 023 W1 <U> GUEST 4EA1403956FF98A60AF1AA064FD91F52 null -1 /coreframe-web-5.0.14/curriculum1.4/controller.jspx /main_board/select_board,/main_board/select_board
18/11/07 16:50:19.101 018 W1 <U> GUEST 4EA1403956FF98A60AF1AA064FD91F52 null -1 /coreframe-web-5.0.14/curriculum1.4/controller.jspx?cmd=contents&bId=169 /main_board/select_board
18/11/07 16:50:20.691 023 W1 <U> GUEST 4EA1403956FF98A60AF1AA064FD91F52 null -1 /coreframe-web-5.0.14/curriculum1.4/controller.jspx?cmd=deleteContents&bId=169 /main_board/delete_board
18/11/07 16:50:20.782 023 W1 <U> GUEST 4EA1403956FF98A60AF1AA064FD91F52 null -1 /coreframe-web-5.0.14/curriculum1.4/controller.jspx /main_board/select_board,/main_board/select_board
18/11/07 16:50:21.533 018 W1 <U> GUEST 4EA1403956FF98A60AF1AA064FD91F52 null -1 /coreframe-web-5.0.14/curriculum1.4/controller.jspx?cmd=contents&bId=164 /main_board/select_board
18/11/07 16:50:22.356 021 W1 <U> GUEST 4EA1403956FF98A60AF1AA064FD91F52 null -1 /coreframe-web-5.0.14/curriculum1.4/controller.jspx?cmd=deleteContents&bId=164 /main_board/delete_board
18/11/07 16:50:22.487 020 W1 <U> GUEST 4EA1403956FF98A60AF1AA064FD91F52 null -1 /coreframe-web-5.0.14/curriculum1.4/controller.jspx /main_board/select_board,/main_board/select_board
18/11/07 16:50:23.953 020 W1 <U> GUEST 4EA1403956FF98A60AF1AA064FD91F52 null -1 /coreframe-web-5.0.14/curriculum1.4/controller.jspx?cmd=contents&bId=163 /main_board/select_board
18/11/07 16:50:24.807 020 W1 <U> GUEST 4EA1403956FF98A60AF1AA064FD91F52 null -1 /coreframe-web-5.0.14/curriculum1.4/controller.jspx?cmd=deleteContents&bId=163 /main_board/delete_board
18/11/07 16:50:24.885 018 W1 <U> GUEST 4EA1403956FF98A60AF1AA064FD91F52 null -1 /coreframe-web-5.0.14/curriculum1.4/controller.jspx /main_board/select_board,/main_board/select_board
18/11/07 16:50:25.631 016 W1 <U> GUEST 4EA1403956FF98A60AF1AA064FD91F52 null -1 /coreframe-web-5.0.14/curriculum1.4/controller.jspx?cmd=contents&bId=147 /main_board/select_board
18/11/07 16:50:26.667 023 W1 <U> GUEST 4EA1403956FF98A60AF1AA064FD91F52 null -1 /coreframe-web-5.0.14/curriculum1.4/controller.jspx?cmd=deleteContents&bId=147 /main_board/delete_board
18/11/07 16:50:26.841 021 W1 <U> GUEST 4EA1403956FF98A60AF1AA064FD91F52 null -1 /coreframe-web-5.0.14/curriculum1.4/controller.jspx /main_board/select_board,/main_board/select_board
18/11/07 16:50:29.084 020 W1 <U> GUEST 4EA1403956FF98A60AF1AA064FD91F52 null -1 /coreframe-web-5.0.14/curriculum1.4/controller.jspx?cmd=contents&bId=101 /main_board/select_board
18/11/07 16:50:29.886 018 W1 <U> GUEST 4EA1403956FF98A60AF1AA064FD91F52 null -1 /coreframe-web-5.0.14/curriculum1.4/controller.jspx?cmd=deleteContents&bId=101 /main_board/delete_board
18/11/07 16:50:29.951 020 W1 <U> GUEST 4EA1403956FF98A60AF1AA064FD91F52 null -1 /coreframe-web-5.0.14/curriculum1.4/controller.jspx /main_board/select_board,/main_board/select_board
18/11/07 16:50:30.677 019 W1 <U> GUEST 4EA1403956FF98A60AF1AA064FD91F52 null -1 /coreframe-web-5.0.14/curriculum1.4/controller.jspx?cmd=contents&bId=86 /main_board/select_board
18/11/07 16:50:31.392 020 W1 <U> GUEST 4EA1403956FF98A60AF1AA064FD91F52 null -1 /coreframe-web-5.0.14/curriculum1.4/controller.jspx?cmd=deleteContents&bId=86 /main_board/delete_board
18/11/07 16:50:31.449 019 W1 <U> GUEST 4EA1403956FF98A60AF1AA064FD91F52 null -1 /coreframe-web-5.0.14/curriculum1.4/controller.jspx /main_board/select_board,/main_board/select_board
18/11/07 16:50:32.364 022 W1 <U> GUEST 4EA1403956FF98A60AF1AA064FD91F52 null -1 /coreframe-web-5.0.14/curriculum1.4/controller.jspx?cmd=contents&bId=85 /main_board/select_board
18/11/07 16:50:33.048 021 W1 <U> GUEST 4EA1403956FF98A60AF1AA064FD91F52 null -1 /coreframe-web-5.0.14/curriculum1.4/controller.jspx?cmd=deleteContents&bId=85 /main_board/delete_board
18/11/07 16:50:33.123 020 W1 <U> GUEST 4EA1403956FF98A60AF1AA064FD91F52 null -1 /coreframe-web-5.0.14/curriculum1.4/controller.jspx /main_board/select_board,/main_board/select_board
18/11/07 16:50:36.277 020 W1 <U> GUEST 4EA1403956FF98A60AF1AA064FD91F52 null -1 /coreframe-web-5.0.14/curriculum1.4/controller.jspx?cmd=contents&bId=82 /main_board/select_board
18/11/07 16:50:37.038 017 W1 <U> GUEST 4EA1403956FF98A60AF1AA064FD91F52 null -1 /coreframe-web-5.0.14/curriculum1.4/controller.jspx?cmd=deleteContents&bId=82 /main_board/delete_board
18/11/07 16:50:37.121 022 W1 <U> GUEST 4EA1403956FF98A60AF1AA064FD91F52 null -1 /coreframe-web-5.0.14/curriculum1.4/controller.jspx /main_board/select_board,/main_board/select_board
18/11/07 16:50:37.691 018 W1 <U> GUEST 4EA1403956FF98A60AF1AA064FD91F52 null -1 /coreframe-web-5.0.14/curriculum1.4/controller.jspx?cmd=contents&bId=81 /main_board/select_board
18/11/07 16:50:39.859 017 W1 <U> GUEST 4EA1403956FF98A60AF1AA064FD91F52 null -1 /coreframe-web-5.0.14/curriculum1.4/controller.jspx?cmd=deleteContents&bId=81 /main_board/delete_board
18/11/07 16:50:40.017 023 W1 <U> GUEST 4EA1403956FF98A60AF1AA064FD91F52 null -1 /coreframe-web-5.0.14/curriculum1.4/controller.jspx /main_board/select_board,/main_board/select_board
18/11/07 16:50:40.726 021 W1 <U> GUEST 4EA1403956FF98A60AF1AA064FD91F52 null -1 /coreframe-web-5.0.14/curriculum1.4/controller.jspx?cmd=contents&bId=80 /main_board/select_board
18/11/07 16:50:41.400 017 W1 <U> GUEST 4EA1403956FF98A60AF1AA064FD91F52 null -1 /coreframe-web-5.0.14/curriculum1.4/controller.jspx?cmd=deleteContents&bId=80 /main_board/delete_board
18/11/07 16:50:41.521 016 W1 <U> GUEST 4EA1403956FF98A60AF1AA064FD91F52 null -1 /coreframe-web-5.0.14/curriculum1.4/controller.jspx /main_board/select_board,/main_board/select_board
18/11/07 16:50:42.269 020 W1 <U> GUEST 4EA1403956FF98A60AF1AA064FD91F52 null -1 /coreframe-web-5.0.14/curriculum1.4/controller.jspx?cmd=contents&bId=83 /main_board/select_board
18/11/07 16:50:43.034 020 W1 <U> GUEST 4EA1403956FF98A60AF1AA064FD91F52 null -1 /coreframe-web-5.0.14/curriculum1.4/controller.jspx?cmd=deleteContents&bId=83 /main_board/delete_board
18/11/07 16:50:43.153 023 W1 <U> GUEST 4EA1403956FF98A60AF1AA064FD91F52 null -1 /coreframe-web-5.0.14/curriculum1.4/controller.jspx /main_board/select_board,/main_board/select_board
18/11/07 16:50:43.771 016 W1 <U> GUEST 4EA1403956FF98A60AF1AA064FD91F52 null -1 /coreframe-web-5.0.14/curriculum1.4/controller.jspx?cmd=contents&bId=76 /main_board/select_board
18/11/07 16:50:44.488 023 W1 <U> GUEST 4EA1403956FF98A60AF1AA064FD91F52 null -1 /coreframe-web-5.0.14/curriculum1.4/controller.jspx?cmd=deleteContents&bId=76 /main_board/delete_board
18/11/07 16:50:44.594 020 W1 <U> GUEST 4EA1403956FF98A60AF1AA064FD91F52 null -1 /coreframe-web-5.0.14/curriculum1.4/controller.jspx /main_board/select_board,/main_board/select_board
18/11/07 16:50:45.470 017 W1 <U> GUEST 4EA1403956FF98A60AF1AA064FD91F52 null -1 /coreframe-web-5.0.14/curriculum1.4/controller.jspx?cmd=contents&bId=64 /main_board/select_board
18/11/07 16:50:46.143 020 W1 <U> GUEST 4EA1403956FF98A60AF1AA064FD91F52 null -1 /coreframe-web-5.0.14/curriculum1.4/controller.jspx?cmd=deleteContents&bId=64 /main_board/delete_board
18/11/07 16:50:46.203 023 W1 <U> GUEST 4EA1403956FF98A60AF1AA064FD91F52 null -1 /coreframe-web-5.0.14/curriculum1.4/controller.jspx /main_board/select_board,/main_board/select_board
18/11/07 16:50:47.413 019 W1 <U> GUEST 4EA1403956FF98A60AF1AA064FD91F52 null -1 /coreframe-web-5.0.14/curriculum1.4/controller.jspx?cmd=contents&bId=78 /main_board/select_board
18/11/07 16:50:48.145 016 W1 <U> GUEST 4EA1403956FF98A60AF1AA064FD91F52 null -1 /coreframe-web-5.0.14/curriculum1.4/controller.jspx?cmd=deleteContents&bId=78 /main_board/delete_board
18/11/07 16:50:48.224 017 W1 <U> GUEST 4EA1403956FF98A60AF1AA064FD91F52 null -1 /coreframe-web-5.0.14/curriculum1.4/controller.jspx /main_board/select_board,/main_board/select_board
18/11/07 16:50:48.928 016 W1 <U> GUEST 4EA1403956FF98A60AF1AA064FD91F52 null -1 /coreframe-web-5.0.14/curriculum1.4/controller.jspx?cmd=contents&bId=121 /main_board/select_board
18/11/07 16:50:49.749 023 W1 <U> GUEST 4EA1403956FF98A60AF1AA064FD91F52 null -1 /coreframe-web-5.0.14/curriculum1.4/controller.jspx?cmd=viewReplyContents&bId=121 /main_board/select_board
18/11/07 16:50:51.132 021 W1 <U> GUEST 4EA1403956FF98A60AF1AA064FD91F52 null -1 /coreframe-web-5.0.14/curriculum1.4/controller.jspx?cmd=replyContents /main_board/reply_board
18/11/07 16:50:51.207 021 W1 <U> GUEST 4EA1403956FF98A60AF1AA064FD91F52 null -1 /coreframe-web-5.0.14/curriculum1.4/controller.jspx /main_board/select_board,/main_board/select_board
18/11/07 16:51:14.594 020 W1 <U> GUEST 4EA1403956FF98A60AF1AA064FD91F52 null -1 /coreframe-web-5.0.14/curriculum1.4/controller.jspx /main_board/select_board,/main_board/select_board
18/11/07 16:51:24.408 020 W1 <U> GUEST 4EA1403956FF98A60AF1AA064FD91F52 null -1 /coreframe-web-5.0.14/curriculum1.4/controller.jspx /main_board/select_board,/main_board/select_board
18/11/07 16:51:27.838 018 W1 <U> GUEST 4EA1403956FF98A60AF1AA064FD91F52 null -1 /coreframe-web-5.0.14/curriculum1.4/controller.jspx?cmd=contents&bId=171 /main_board/select_board
18/11/07 16:51:30.245 020 W1 <U> GUEST 4EA1403956FF98A60AF1AA064FD91F52 null -1 /coreframe-web-5.0.14/curriculum1.4/controller.jspx?cmd=viewReplyContents&bId=171 /main_board/select_board
18/11/07 16:51:31.128 020 W1 <U> GUEST 4EA1403956FF98A60AF1AA064FD91F52 null -1 /coreframe-web-5.0.14/curriculum1.4/controller.jspx?cmd=replyContents /main_board/reply_board
18/11/07 16:51:31.329 018 W1 <U> GUEST 4EA1403956FF98A60AF1AA064FD91F52 null -1 /coreframe-web-5.0.14/curriculum1.4/controller.jspx /main_board/select_board,/main_board/select_board
18/11/07 16:54:57.619 022 W1 <U> GUEST 4EA1403956FF98A60AF1AA064FD91F52 null -1 /coreframe-web-5.0.14/curriculum1.4/controller.jspx /main_board/select_board,/main_board/select_board
18/11/07 16:56:36.483 018 W1 <U> GUEST 4EA1403956FF98A60AF1AA064FD91F52 null -1 /coreframe-web-5.0.14/curriculum1.4/controller.jspx /main_board/select_board,/main_board/select_board
18/11/07 16:56:58.725 019 W1 <U> GUEST 4EA1403956FF98A60AF1AA064FD91F52 null -1 /coreframe-web-5.0.14/curriculum1.4/controller.jspx /main_board/select_board,/main_board/select_board
18/11/07 16:57:01.287 022 W1 <U> GUEST 4EA1403956FF98A60AF1AA064FD91F52 null -1 /coreframe-web-5.0.14/curriculum1.4/controller.jspx /main_board/select_board,/main_board/select_board
18/11/07 16:57:11.807 021 W1 <U> GUEST 4EA1403956FF98A60AF1AA064FD91F52 null -1 /coreframe-web-5.0.14/curriculum1.4/controller.jspx /main_board/select_board,/main_board/select_board
18/11/07 16:58:29.502 023 W1 <U> GUEST 4EA1403956FF98A60AF1AA064FD91F52 null -1 /coreframe-web-5.0.14/curriculum1.4/controller.jspx /main_board/select_board
18/11/07 16:58:35.722 022 W1 <U> GUEST 4EA1403956FF98A60AF1AA064FD91F52 null -1 /coreframe-web-5.0.14/curriculum1.4/controller.jspx /main_board/select_board
18/11/07 16:58:43.902 023 W1 <U> GUEST 4EA1403956FF98A60AF1AA064FD91F52 null -1 /coreframe-web-5.0.14/curriculum1.4/controller.jspx /main_board/select_board,/main_board/select_board
18/11/07 16:59:10.992 018 W1 <U> GUEST 4EA1403956FF98A60AF1AA064FD91F52 null -1 /coreframe-web-5.0.14/curriculum1.4/controller.jspx /main_board/select_board,/main_board/select_board
18/11/07 16:59:23.199 023 W1 <U> GUEST 4EA1403956FF98A60AF1AA064FD91F52 null -1 /coreframe-web-5.0.14/curriculum1.4/controller.jspx /main_board/select_board,/main_board/select_board
18/11/07 16:59:30.372 016 W1 <U> GUEST 4EA1403956FF98A60AF1AA064FD91F52 null -1 /coreframe-web-5.0.14/curriculum1.4/controller.jspx /main_board/select_board,/main_board/select_board
18/11/07 16:59:38.566 019 W1 <U> GUEST 4EA1403956FF98A60AF1AA064FD91F52 null -1 /coreframe-web-5.0.14/curriculum1.4/controller.jspx /main_board/select_board
18/11/07 16:59:38.617 021 W1 <U> GUEST 4EA1403956FF98A60AF1AA064FD91F52 null -1 /coreframe-web-5.0.14/curriculum1.4/controller.jspx /main_board/select_board
18/11/07 16:59:38.724 020 W1 <U> GUEST 4EA1403956FF98A60AF1AA064FD91F52 null -1 /coreframe-web-5.0.14/curriculum1.4/controller.jspx /main_board/select_board
18/11/07 16:59:38.851 022 W1 <U> GUEST 4EA1403956FF98A60AF1AA064FD91F52 null -1 /coreframe-web-5.0.14/curriculum1.4/controller.jspx /main_board/select_board
18/11/07 16:59:49.162 022 W1 <U> GUEST 4EA1403956FF98A60AF1AA064FD91F52 null -1 /coreframe-web-5.0.14/curriculum1.4/controller.jspx /main_board/select_board
18/11/07 16:59:55.376 020 W1 <U> GUEST 4EA1403956FF98A60AF1AA064FD91F52 null -1 /coreframe-web-5.0.14/curriculum1.4/controller.jspx /main_board/select_board,/main_board/select_board
18/11/07 17:00:02.843 023 W1 <U> GUEST 4EA1403956FF98A60AF1AA064FD91F52 null -1 /coreframe-web-5.0.14/curriculum1.4/controller.jspx?cmd=contents&bId=172 /main_board/select_board
18/11/07 17:00:05.509 023 W1 <U> GUEST 4EA1403956FF98A60AF1AA064FD91F52 null -1 /coreframe-web-5.0.14/curriculum1.4/controller.jspx?cmd=contents&bId=172 /main_board/select_board
18/11/07 17:00:07.793 021 W1 <U> GUEST 4EA1403956FF98A60AF1AA064FD91F52 null -1 /coreframe-web-5.0.14/curriculum1.4/controller.jspx /main_board/select_board,/main_board/select_board
18/11/07 17:00:26.597 023 W1 <U> GUEST 4EA1403956FF98A60AF1AA064FD91F52 null -1 /coreframe-web-5.0.14/curriculum1.4/controller.jspx?cmd=contents&bId=171 /main_board/select_board
18/11/07 17:00:27.931 020 W1 <U> GUEST 4EA1403956FF98A60AF1AA064FD91F52 null -1 /coreframe-web-5.0.14/curriculum1.4/controller.jspx?cmd=viewReplyContents&bId=171 /main_board/select_board
18/11/07 17:00:28.724 018 W1 <U> GUEST 4EA1403956FF98A60AF1AA064FD91F52 null -1 /coreframe-web-5.0.14/curriculum1.4/controller.jspx?cmd=replyContents /main_board/reply_board
18/11/07 17:00:28.782 023 W1 <U> GUEST 4EA1403956FF98A60AF1AA064FD91F52 null -1 /coreframe-web-5.0.14/curriculum1.4/controller.jspx /main_board/select_board,/main_board/select_board
18/11/07 17:01:18.163 023 W1 <U> GUEST 4EA1403956FF98A60AF1AA064FD91F52 null -1 /coreframe-web-5.0.14/curriculum1.4/controller.jspx?cmd=contents&bId=171 /main_board/select_board
18/11/07 17:01:19.848 016 W1 <U> GUEST 4EA1403956FF98A60AF1AA064FD91F52 null -1 /coreframe-web-5.0.14/curriculum1.4/controller.jspx?cmd=deleteContents&bId=171 /main_board/delete_board
18/11/07 17:01:19.994 020 W1 <U> GUEST 4EA1403956FF98A60AF1AA064FD91F52 null -1 /coreframe-web-5.0.14/curriculum1.4/controller.jspx /main_board/select_board,/main_board/select_board
18/11/07 17:01:20.796 017 W1 <U> GUEST 4EA1403956FF98A60AF1AA064FD91F52 null -1 /coreframe-web-5.0.14/curriculum1.4/controller.jspx?cmd=contents&bId=172 /main_board/select_board
18/11/07 17:01:21.519 019 W1 <U> GUEST 4EA1403956FF98A60AF1AA064FD91F52 null -1 /coreframe-web-5.0.14/curriculum1.4/controller.jspx?cmd=deleteContents&bId=172 /main_board/delete_board
18/11/07 17:01:21.604 017 W1 <U> GUEST 4EA1403956FF98A60AF1AA064FD91F52 null -1 /coreframe-web-5.0.14/curriculum1.4/controller.jspx /main_board/select_board,/main_board/select_board
18/11/07 17:01:22.389 023 W1 <U> GUEST 4EA1403956FF98A60AF1AA064FD91F52 null -1 /coreframe-web-5.0.14/curriculum1.4/controller.jspx?cmd=contents&bId=173 /main_board/select_board
18/11/07 17:01:23.145 020 W1 <U> GUEST 4EA1403956FF98A60AF1AA064FD91F52 null -1 /coreframe-web-5.0.14/curriculum1.4/controller.jspx?cmd=deleteContents&bId=173 /main_board/delete_board
18/11/07 17:01:23.199 020 W1 <U> GUEST 4EA1403956FF98A60AF1AA064FD91F52 null -1 /coreframe-web-5.0.14/curriculum1.4/controller.jspx /main_board/select_board,/main_board/select_board
18/11/07 17:01:23.925 018 W1 <U> GUEST 4EA1403956FF98A60AF1AA064FD91F52 null -1 /coreframe-web-5.0.14/curriculum1.4/controller.jspx?cmd=contents&bId=174 /main_board/select_board
18/11/07 17:01:24.813 023 W1 <U> GUEST 4EA1403956FF98A60AF1AA064FD91F52 null -1 /coreframe-web-5.0.14/curriculum1.4/controller.jspx?cmd=deleteContents&bId=174 /main_board/delete_board
18/11/07 17:01:24.877 023 W1 <U> GUEST 4EA1403956FF98A60AF1AA064FD91F52 null -1 /coreframe-web-5.0.14/curriculum1.4/controller.jspx /main_board/select_board,/main_board/select_board
18/11/07 17:01:25.863 022 W1 <U> GUEST 4EA1403956FF98A60AF1AA064FD91F52 null -1 /coreframe-web-5.0.14/curriculum1.4/controller.jspx?cmd=contents&bId=175 /main_board/select_board
18/11/07 17:01:26.682 018 W1 <U> GUEST 4EA1403956FF98A60AF1AA064FD91F52 null -1 /coreframe-web-5.0.14/curriculum1.4/controller.jspx?cmd=deleteContents&bId=175 /main_board/delete_board
18/11/07 17:01:26.753 016 W1 <U> GUEST 4EA1403956FF98A60AF1AA064FD91F52 null -1 /coreframe-web-5.0.14/curriculum1.4/controller.jspx /main_board/select_board,/main_board/select_board
18/11/07 17:01:31.172 020 W1 <U> GUEST 4EA1403956FF98A60AF1AA064FD91F52 null -1 /coreframe-web-5.0.14/curriculum1.4/write_view.jsp NO-BLD
18/11/07 17:01:38.492 016 W1 <U> GUEST 4EA1403956FF98A60AF1AA064FD91F52 null -1 /coreframe-web-5.0.14/curriculum1.4/controller.jspx?cmd=writeContents /main_board/insert_board
18/11/07 17:01:38.544 016 W1 <U> GUEST 4EA1403956FF98A60AF1AA064FD91F52 null -1 /coreframe-web-5.0.14/curriculum1.4/controller.jspx /main_board/select_board,/main_board/select_board
18/11/07 17:01:39.622 021 W1 <U> GUEST 4EA1403956FF98A60AF1AA064FD91F52 null -1 /coreframe-web-5.0.14/curriculum1.4/controller.jspx?cmd=contents&bId=176 /main_board/select_board
18/11/07 17:01:40.590 020 W1 <U> GUEST 4EA1403956FF98A60AF1AA064FD91F52 null -1 /coreframe-web-5.0.14/curriculum1.4/controller.jspx?cmd=viewReplyContents&bId=176 /main_board/select_board
18/11/07 17:01:43.811 016 W1 <U> GUEST 4EA1403956FF98A60AF1AA064FD91F52 null -1 /coreframe-web-5.0.14/curriculum1.4/controller.jspx?cmd=replyContents /main_board/reply_board
18/11/07 17:01:43.873 017 W1 <U> GUEST 4EA1403956FF98A60AF1AA064FD91F52 null -1 /coreframe-web-5.0.14/curriculum1.4/controller.jspx /main_board/select_board,/main_board/select_board
18/11/07 17:01:48.737 022 W1 <U> GUEST 4EA1403956FF98A60AF1AA064FD91F52 null -1 /coreframe-web-5.0.14/curriculum1.4/controller.jspx?cmd=contents&bId=176 /main_board/select_board
18/11/07 17:01:52.539 017 W1 <U> GUEST 4EA1403956FF98A60AF1AA064FD91F52 null -1 /coreframe-web-5.0.14/curriculum1.4/controller.jspx?cmd=viewReplyContents&bId=176 /main_board/select_board
18/11/07 17:01:56.851 020 W1 <U> GUEST 4EA1403956FF98A60AF1AA064FD91F52 null -1 /coreframe-web-5.0.14/curriculum1.4/controller.jspx?cmd=replyContents /main_board/reply_board
18/11/07 17:01:56.917 022 W1 <U> GUEST 4EA1403956FF98A60AF1AA064FD91F52 null -1 /coreframe-web-5.0.14/curriculum1.4/controller.jspx /main_board/select_board,/main_board/select_board
18/11/07 17:01:59.142 021 W1 <U> GUEST 4EA1403956FF98A60AF1AA064FD91F52 null -1 /coreframe-web-5.0.14/curriculum1.4/controller.jspx?cmd=contents&bId=177 /main_board/select_board
18/11/07 17:02:02.634 018 W1 <U> GUEST 4EA1403956FF98A60AF1AA064FD91F52 null -1 /coreframe-web-5.0.14/curriculum1.4/controller.jspx?cmd=modifyContents&bId=177 /main_board/modify_board
18/11/07 17:02:02.687 023 W1 <U> GUEST 4EA1403956FF98A60AF1AA064FD91F52 null -1 /coreframe-web-5.0.14/curriculum1.4/controller.jspx /main_board/select_board,/main_board/select_board
18/11/07 17:02:04.367 022 W1 <U> GUEST 4EA1403956FF98A60AF1AA064FD91F52 null -1 /coreframe-web-5.0.14/curriculum1.4/controller.jspx?cmd=contents&bId=177 /main_board/select_board
18/11/07 17:02:05.179 018 W1 <U> GUEST 4EA1403956FF98A60AF1AA064FD91F52 null -1 /coreframe-web-5.0.14/curriculum1.4/controller.jspx?cmd=viewReplyContents&bId=177 /main_board/select_board
18/11/07 17:02:07.792 018 W1 <U> GUEST 4EA1403956FF98A60AF1AA064FD91F52 null -1 /coreframe-web-5.0.14/curriculum1.4/controller.jspx?cmd=replyContents /main_board/reply_board
18/11/07 17:02:07.849 016 W1 <U> GUEST 4EA1403956FF98A60AF1AA064FD91F52 null -1 /coreframe-web-5.0.14/curriculum1.4/controller.jspx /main_board/select_board,/main_board/select_board
18/11/07 17:02:30.348 022 W1 <U> GUEST 4EA1403956FF98A60AF1AA064FD91F52 null -1 /coreframe-web-5.0.14/curriculum1.4/controller.jspx /main_board/select_board,/main_board/select_board
18/11/07 17:05:09.554 020 W1 <U> GUEST 4EA1403956FF98A60AF1AA064FD91F52 null -1 /coreframe-web-5.0.14/curriculum1.4/list.do?page=undefined&keyWord=%3C%=keyWord%%3E&keyField=%3C%=keyField%%3E NO-BLD
18/11/07 17:09:30.154 016 W1 <U> GUEST 4EA1403956FF98A60AF1AA064FD91F52 null -1 /coreframe-web-5.0.14/curriculum1.4/write_view.jsp NO-BLD
18/11/07 17:09:35.973 017 W1 <U> GUEST 4EA1403956FF98A60AF1AA064FD91F52 null -1 /coreframe-web-5.0.14/curriculum1.4/controller.jspx?cmd=writeContents /main_board/insert_board
18/11/07 17:09:36.143 023 W1 <U> GUEST 4EA1403956FF98A60AF1AA064FD91F52 null -1 /coreframe-web-5.0.14/curriculum1.4/controller.jspx /main_board/select_board,/main_board/select_board
18/11/07 17:09:50.815 017 W1 <U> GUEST 4EA1403956FF98A60AF1AA064FD91F52 null -1 /coreframe-web-5.0.14/curriculum1.4/write_view.jsp NO-BLD
18/11/07 17:09:52.974 017 W1 <U> GUEST 4EA1403956FF98A60AF1AA064FD91F52 null -1 /coreframe-web-5.0.14/curriculum1.4/controller.jspx /main_board/select_board,/main_board/select_board
18/11/07 17:09:54.139 020 W1 <U> GUEST 4EA1403956FF98A60AF1AA064FD91F52 null -1 /coreframe-web-5.0.14/curriculum1.4/controller.jspx?cmd=contents&bId=180 /main_board/select_board
18/11/07 17:18:17.275 018 W1 <U> GUEST 4EA1403956FF98A60AF1AA064FD91F52 null -1 /coreframe-web-5.0.14/curriculum1.4/controller.jspx?cmd=board /main_board/select_board,/main_board/select_board
18/11/07 17:18:17.313 017 W1 <U> GUEST 4EA1403956FF98A60AF1AA064FD91F52 null -1 /coreframe-web-5.0.14/curriculum1.4/js/myscript.js NO-BLD
18/11/07 17:18:21.503 020 W1 <U> GUEST 4EA1403956FF98A60AF1AA064FD91F52 null -1 /coreframe-web-5.0.14/curriculum1.4/controller.jspx?cmd=board&keyWord=123&keyField=bTitle /main_board/select_board,/main_board/select_board
18/11/07 17:18:27.921 018 W1 <U> GUEST 4EA1403956FF98A60AF1AA064FD91F52 null -1 /coreframe-web-5.0.14/curriculum1.4/controller.jspx?cmd=board&keyWord=123&keyField=bTitle /main_board/select_board,/main_board/select_board
18/11/07 17:18:35.278 023 W1 <U> GUEST 4EA1403956FF98A60AF1AA064FD91F52 null -1 /coreframe-web-5.0.14/curriculum1.4/controller.jspx?cmd=board&keyWord=123&keyField=bContent /main_board/select_board,/main_board/select_board
18/11/07 17:18:38.298 023 W1 <U> GUEST 4EA1403956FF98A60AF1AA064FD91F52 null -1 /coreframe-web-5.0.14/curriculum1.4/controller.jspx?cmd=board&keyWord=123&keyField=bName /main_board/select_board,/main_board/select_board
18/11/07 17:23:19.893 023 W1 <U> GUEST 4EA1403956FF98A60AF1AA064FD91F52 null -1 /coreframe-web-5.0.14/curriculum1.4/controller.jspx?cmd=board&keyWord=123&keyField=bName /main_board/select_board,/main_board/select_board
18/11/07 17:23:19.995 018 W1 <U> GUEST 4EA1403956FF98A60AF1AA064FD91F52 null -1 /coreframe-web-5.0.14/curriculum1.4/controller.jspx?cmd=board&keyWord=123&keyField=bName /main_board/select_board,/main_board/select_board
18/11/07 17:23:31.420 016 W1 <U> GUEST 4EA1403956FF98A60AF1AA064FD91F52 null -1 /coreframe-web-5.0.14/curriculum1.4/write_view.jsp NO-BLD
18/11/07 17:23:36.936 017 W1 <U> GUEST 4EA1403956FF98A60AF1AA064FD91F52 null -1 /coreframe-web-5.0.14/curriculum1.4/controller.jspx?cmd=writeContents /main_board/insert_board
18/11/07 17:23:37.032 018 W1 <U> GUEST 4EA1403956FF98A60AF1AA064FD91F52 null -1 /coreframe-web-5.0.14/curriculum1.4/controller.jspx /main_board/select_board,/main_board/select_board
18/11/07 17:36:22.693 018 W1 <U> GUEST 4EA1403956FF98A60AF1AA064FD91F52 null -1 /coreframe-web-5.0.14/curriculum1.4/list.jsp NO-BLD
18/11/07 17:36:27.852 020 W1 <U> GUEST 4EA1403956FF98A60AF1AA064FD91F52 null -1 /coreframe-web-5.0.14/curriculum1.4/controller.jspx /main_board/select_board,/main_board/select_board
18/11/07 17:51:51.088 019 W1 <U> GUEST 4EA1403956FF98A60AF1AA064FD91F52 null -1 /coreframe-web-5.0.14/curriculum1.4/controller.jspx?cmd=board /main_board/select_board,/main_board/select_board
18/11/07 17:51:54.276 020 W1 <U> GUEST 4EA1403956FF98A60AF1AA064FD91F52 null -1 /coreframe-web-5.0.14/curriculum1.4/controller.jspx?cmd=board&keyWord=123&keyField=bTitle /main_board/select_board,/main_board/select_board
18/11/07 17:52:09.320 017 W1 <U> GUEST 4EA1403956FF98A60AF1AA064FD91F52 null -1 /coreframe-web-5.0.14/curriculum1.4/controller.jspx?cmd=board&keyWord=df&keyField=bName /main_board/select_board,/main_board/select_board
18/11/07 17:52:18.999 016 W1 <U> GUEST 4EA1403956FF98A60AF1AA064FD91F52 null -1 /coreframe-web-5.0.14/curriculum1.4/write_view.jsp NO-BLD
18/11/07 17:52:20.456 016 W1 <U> GUEST 4EA1403956FF98A60AF1AA064FD91F52 null -1 /coreframe-web-5.0.14/curriculum1.4/controller.jspx /main_board/select_board,/main_board/select_board
18/11/07 17:53:00.892 016 W1 <U> GUEST 4EA1403956FF98A60AF1AA064FD91F52 null -1 /coreframe-web-5.0.14/curriculum1.4/controller.jspx?cmd=board&keyWord=11&keyField=bName /main_board/select_board,/main_board/select_board
18/11/07 17:53:02.467 022 W1 <U> GUEST 4EA1403956FF98A60AF1AA064FD91F52 null -1 /coreframe-web-5.0.14/curriculum1.4/write_view.jsp NO-BLD
18/11/07 17:53:03.487 023 W1 <U> GUEST 4EA1403956FF98A60AF1AA064FD91F52 null -1 /coreframe-web-5.0.14/curriculum1.4/controller.jspx /main_board/select_board,/main_board/select_board
18/11/07 17:53:39.270 017 W1 <U> GUEST 4EA1403956FF98A60AF1AA064FD91F52 null -1 /coreframe-web-5.0.14/curriculum1.4/controller.jspx?cmd=board&keyWord=df&keyField=bContent /main_board/select_board,/main_board/select_board
18/11/07 17:53:41.325 023 W1 <U> GUEST 4EA1403956FF98A60AF1AA064FD91F52 null -1 /coreframe-web-5.0.14/curriculum1.4/write_view.jsp NO-BLD
18/11/07 17:53:42.133 018 W1 <U> GUEST 4EA1403956FF98A60AF1AA064FD91F52 null -1 /coreframe-web-5.0.14/curriculum1.4/controller.jspx /main_board/select_board,/main_board/select_board
18/11/07 18:01:27.123 022 W1 <U> GUEST 4EA1403956FF98A60AF1AA064FD91F52 null -1 /coreframe-web-5.0.14/curriculum1.4/controller.jspx?cmd=contents&bId=176 /main_board/select_board
18/11/07 18:11:05.836 020 W1 <U> GUEST 4EA1403956FF98A60AF1AA064FD91F52 null -1 /coreframe-web-5.0.14/curriculum1.4/controller.jspx /main_board/select_board
18/11/07 18:11:32.165 017 W1 <U> GUEST 4EA1403956FF98A60AF1AA064FD91F52 null -1 /coreframe-web-5.0.14/curriculum1.4/controller.jspx /main_board/select_board
18/11/07 18:12:37.653 016 W1 <U> GUEST 4EA1403956FF98A60AF1AA064FD91F52 null -1 /coreframe-web-5.0.14/curriculum1.4/controller.jspx /main_board/select_board
18/11/07 18:12:54.027 019 W1 <U> GUEST 4EA1403956FF98A60AF1AA064FD91F52 null -1 /coreframe-web-5.0.14/curriculum1.4/controller.jspx /main_board/select_board
18/11/07 18:13:02.806 018 W1 <U> GUEST 4EA1403956FF98A60AF1AA064FD91F52 null -1 /coreframe-web-5.0.14/curriculum1.4/controller.jspx /main_board/select_board
18/11/07 18:16:28.061 018 W1 <U> GUEST 4EA1403956FF98A60AF1AA064FD91F52 null -1 /coreframe-web-5.0.14/curriculum1.4/controller.jspx /main_board/select_board
18/11/07 18:16:35.153 018 W1 <U> GUEST 4EA1403956FF98A60AF1AA064FD91F52 null -1 /coreframe-web-5.0.14/curriculum1.4/controller.jspx /main_board/select_board
18/11/07 18:16:59.009 016 W1 <U> GUEST 4EA1403956FF98A60AF1AA064FD91F52 null -1 /coreframe-web-5.0.14/curriculum1.4/controller.jspx /main_board/select_board
18/11/07 18:17:06.818 018 W1 <U> GUEST 4EA1403956FF98A60AF1AA064FD91F52 null -1 /coreframe-web-5.0.14/curriculum1.4/controller.jspx /main_board/select_board,/main_board/select_board
18/11/07 18:27:41.287 016 W1 <U> GUEST 4EA1403956FF98A60AF1AA064FD91F52 null -1 /coreframe-web-5.0.14/curriculum1.4/controller.jspx /main_board/select_board,/main_board/select_board
18/11/07 18:28:23.884 021 W1 <U> GUEST 4EA1403956FF98A60AF1AA064FD91F52 null -1 /coreframe-web-5.0.14/curriculum1.4/controller.jspx /main_board/select_board,/main_board/select_board
18/11/07 18:28:33.162 020 W1 <U> GUEST 4EA1403956FF98A60AF1AA064FD91F52 null -1 /coreframe-web-5.0.14/curriculum1.4/controller.jspx?cmd=board&keyWord=qwe&keyField=bTitle /main_board/select_board,/main_board/select_board
18/11/07 18:28:35.646 020 W1 <U> GUEST 4EA1403956FF98A60AF1AA064FD91F52 null -1 /coreframe-web-5.0.14/curriculum1.4/write_view.jsp NO-BLD
18/11/07 18:28:36.472 023 W1 <U> GUEST 4EA1403956FF98A60AF1AA064FD91F52 null -1 /coreframe-web-5.0.14/curriculum1.4/controller.jspx /main_board/select_board,/main_board/select_board
18/11/07 18:30:29.975 020 W1 <U> GUEST 4EA1403956FF98A60AF1AA064FD91F52 null -1 /coreframe-web-5.0.14/curriculum1.4/controller.jspx /main_board/select_board,/main_board/select_board
18/11/07 18:32:03.582 020 W1 <U> GUEST 4EA1403956FF98A60AF1AA064FD91F52 null -1 /coreframe-web-5.0.14/curriculum1.4/controller.jspx?cmd=contents&bId=181 /main_board/select_board
18/11/07 18:32:06.147 021 W1 <U> GUEST 4EA1403956FF98A60AF1AA064FD91F52 null -1 /coreframe-web-5.0.14/curriculum1.4/controller.jspx?cmd=contents&bId=178 /main_board/select_board
18/11/07 18:32:08.592 018 W1 <U> GUEST 4EA1403956FF98A60AF1AA064FD91F52 null -1 /coreframe-web-5.0.14/curriculum1.4/controller.jspx?cmd=contents&bId=30 /main_board/select_board
18/11/07 18:32:09.684 022 W1 <U> GUEST 4EA1403956FF98A60AF1AA064FD91F52 null -1 /coreframe-web-5.0.14/curriculum1.4/controller.jspx?cmd=downloadFile&bFile=bullet012.png NO-BLD
18/11/07 18:32:10.159 018 W1 <U> GUEST 4EA1403956FF98A60AF1AA064FD91F52 null -1 /coreframe-web-5.0.14/curriculum1.4/controller.jspx?cmd=downloadFile&bFile=bullet012.png NO-BLD
18/11/07 18:32:16.463 016 W1 <U> GUEST 4EA1403956FF98A60AF1AA064FD91F52 null -1 /coreframe-web-5.0.14/curriculum1.4/controller.jspx /main_board/select_board,/main_board/select_board
18/11/07 18:32:17.894 019 W1 <U> GUEST 4EA1403956FF98A60AF1AA064FD91F52 null -1 /coreframe-web-5.0.14/curriculum1.4/write_view.jsp NO-BLD
18/11/07 18:32:23.491 022 W1 <U> GUEST 4EA1403956FF98A60AF1AA064FD91F52 null -1 /coreframe-web-5.0.14/curriculum1.4/controller.jspx?cmd=writeContents /main_board/insert_board
18/11/07 18:32:23.768 017 W1 <U> GUEST 4EA1403956FF98A60AF1AA064FD91F52 null -1 /coreframe-web-5.0.14/curriculum1.4/controller.jspx /main_board/select_board,/main_board/select_board
18/11/07 18:32:25.775 016 W1 <U> GUEST 4EA1403956FF98A60AF1AA064FD91F52 null -1 /coreframe-web-5.0.14/curriculum1.4/controller.jspx?cmd=contents&bId=182 /main_board/select_board
18/11/07 18:32:26.818 016 W1 <U> GUEST 4EA1403956FF98A60AF1AA064FD91F52 null -1 /coreframe-web-5.0.14/curriculum1.4/controller.jspx?cmd=downloadFile&bFile=%EB%8F%8B%EB%B3%B4%EA%B8%B0_%EA%B2%80%EC%A0%957.png NO-BLD
18/11/07 18:32:40.210 023 W1 <U> GUEST 4EA1403956FF98A60AF1AA064FD91F52 null -1 /coreframe-web-5.0.14/curriculum1.4/controller.jspx?cmd=downloadFile&bFile=%EB%8F%8B%EB%B3%B4%EA%B8%B0_%EA%B2%80%EC%A0%957.png NO-BLD
18/11/07 18:32:47.768 020 W1 <U> GUEST 4EA1403956FF98A60AF1AA064FD91F52 null -1 /coreframe-web-5.0.14/curriculum1.4/controller.jspx?cmd=contents&bId=32 /main_board/select_board
18/11/07 18:32:50.302 023 W1 <U> GUEST 4EA1403956FF98A60AF1AA064FD91F52 null -1 /coreframe-web-5.0.14/curriculum1.4/controller.jspx?cmd=contents&bId=177 /main_board/select_board
18/11/07 18:32:52.169 023 W1 <U> GUEST 4EA1403956FF98A60AF1AA064FD91F52 null -1 /coreframe-web-5.0.14/curriculum1.4/controller.jspx?cmd=contents&bId=176 /main_board/select_board
18/11/07 18:32:54.165 020 W1 <U> GUEST 4EA1403956FF98A60AF1AA064FD91F52 null -1 /coreframe-web-5.0.14/curriculum1.4/controller.jspx?cmd=contents&bId=179 /main_board/select_board
18/11/07 18:32:56.715 019 W1 <U> GUEST 4EA1403956FF98A60AF1AA064FD91F52 null -1 /coreframe-web-5.0.14/curriculum1.4/controller.jspx?cmd=contents&bId=180 /main_board/select_board
18/11/07 18:32:57.622 019 W1 <U> GUEST 4EA1403956FF98A60AF1AA064FD91F52 null -1 /coreframe-web-5.0.14/curriculum1.4/controller.jspx?cmd=downloadFile&bFile=%EB%8F%8B%EB%B3%B4%EA%B8%B0_%EA%B2%80%EC%A0%956.png NO-BLD
